#
# A fatal error has been detected by the Java Runtime Environment:
#
#  EXCEPTION_ACCESS_VIOLATION (0xc0000005) at pc=0x000000006e781651, pid=4640, tid=0x0000000000004784
#
# JRE version: Java(TM) SE Runtime Environment (8.0_144-b01) (build 1.8.0_144-b01)
# Java VM: Java HotSpot(TM) 64-Bit Server VM (25.144-b01 mixed mode windows-amd64 compressed oops)
# Problematic frame:
# C  [JavaController.dll+0x1651]
#
# Failed to write core dump. Minidumps are not enabled by default on client versions of Windows
#
# If you would like to submit a bug report, please visit:
#   http://bugreport.java.com/bugreport/crash.jsp
# The crash happened outside the Java Virtual Machine in native code.
# See problematic frame for where to report the bug.
#

---------------  T H R E A D  ---------------

Current thread (0x0000000018d83000):  JavaThread "Thread-0" daemon [_thread_in_native, id=18308, stack(0x0000000019410000,0x0000000019510000)]

siginfo: ExceptionCode=0xc0000005, reading address 0x0000000000000000

Registers:
RAX=0x0000000000000002, RBX=0x0000000000000000, RCX=0x0000000000000300, RDX=0x0000000000000000
RSP=0x000000001950ed50, RBP=0x0000000000000003, RSI=0x0000000018d831f8, RDI=0x0000000018c42650
R8 =0x0000000018d55130, R9 =0x0000000000000000, R10=0x0000000000000080, R11=0x0000000018d55130
R12=0x0000000000000000, R13=0x0000000016d04618, R14=0x000000001950eea8, R15=0x0000000018d83000
RIP=0x000000006e781651, EFLAGS=0x0000000000010206

Top of Stack: (sp=0x000000001950ed50)
0x000000001950ed50:   0000000000000003 0000000018d831f8
0x000000001950ed60:   0000000000000000 0000000016d04618
0x000000001950ed70:   0000000018d808b0 000000001950edc0
0x000000001950ed80:   0000000000000000 0000000018d831f8
0x000000001950ed90:   000000001950ee78 000000006e787415
0x000000001950eda0:   0000000019224310 0000000018d83000
0x000000001950edb0:   0000000016d04618 0000000018d83000
0x000000001950edc0:   000000001950edd0 000000000000000a
0x000000001950edd0:   6365564653746567 0000000018006633
0x000000001950ede0:   0000000016d04618 00000000d5dedec0
0x000000001950edf0:   0000000100011570 0000000002737f74
0x000000001950ee00:   0000000100011570 0000000002737ceb
0x000000001950ee10:   0000000018d83000 0000000016d04618
0x000000001950ee20:   00000000d5dedec0 0000000018d83000
0x000000001950ee30:   0000000002737ca2 000000001950ee38
0x000000001950ee40:   0000000016d04618 000000001950eea8 

Instructions: (pc=0x000000006e781651)
0x000000006e781631:   48 89 fa 48 89 f1 ff 90 f0 05 00 00 49 89 c0 48
0x000000006e781641:   85 c0 74 44 85 ed 7e 1f 8d 45 ff ba 00 00 00 00
0x000000006e781651:   f2 0f 10 04 d3 f2 41 0f 11 04 d0 48 89 d1 48 83
0x000000006e781661:   c2 01 48 39 c1 75 e9 48 8b 06 41 b9 00 00 00 00 


Register to memory mapping:

RAX=0x0000000000000002 is an unknown value
RBX=0x0000000000000000 is an unknown value
RCX=0x0000000000000300 is an unknown value
RDX=0x0000000000000000 is an unknown value
RSP=0x000000001950ed50 is pointing into the stack for thread: 0x0000000018d83000
RBP=0x0000000000000003 is an unknown value
RSI=0x0000000018d831f8 is an unknown value
RDI=0x0000000018c42650 is an unknown value
R8 =0x0000000018d55130 is an unknown value
R9 =0x0000000000000000 is an unknown value
R10=0x0000000000000080 is an unknown value
R11=0x0000000018d55130 is an unknown value
R12=0x0000000000000000 is an unknown value
R13={method} {0x0000000016d04620} 'Field_getSFVec3f' '(JLcom/cyberbotics/webots/controller/Field;)[D' in 'com/cyberbotics/webots/controller/wrapperJNI'
R14=0x000000001950eea8 is pointing into the stack for thread: 0x0000000018d83000
R15=0x0000000018d83000 is a thread


Stack: [0x0000000019410000,0x0000000019510000],  sp=0x000000001950ed50,  free space=1019k
Native frames: (J=compiled Java code, j=interpreted, Vv=VM code, C=native code)
C  [JavaController.dll+0x1651]
C  [JavaController.dll+0x7415]
C  0x0000000002737f74

Java frames: (J=compiled Java code, j=interpreted, Vv=VM code)
j  com.cyberbotics.webots.controller.wrapperJNI.Field_getSFVec3f(JLcom/cyberbotics/webots/controller/Field;)[D+0
j  com.cyberbotics.webots.controller.Field.getSFVec3f()[D+5
j  GoToFood.takeControl()Z+77
j  lejos.robotics.subsumption.Arbitrator$Monitor.run()V+38
v  ~StubRoutines::call_stub

---------------  P R O C E S S  ---------------

Java Threads: ( => current thread )
=>0x0000000018d83000 JavaThread "Thread-0" daemon [_thread_in_native, id=18308, stack(0x0000000019410000,0x0000000019510000)]
  0x0000000018d25000 JavaThread "pool-1-thread-1" [_thread_blocked, id=2588, stack(0x0000000019310000,0x0000000019410000)]
  0x0000000018c32800 JavaThread "Service Thread" daemon [_thread_blocked, id=10112, stack(0x0000000019010000,0x0000000019110000)]
  0x000000001729d000 JavaThread "C1 CompilerThread2" daemon [_thread_blocked, id=2632, stack(0x0000000018b10000,0x0000000018c10000)]
  0x000000001729a000 JavaThread "C2 CompilerThread1" daemon [_thread_blocked, id=3204, stack(0x0000000018a10000,0x0000000018b10000)]
  0x0000000017291000 JavaThread "C2 CompilerThread0" daemon [_thread_blocked, id=14280, stack(0x0000000018910000,0x0000000018a10000)]
  0x000000001728f000 JavaThread "Attach Listener" daemon [_thread_blocked, id=15200, stack(0x0000000018810000,0x0000000018910000)]
  0x000000001728a000 JavaThread "Signal Dispatcher" daemon [_thread_blocked, id=13816, stack(0x0000000018710000,0x0000000018810000)]
  0x000000001727a800 JavaThread "Finalizer" daemon [_thread_blocked, id=9748, stack(0x0000000018510000,0x0000000018610000)]
  0x00000000026a0800 JavaThread "Reference Handler" daemon [_thread_blocked, id=14864, stack(0x0000000018410000,0x0000000018510000)]
  0x000000000271d800 JavaThread "main" [_thread_in_Java, id=18992, stack(0x0000000002450000,0x0000000002550000)]

Other Threads:
  0x0000000017258000 VMThread [stack: 0x0000000018310000,0x0000000018410000] [id=16532]
  0x0000000018c3d800 WatcherThread [stack: 0x0000000019110000,0x0000000019210000] [id=8312]

VM state:not at safepoint (normal execution)

VM Mutex/Monitor currently owned by a thread: None

Heap:
 PSYoungGen      total 38400K, used 3999K [0x00000000d5c00000, 0x00000000d8680000, 0x0000000100000000)
  eden space 33280K, 12% used [0x00000000d5c00000,0x00000000d5fe7d20,0x00000000d7c80000)
  from space 5120K, 0% used [0x00000000d8180000,0x00000000d8180000,0x00000000d8680000)
  to   space 5120K, 0% used [0x00000000d7c80000,0x00000000d7c80000,0x00000000d8180000)
 ParOldGen       total 87552K, used 0K [0x0000000081400000, 0x0000000086980000, 0x00000000d5c00000)
  object space 87552K, 0% used [0x0000000081400000,0x0000000081400000,0x0000000086980000)
 Metaspace       used 3957K, capacity 4940K, committed 5120K, reserved 1056768K
  class space    used 454K, capacity 500K, committed 512K, reserved 1048576K

Card table byte_map: [0x0000000011ae0000,0x0000000011ee0000] byte_map_base: 0x00000000116d6000

Marking Bits: (ParMarkBitMap*) 0x000000006de3d850
 Begin Bits: [0x0000000012590000, 0x0000000014540000)
 End Bits:   [0x0000000014540000, 0x00000000164f0000)

Polling page: 0x0000000000760000

CodeCache: size=245760Kb used=1285Kb max_used=1295Kb free=244474Kb
 bounds [0x0000000002720000, 0x0000000002990000, 0x0000000011720000]
 total_blobs=380 nmethods=92 adapters=201
 compilation: enabled

Compilation events (10 events):
Event: 8.550 Thread 0x000000001729d000 nmethod 88 0x0000000002860f10 code [0x0000000002861060, 0x0000000002861170]
Event: 8.550 Thread 0x000000001729d000   89       3       java.lang.AbstractStringBuilder::newCapacity (39 bytes)
Event: 8.551 Thread 0x000000001729d000 nmethod 89 0x0000000002860450 code [0x00000000028605e0, 0x00000000028609c8]
Event: 8.552 Thread 0x000000001729d000   90       3       sun.misc.FDBigInteger::mult (64 bytes)
Event: 8.552 Thread 0x000000001729d000 nmethod 90 0x000000000285f390 code [0x000000000285f500, 0x000000000285f790]
Event: 8.552 Thread 0x000000001729d000   91       3       sun.misc.FDBigInteger::<init> (30 bytes)
Event: 8.553 Thread 0x000000001729d000 nmethod 91 0x000000000285ef10 code [0x000000000285f080, 0x000000000285f288]
Event: 8.553 Thread 0x000000001729d000   92       3       sun.misc.FDBigInteger::trimLeadingZeros (57 bytes)
Event: 8.553 Thread 0x0000000017291000 nmethod 87 0x000000000285ebd0 code [0x000000000285ed00, 0x000000000285ee58]
Event: 8.553 Thread 0x000000001729d000 nmethod 92 0x0000000002864050 code [0x00000000028641c0, 0x00000000028644f0]

GC Heap History (0 events):
No events

Deoptimization events (0 events):
No events

Internal exceptions (6 events):
Event: 0.056 Thread 0x000000000271d800 Exception <a 'java/lang/NoSuchMethodError': Method sun.misc.Unsafe.defineClass(Ljava/lang/String;[BII)Ljava/lang/Class; name or signature does not match> (0x00000000d5c07ca8) thrown at [C:\re\workspace\8-2-build-windows-amd64-cygwin\jdk8u144\9417\hotspot\
Event: 0.056 Thread 0x000000000271d800 Exception <a 'java/lang/NoSuchMethodError': Method sun.misc.Unsafe.prefetchRead(Ljava/lang/Object;J)V name or signature does not match> (0x00000000d5c07f90) thrown at [C:\re\workspace\8-2-build-windows-amd64-cygwin\jdk8u144\9417\hotspot\src\share\vm\prims
Event: 0.233 Thread 0x000000000271d800 Exception <a 'java/security/PrivilegedActionException'> (0x00000000d5dba0f0) thrown at [C:\re\workspace\8-2-build-windows-amd64-cygwin\jdk8u144\9417\hotspot\src\share\vm\prims\jvm.cpp, line 1390]
Event: 0.233 Thread 0x000000000271d800 Exception <a 'java/security/PrivilegedActionException'> (0x00000000d5dba4e8) thrown at [C:\re\workspace\8-2-build-windows-amd64-cygwin\jdk8u144\9417\hotspot\src\share\vm\prims\jvm.cpp, line 1390]
Event: 0.234 Thread 0x000000000271d800 Exception <a 'java/security/PrivilegedActionException'> (0x00000000d5dbe340) thrown at [C:\re\workspace\8-2-build-windows-amd64-cygwin\jdk8u144\9417\hotspot\src\share\vm\prims\jvm.cpp, line 1390]
Event: 0.234 Thread 0x000000000271d800 Exception <a 'java/security/PrivilegedActionException'> (0x00000000d5dbe738) thrown at [C:\re\workspace\8-2-build-windows-amd64-cygwin\jdk8u144\9417\hotspot\src\share\vm\prims\jvm.cpp, line 1390]

Events (10 events):
Event: 8.551 loading class sun/misc/FloatingDecimal$BinaryToASCIIBuffer
Event: 8.551 loading class sun/misc/FloatingDecimal$BinaryToASCIIBuffer done
Event: 8.551 loading class sun/misc/FloatingDecimal$1
Event: 8.551 loading class sun/misc/FloatingDecimal$1 done
Event: 8.551 loading class sun/misc/FloatingDecimal$PreparedASCIIToBinaryBuffer
Event: 8.551 loading class sun/misc/FloatingDecimal$ASCIIToBinaryConverter
Event: 8.551 loading class sun/misc/FloatingDecimal$ASCIIToBinaryConverter done
Event: 8.551 loading class sun/misc/FloatingDecimal$PreparedASCIIToBinaryBuffer done
Event: 8.551 loading class sun/misc/FDBigInteger
Event: 8.552 loading class sun/misc/FDBigInteger done


Dynamic libraries:
0x00007ff7cffa0000 - 0x00007ff7cffd7000 	C:\ProgramData\Oracle\Java\javapath\javaw.exe
0x00007fffd0280000 - 0x00007fffd0470000 	C:\WINDOWS\SYSTEM32\ntdll.dll
0x00007fffcf670000 - 0x00007fffcf722000 	C:\WINDOWS\System32\KERNEL32.DLL
0x00007fffce000000 - 0x00007fffce2a3000 	C:\WINDOWS\System32\KERNELBASE.dll
0x00007fffcf520000 - 0x00007fffcf5c3000 	C:\WINDOWS\System32\ADVAPI32.dll
0x00007fffcf5d0000 - 0x00007fffcf66e000 	C:\WINDOWS\System32\msvcrt.dll
0x00007fffce820000 - 0x00007fffce8b7000 	C:\WINDOWS\System32\sechost.dll
0x00007fffcec20000 - 0x00007fffced40000 	C:\WINDOWS\System32\RPCRT4.dll
0x00007fffce8c0000 - 0x00007fffcea54000 	C:\WINDOWS\System32\USER32.dll
0x00007fffcd370000 - 0x00007fffcd391000 	C:\WINDOWS\System32\win32u.dll
0x00007fffd0070000 - 0x00007fffd0096000 	C:\WINDOWS\System32\GDI32.dll
0x00007fffcd3a0000 - 0x00007fffcd534000 	C:\WINDOWS\System32\gdi32full.dll
0x00007fffcd540000 - 0x00007fffcd5de000 	C:\WINDOWS\System32\msvcp_win.dll
0x00007fffcdd60000 - 0x00007fffcde5a000 	C:\WINDOWS\System32\ucrtbase.dll
0x00007fffbee90000 - 0x00007fffbf115000 	C:\WINDOWS\WinSxS\amd64_microsoft.windows.common-controls_6595b64144ccf1df_6.0.18362.476_none_e6c4b11b130f2595\COMCTL32.dll
0x00007fffce4e0000 - 0x00007fffce816000 	C:\WINDOWS\System32\combase.dll
0x00007fffcd2c0000 - 0x00007fffcd340000 	C:\WINDOWS\System32\bcryptPrimitives.dll
0x00007fffcfe20000 - 0x00007fffcfe4e000 	C:\WINDOWS\System32\IMM32.DLL
0x000000006e310000 - 0x000000006e3e2000 	C:\Program Files\Java\jre1.8.0_144\bin\msvcr100.dll
0x000000006d620000 - 0x000000006debd000 	C:\Program Files\Java\jre1.8.0_144\bin\server\jvm.dll
0x00007fffcec10000 - 0x00007fffcec18000 	C:\WINDOWS\System32\PSAPI.DLL
0x00007fffc3be0000 - 0x00007fffc3bea000 	C:\WINDOWS\SYSTEM32\VERSION.dll
0x00007fffba730000 - 0x00007fffba739000 	C:\WINDOWS\SYSTEM32\WSOCK32.dll
0x00007fffd01d0000 - 0x00007fffd023f000 	C:\WINDOWS\System32\WS2_32.dll
0x00007fffcade0000 - 0x00007fffcae04000 	C:\WINDOWS\SYSTEM32\WINMM.dll
0x00007fffcadb0000 - 0x00007fffcaddd000 	C:\WINDOWS\SYSTEM32\winmmbase.dll
0x00007fffcdfb0000 - 0x00007fffcdffa000 	C:\WINDOWS\System32\cfgmgr32.dll
0x0000000070200000 - 0x000000007020f000 	C:\Program Files\Java\jre1.8.0_144\bin\verify.dll
0x0000000070180000 - 0x00000000701a9000 	C:\Program Files\Java\jre1.8.0_144\bin\java.dll
0x00000000701e0000 - 0x00000000701f6000 	C:\Program Files\Java\jre1.8.0_144\bin\zip.dll
0x00007fffcf730000 - 0x00007fffcfe15000 	C:\WINDOWS\System32\SHELL32.dll
0x00007fffcfed0000 - 0x00007fffcff79000 	C:\WINDOWS\System32\shcore.dll
0x00007fffcd5e0000 - 0x00007fffcdd5e000 	C:\WINDOWS\System32\windows.storage.dll
0x00007fffcd1f0000 - 0x00007fffcd20f000 	C:\WINDOWS\System32\profapi.dll
0x00007fffcd160000 - 0x00007fffcd1aa000 	C:\WINDOWS\System32\powrprof.dll
0x00007fffcd150000 - 0x00007fffcd160000 	C:\WINDOWS\System32\UMPDC.dll
0x00007fffcebb0000 - 0x00007fffcec02000 	C:\WINDOWS\System32\shlwapi.dll
0x00007fffcd1b0000 - 0x00007fffcd1c1000 	C:\WINDOWS\System32\kernel.appcore.dll
0x00007fffce310000 - 0x00007fffce327000 	C:\WINDOWS\System32\cryptsp.dll
0x000000006e780000 - 0x000000006e7f1000 	C:\Users\user\AppData\Local\Programs\Webots\lib\controller\java\JavaController.dll
0x0000000061440000 - 0x000000006145c000 	C:\Users\user\AppData\Local\Programs\Webots\msys64\mingw64\bin\libgcc_s_seh-1.dll
0x000000006fc40000 - 0x000000006fdf3000 	C:\Users\user\AppData\Local\Programs\Webots\msys64\mingw64\bin\libstdc++-6.dll
0x0000000064940000 - 0x0000000064956000 	C:\Users\user\AppData\Local\Programs\Webots\msys64\mingw64\bin\libwinpthread-1.dll
0x0000000064f40000 - 0x0000000064fe5000 	C:\Users\user\AppData\Local\Programs\Webots\lib\controller\CppController.dll
0x000000006aa40000 - 0x000000006aabf000 	C:\Users\user\AppData\Local\Programs\Webots\lib\controller\Controller.dll
0x0000000063e00000 - 0x0000000063e0e000 	C:\Users\user\AppData\Local\Programs\Webots\RESOUR~1\projects\plugins\ROBOT_~1\generic\generic.dll
0x00007fffc37d0000 - 0x00007fffc39c4000 	C:\WINDOWS\SYSTEM32\dbghelp.dll

VM Arguments:
jvm_args: -Djava.library.path=C:/Users/user/AppData/Local/Programs/Webots/lib/controller/java 
java_command: ForagingControllerKhepera
java_class_path (initial): C:/Users/user/AppData/Local/Programs/Webots/lib/controller/java\Controller.jar;C:/Users/user/DOCUME~1/FORAGI~1/CONTRO~1/FORAGI~1/
Launcher Type: SUN_STANDARD

Environment Variables:
JAVA_HOME=C:\Program Files\Java\jdk1.8.0_101
JRE_HOME=C:\Program Files\Java\jre1.8.0_144
PATH=C:\Users\user\AppData\Local\Programs\Webots\projects\default\libraries\vehicle;C:\Users\user\AppData\Local\Programs\Webots\resources\projects\libraries\qt_utils;C:\Users\user\AppData\Local\Programs\Webots\msys64\mingw64\bin;Path=C:\Users\user\AppData\Local\Programs\Webots\msys64\mingw64\bin;C:\Users\user\AppData\Local\Programs\Webots\msys64\usr\bin;C:\ProgramData\Oracle\Java\javapath;C:\Program Files (x86)\Lenovo\FusionEngine;C:\WINDOWS\system32;C:\WINDOWS;C:\WINDOWS\System32\Wbem;C:\WINDOWS\System32\WindowsPowerShell\v1.0\;C:\Program Files (x86)\Common Files\lenovo\easyplussdk\bin;C:\Program Files\Microsoft SQL Server\Client SDK\ODBC\130\Tools\Binn\;C:\Program Files (x86)\Microsoft SQL Server\130\Tools\Binn\;C:\Program Files\Microsoft SQL Server\130\Tools\Binn\;C:\Program Files\Microsoft SQL Server\130\DTS\Binn\;C:\Program Files (x86)\Microsoft SQL Server\Client SDK\ODBC\130\Tools\Binn\;C:\Program Files (x86)\Microsoft SQL Server\140\Tools\Binn\;C:\Program Files (x86)\Microsoft SQL Server\140\DTS\Binn\;C:\Program Files (x86)\Microsoft SQL Server\140\Tools\Binn\ManagementStudio\;C:\Program Files\Java\jdk1.8.0_101\bin;C:\cygwin\bin;C:\MinGW;C:\WINDOWS\System32\OpenSSH\;C:\Program Files\Git\cmd;C:\Program Files\Gemalto\Classic Client\BIN;C:\Program Files (x86)\Gemalto\Classic Client\BIN;C:\Users\user\AppData\Local\Programs\Python\Python37-32\Scripts\;C:\Users\user\AppData\Local\Programs\Python\Python37-32\;C:\Users\user\AppData\Local\Programs\Python\Python36\Scripts\;C:\Users\user\AppData\Local\Programs\Python\Python36\;C:\Users\user\AppData\Local\Microsoft\WindowsApps;C:\Users\user\AppData\Local\GitHubDesktop\bin;C:\Program Files\Java\jre1.8.0_144\bin;C:\Users\user\AppData\Local\Microsoft\WindowsApps;C:\Users\user\AppData\Local\Programs\Microsoft VS Code\bin;;C:\Users\user\AppData\Local\Programs\Webots\lib\controller\
USERNAME=user
OS=Windows_NT
PROCESSOR_IDENTIFIER=Intel64 Family 6 Model 61 Stepping 4, GenuineIntel



---------------  S Y S T E M  ---------------

OS: Windows 10.0 , 64 bit Build 18362 (10.0.18362.329)

CPU:total 4 (initial active 4) (2 cores per cpu, 2 threads per core) family 6 model 61 stepping 4, cmov, cx8, fxsr, mmx, sse, sse2, sse3, ssse3, sse4.1, sse4.2, popcnt, avx, avx2, aes, clmul, erms, 3dnowpref, lzcnt, ht, tsc, tscinvbit, bmi1, bmi2, adx

Memory: 4k page, physical 8301580k(3356824k free), swap 17830220k(8809392k free)

vm_info: Java HotSpot(TM) 64-Bit Server VM (25.144-b01) for windows-amd64 JRE (1.8.0_144-b01), built on Jul 21 2017 21:57:33 by "java_re" with MS VC++ 10.0 (VS2010)

time: Tue Jun 23 23:22:16 2020
elapsed time: 8 seconds (0d 0h 0m 8s)

