#
# A fatal error has been detected by the Java Runtime Environment:
#
#  EXCEPTION_ACCESS_VIOLATION (0xc0000005) at pc=0x00007fffcf62d323, pid=12332, tid=0x0000000000003c54
#
# JRE version: Java(TM) SE Runtime Environment (8.0_144-b01) (build 1.8.0_144-b01)
# Java VM: Java HotSpot(TM) 64-Bit Server VM (25.144-b01 mixed mode windows-amd64 compressed oops)
# Problematic frame:
# C  [msvcrt.dll+0x5d323]
#
# Failed to write core dump. Minidumps are not enabled by default on client versions of Windows
#
# If you would like to submit a bug report, please visit:
#   http://bugreport.java.com/bugreport/crash.jsp
# The crash happened outside the Java Virtual Machine in native code.
# See problematic frame for where to report the bug.
#

---------------  T H R E A D  ---------------

Current thread (0x0000000002d2d800):  JavaThread "main" [_thread_in_native, id=15444, stack(0x0000000001290000,0x0000000001390000)]

siginfo: ExceptionCode=0xc0000005, reading address 0x0000000000000000

Registers:
RAX=0x00000065756c6176, RBX=0x000000000138ee90, RCX=0x000000000138ee90, RDX=0x0000000000000000
RSP=0x000000000138edd8, RBP=0x000000000138ee50, RSI=0x0000000000000235, RDI=0x0000000002b5efa6
R8 =0x000000000138ed38, R9 =0xfffffffffec71170, R10=0x0000000000000000, R11=0x8101010101010100
R12=0x0000000019824ac0, R13=0x000000001732bcd8, R14=0x000000000138ef90, R15=0x0000000002d2d800
RIP=0x00007fffcf62d323, EFLAGS=0x0000000000010293

Top of Stack: (sp=0x000000000138edd8)
0x000000000138edd8:   000000006aa60ac9 000000000138ee90
0x000000000138ede8:   0000000002b5efa0 0000000000000000
0x000000000138edf8:   000000000000039c 0000000002d2d9f8
0x000000000138ee08:   0000000002b5efa0 000000000138ef78
0x000000000138ee18:   0000000064f44de3 0000000002b5efa0
0x000000000138ee28:   000000006cf912b1 0000000000000000
0x000000000138ee38:   0000000000000005 0000000002d2d9f8
0x000000000138ee48:   0000000002b5efa0 00000000013aa300
0x000000000138ee58:   000000006e78a00c 00000000013aa300
0x000000000138ee68:   000000000138ee80 000000000138ef78
0x000000000138ee78:   0000000002d2d9f8 000000000138ee90
0x000000000138ee88:   0000000000000005 00000065756c6176
0x000000000138ee98:   00000000d5c12a28 000000001732bcd8
0x000000000138eea8:   0000000000000003 00000000d5c12a28
0x000000000138eeb8:   000000000138ef58 0000000000000000
0x000000000138eec8:   0000000002d57f74 0000000017878c50 

Instructions: (pc=0x00007fffcf62d323)
0x00007fffcf62d303:   75 e6 90 49 bb 00 01 01 01 01 01 01 81 49 8d 14
0x00007fffcf62d313:   09 66 81 e2 ff 0f 66 81 fa f8 0f 77 cb 48 8b 01
0x00007fffcf62d323:   49 8b 14 09 48 3b c2 75 bf 49 ba ff fe fe fe fe
0x00007fffcf62d333:   fe fe 7e 4c 03 d2 48 83 f0 ff 48 83 c1 08 49 33 


Register to memory mapping:

RAX=0x00000065756c6176 is an unknown value
RBX=0x000000000138ee90 is pointing into the stack for thread: 0x0000000002d2d800
RCX=0x000000000138ee90 is pointing into the stack for thread: 0x0000000002d2d800
RDX=0x0000000000000000 is an unknown value
RSP=0x000000000138edd8 is pointing into the stack for thread: 0x0000000002d2d800
RBP=0x000000000138ee50 is pointing into the stack for thread: 0x0000000002d2d800
RSI=0x0000000000000235 is an unknown value
RDI=0x0000000002b5efa6 is an unknown value
R8 =0x000000000138ed38 is pointing into the stack for thread: 0x0000000002d2d800
R9 =0xfffffffffec71170 is an unknown value
R10=0x0000000000000000 is an unknown value
R11=0x8101010101010100 is an unknown value
R12=0x0000000019824ac0 is an unknown value
R13={method} {0x000000001732bce0} 'Node_getFieldPrivate' '(JLcom/cyberbotics/webots/controller/Node;Ljava/lang/String;)J' in 'com/cyberbotics/webots/controller/wrapperJNI'
R14=0x000000000138ef90 is pointing into the stack for thread: 0x0000000002d2d800
R15=0x0000000002d2d800 is a thread


Stack: [0x0000000001290000,0x0000000001390000],  sp=0x000000000138edd8,  free space=1019k
Native frames: (J=compiled Java code, j=interpreted, Vv=VM code, C=native code)
C  [msvcrt.dll+0x5d323]
C  [Controller.dll+0x20ac9]
C  [CppController.dll+0x4de3]
C  [JavaController.dll+0xa00c]
C  0x0000000002d57f74

Java frames: (J=compiled Java code, j=interpreted, Vv=VM code)
j  com.cyberbotics.webots.controller.wrapperJNI.Node_getFieldPrivate(JLcom/cyberbotics/webots/controller/Node;Ljava/lang/String;)J+0
j  com.cyberbotics.webots.controller.Node.getField(Ljava/lang/String;)Lcom/cyberbotics/webots/controller/Field;+6
j  LoadFood.action()V+69
j  lejos.robotics.subsumption.Arbitrator.start()V+92
j  ForagingControllerKhepera.main([Ljava/lang/String;)V+90
v  ~StubRoutines::call_stub

---------------  P R O C E S S  ---------------

Java Threads: ( => current thread )
  0x0000000019331000 JavaThread "Thread-0" daemon [_thread_in_native, id=19952, stack(0x0000000019a10000,0x0000000019b10000)]
  0x00000000192c6800 JavaThread "pool-1-thread-1" [_thread_blocked, id=18280, stack(0x0000000019910000,0x0000000019a10000)]
  0x0000000019235000 JavaThread "Service Thread" daemon [_thread_blocked, id=6252, stack(0x0000000019610000,0x0000000019710000)]
  0x00000000178bc800 JavaThread "C1 CompilerThread2" daemon [_thread_blocked, id=19896, stack(0x0000000019110000,0x0000000019210000)]
  0x00000000178b9000 JavaThread "C2 CompilerThread1" daemon [_thread_blocked, id=6628, stack(0x0000000019010000,0x0000000019110000)]
  0x00000000178b2800 JavaThread "C2 CompilerThread0" daemon [_thread_blocked, id=5184, stack(0x0000000018f10000,0x0000000019010000)]
  0x00000000178b0800 JavaThread "Attach Listener" daemon [_thread_blocked, id=7456, stack(0x0000000018e10000,0x0000000018f10000)]
  0x00000000178ab800 JavaThread "Signal Dispatcher" daemon [_thread_blocked, id=16588, stack(0x0000000018d10000,0x0000000018e10000)]
  0x0000000002c4a800 JavaThread "Finalizer" daemon [_thread_blocked, id=11288, stack(0x0000000018b10000,0x0000000018c10000)]
  0x0000000002c3f800 JavaThread "Reference Handler" daemon [_thread_blocked, id=4140, stack(0x0000000018a10000,0x0000000018b10000)]
=>0x0000000002d2d800 JavaThread "main" [_thread_in_native, id=15444, stack(0x0000000001290000,0x0000000001390000)]

Other Threads:
  0x0000000017878000 VMThread [stack: 0x0000000018910000,0x0000000018a10000] [id=4004]
  0x000000001923a000 WatcherThread [stack: 0x0000000019710000,0x0000000019810000] [id=11740]

VM state:not at safepoint (normal execution)

VM Mutex/Monitor currently owned by a thread: None

Heap:
 PSYoungGen      total 38400K, used 4662K [0x00000000d5c00000, 0x00000000d8680000, 0x0000000100000000)
  eden space 33280K, 14% used [0x00000000d5c00000,0x00000000d608d938,0x00000000d7c80000)
  from space 5120K, 0% used [0x00000000d8180000,0x00000000d8180000,0x00000000d8680000)
  to   space 5120K, 0% used [0x00000000d7c80000,0x00000000d7c80000,0x00000000d8180000)
 ParOldGen       total 87552K, used 0K [0x0000000081400000, 0x0000000086980000, 0x00000000d5c00000)
  object space 87552K, 0% used [0x0000000081400000,0x0000000081400000,0x0000000086980000)
 Metaspace       used 3558K, capacity 4792K, committed 5120K, reserved 1056768K
  class space    used 388K, capacity 424K, committed 512K, reserved 1048576K

Card table byte_map: [0x0000000012100000,0x0000000012500000] byte_map_base: 0x0000000011cf6000

Marking Bits: (ParMarkBitMap*) 0x000000006d66d850
 Begin Bits: [0x0000000012bb0000, 0x0000000014b60000)
 End Bits:   [0x0000000014b60000, 0x0000000016b10000)

Polling page: 0x0000000000df0000

CodeCache: size=245760Kb used=1444Kb max_used=1456Kb free=244315Kb
 bounds [0x0000000002d40000, 0x0000000002fb0000, 0x0000000011d40000]
 total_blobs=449 nmethods=167 adapters=195
 compilation: enabled

Compilation events (10 events):
Event: 8.965 Thread 0x00000000178bc800  163       3       LoadFood::takeControl (74 bytes)
Event: 8.966 Thread 0x00000000178bc800 nmethod 163 0x0000000002ea8010 code [0x0000000002ea81e0, 0x0000000002ea8888]
Event: 9.016 Thread 0x00000000178bc800  164       3       GoToNest::takeControl (25 bytes)
Event: 9.017 Thread 0x00000000178bc800 nmethod 164 0x0000000002ea7a90 code [0x0000000002ea7c00, 0x0000000002ea7ee8]
Event: 9.017 Thread 0x00000000178bc800  165       3       GoToFood::takeControl (74 bytes)
Event: 9.018 Thread 0x00000000178bc800 nmethod 165 0x0000000002ea6e50 code [0x0000000002ea7020, 0x0000000002ea76c8]
Event: 9.702 Thread 0x00000000178b9000  166       4       java.lang.String::getChars (62 bytes)
Event: 9.704 Thread 0x00000000178b9000 nmethod 166 0x0000000002ea6a10 code [0x0000000002ea6b60, 0x0000000002ea6cd8]
Event: 10.034 Thread 0x00000000178b2800  167  s    4       java.io.BufferedOutputStream::flush (12 bytes)
Event: 10.038 Thread 0x00000000178b2800 nmethod 167 0x0000000002eaa5d0 code [0x0000000002eaa720, 0x0000000002eaaaa8]

GC Heap History (0 events):
No events

Deoptimization events (1 events):
Event: 8.433 Thread 0x00000000192c6800 Uncommon trap: reason=unstable_if action=reinterpret pc=0x0000000002ea03f8 method=sun.misc.FloatingDecimal$BinaryToASCIIBuffer.estimateDecExp(JI)I @ 66

Internal exceptions (2 events):
Event: 0.058 Thread 0x0000000002d2d800 Exception <a 'java/lang/NoSuchMethodError': Method sun.misc.Unsafe.defineClass(Ljava/lang/String;[BII)Ljava/lang/Class; name or signature does not match> (0x00000000d5c07ca8) thrown at [C:\re\workspace\8-2-build-windows-amd64-cygwin\jdk8u144\9417\hotspot\
Event: 0.058 Thread 0x0000000002d2d800 Exception <a 'java/lang/NoSuchMethodError': Method sun.misc.Unsafe.prefetchRead(Ljava/lang/Object;J)V name or signature does not match> (0x00000000d5c07f90) thrown at [C:\re\workspace\8-2-build-windows-amd64-cygwin\jdk8u144\9417\hotspot\src\share\vm\prims

Events (10 events):
Event: 0.435 loading class sun/misc/FDBigInteger done
Event: 4.180 Executing VM operation: EnableBiasedLocking
Event: 4.180 Executing VM operation: EnableBiasedLocking done
Event: 8.412 loading class java/lang/Math$RandomNumberGeneratorHolder
Event: 8.412 loading class java/lang/Math$RandomNumberGeneratorHolder done
Event: 8.412 loading class java/util/Random
Event: 8.413 loading class java/util/Random done
Event: 8.433 Thread 0x00000000192c6800 Uncommon trap: trap_request=0xffffff65 fr.pc=0x0000000002ea03f8
Event: 8.433 Thread 0x00000000192c6800 DEOPT PACKING pc=0x0000000002ea03f8 sp=0x0000000019a0eea0
Event: 8.433 Thread 0x00000000192c6800 DEOPT UNPACKING pc=0x0000000002d8582a sp=0x0000000019a0ecb0 mode 2


Dynamic libraries:
0x00007ff6a89b0000 - 0x00007ff6a89e7000 	C:\ProgramData\Oracle\Java\javapath\javaw.exe
0x00007fffd0280000 - 0x00007fffd0470000 	C:\WINDOWS\SYSTEM32\ntdll.dll
0x00007fffcf670000 - 0x00007fffcf722000 	C:\WINDOWS\System32\KERNEL32.DLL
0x00007fffce000000 - 0x00007fffce2a3000 	C:\WINDOWS\System32\KERNELBASE.dll
0x00007fffcf520000 - 0x00007fffcf5c3000 	C:\WINDOWS\System32\ADVAPI32.dll
0x00007fffcf5d0000 - 0x00007fffcf66e000 	C:\WINDOWS\System32\msvcrt.dll
0x00007fffce820000 - 0x00007fffce8b7000 	C:\WINDOWS\System32\sechost.dll
0x00007fffcec20000 - 0x00007fffced40000 	C:\WINDOWS\System32\RPCRT4.dll
0x00007fffce8c0000 - 0x00007fffcea54000 	C:\WINDOWS\System32\USER32.dll
0x00007fffcd370000 - 0x00007fffcd391000 	C:\WINDOWS\System32\win32u.dll
0x00007fffd0070000 - 0x00007fffd0096000 	C:\WINDOWS\System32\GDI32.dll
0x00007fffcd3a0000 - 0x00007fffcd534000 	C:\WINDOWS\System32\gdi32full.dll
0x00007fffcd540000 - 0x00007fffcd5de000 	C:\WINDOWS\System32\msvcp_win.dll
0x00007fffcdd60000 - 0x00007fffcde5a000 	C:\WINDOWS\System32\ucrtbase.dll
0x00007fffbee90000 - 0x00007fffbf115000 	C:\WINDOWS\WinSxS\amd64_microsoft.windows.common-controls_6595b64144ccf1df_6.0.18362.476_none_e6c4b11b130f2595\COMCTL32.dll
0x00007fffce4e0000 - 0x00007fffce816000 	C:\WINDOWS\System32\combase.dll
0x00007fffcd2c0000 - 0x00007fffcd340000 	C:\WINDOWS\System32\bcryptPrimitives.dll
0x00007fffcfe20000 - 0x00007fffcfe4e000 	C:\WINDOWS\System32\IMM32.DLL
0x000000006d6f0000 - 0x000000006d7c2000 	C:\Program Files\Java\jre1.8.0_144\bin\msvcr100.dll
0x000000006ce50000 - 0x000000006d6ed000 	C:\Program Files\Java\jre1.8.0_144\bin\server\jvm.dll
0x00007fffcec10000 - 0x00007fffcec18000 	C:\WINDOWS\System32\PSAPI.DLL
0x00007fffba730000 - 0x00007fffba739000 	C:\WINDOWS\SYSTEM32\WSOCK32.dll
0x00007fffcade0000 - 0x00007fffcae04000 	C:\WINDOWS\SYSTEM32\WINMM.dll
0x00007fffd01d0000 - 0x00007fffd023f000 	C:\WINDOWS\System32\WS2_32.dll
0x00007fffc3be0000 - 0x00007fffc3bea000 	C:\WINDOWS\SYSTEM32\VERSION.dll
0x00007fffcadb0000 - 0x00007fffcaddd000 	C:\WINDOWS\SYSTEM32\winmmbase.dll
0x00007fffcdfb0000 - 0x00007fffcdffa000 	C:\WINDOWS\System32\cfgmgr32.dll
0x0000000070200000 - 0x000000007020f000 	C:\Program Files\Java\jre1.8.0_144\bin\verify.dll
0x00000000701d0000 - 0x00000000701f9000 	C:\Program Files\Java\jre1.8.0_144\bin\java.dll
0x00000000701b0000 - 0x00000000701c6000 	C:\Program Files\Java\jre1.8.0_144\bin\zip.dll
0x00007fffcf730000 - 0x00007fffcfe15000 	C:\WINDOWS\System32\SHELL32.dll
0x00007fffcfed0000 - 0x00007fffcff79000 	C:\WINDOWS\System32\shcore.dll
0x00007fffcd5e0000 - 0x00007fffcdd5e000 	C:\WINDOWS\System32\windows.storage.dll
0x00007fffcd1f0000 - 0x00007fffcd20f000 	C:\WINDOWS\System32\profapi.dll
0x00007fffcd160000 - 0x00007fffcd1aa000 	C:\WINDOWS\System32\powrprof.dll
0x00007fffcd150000 - 0x00007fffcd160000 	C:\WINDOWS\System32\UMPDC.dll
0x00007fffcebb0000 - 0x00007fffcec02000 	C:\WINDOWS\System32\shlwapi.dll
0x00007fffcd1b0000 - 0x00007fffcd1c1000 	C:\WINDOWS\System32\kernel.appcore.dll
0x00007fffce310000 - 0x00007fffce327000 	C:\WINDOWS\System32\cryptsp.dll
0x000000006e780000 - 0x000000006e7f1000 	C:\Users\user\AppData\Local\Programs\Webots\lib\controller\java\JavaController.dll
0x000000006fc40000 - 0x000000006fdf3000 	C:\Users\user\AppData\Local\Programs\Webots\msys64\mingw64\bin\libstdc++-6.dll
0x0000000061440000 - 0x000000006145c000 	C:\Users\user\AppData\Local\Programs\Webots\msys64\mingw64\bin\libgcc_s_seh-1.dll
0x0000000064940000 - 0x0000000064956000 	C:\Users\user\AppData\Local\Programs\Webots\msys64\mingw64\bin\libwinpthread-1.dll
0x0000000064f40000 - 0x0000000064fe5000 	C:\Users\user\AppData\Local\Programs\Webots\lib\controller\CppController.dll
0x000000006aa40000 - 0x000000006aabf000 	C:\Users\user\AppData\Local\Programs\Webots\lib\controller\Controller.dll
0x0000000063e00000 - 0x0000000063e0e000 	C:\Users\user\AppData\Local\Programs\Webots\RESOUR~1\projects\plugins\ROBOT_~1\generic\generic.dll
0x00007fffc37d0000 - 0x00007fffc39c4000 	C:\WINDOWS\SYSTEM32\dbghelp.dll

VM Arguments:
jvm_args: -Djava.library.path=C:/Users/user/AppData/Local/Programs/Webots/lib/controller/java 
java_command: ForagingControllerKhepera
java_class_path (initial): C:/Users/user/AppData/Local/Programs/Webots/lib/controller/java\Controller.jar;C:/Users/user/DOCUME~1/FORAGI~1/CONTRO~1/FORAGI~1/
Launcher Type: SUN_STANDARD

Environment Variables:
JAVA_HOME=C:\Program Files\Java\jdk1.8.0_101
JRE_HOME=C:\Program Files\Java\jre1.8.0_144
PATH=C:\Users\user\AppData\Local\Programs\Webots\projects\default\libraries\vehicle;C:\Users\user\AppData\Local\Programs\Webots\resources\projects\libraries\qt_utils;C:\Users\user\AppData\Local\Programs\Webots\msys64\mingw64\bin;Path=C:\Users\user\AppData\Local\Programs\Webots\msys64\mingw64\bin;C:\Users\user\AppData\Local\Programs\Webots\msys64\usr\bin;C:\ProgramData\Oracle\Java\javapath;C:\Program Files (x86)\Lenovo\FusionEngine;C:\WINDOWS\system32;C:\WINDOWS;C:\WINDOWS\System32\Wbem;C:\WINDOWS\System32\WindowsPowerShell\v1.0\;C:\Program Files (x86)\Common Files\lenovo\easyplussdk\bin;C:\Program Files\Microsoft SQL Server\Client SDK\ODBC\130\Tools\Binn\;C:\Program Files (x86)\Microsoft SQL Server\130\Tools\Binn\;C:\Program Files\Microsoft SQL Server\130\Tools\Binn\;C:\Program Files\Microsoft SQL Server\130\DTS\Binn\;C:\Program Files (x86)\Microsoft SQL Server\Client SDK\ODBC\130\Tools\Binn\;C:\Program Files (x86)\Microsoft SQL Server\140\Tools\Binn\;C:\Program Files (x86)\Microsoft SQL Server\140\DTS\Binn\;C:\Program Files (x86)\Microsoft SQL Server\140\Tools\Binn\ManagementStudio\;C:\Program Files\Java\jdk1.8.0_101\bin;C:\cygwin\bin;C:\MinGW;C:\WINDOWS\System32\OpenSSH\;C:\Program Files\Git\cmd;C:\Program Files\Gemalto\Classic Client\BIN;C:\Program Files (x86)\Gemalto\Classic Client\BIN;C:\Users\user\AppData\Local\Programs\Python\Python37-32\Scripts\;C:\Users\user\AppData\Local\Programs\Python\Python37-32\;C:\Users\user\AppData\Local\Programs\Python\Python36\Scripts\;C:\Users\user\AppData\Local\Programs\Python\Python36\;C:\Users\user\AppData\Local\Microsoft\WindowsApps;C:\Users\user\AppData\Local\GitHubDesktop\bin;C:\Program Files\Java\jre1.8.0_144\bin;C:\Users\user\AppData\Local\Microsoft\WindowsApps;C:\Users\user\AppData\Local\Programs\Microsoft VS Code\bin;;C:\Users\user\AppData\Local\Programs\Webots\lib\controller\
USERNAME=user
OS=Windows_NT
PROCESSOR_IDENTIFIER=Intel64 Family 6 Model 61 Stepping 4, GenuineIntel



---------------  S Y S T E M  ---------------

OS: Windows 10.0 , 64 bit Build 18362 (10.0.18362.329)

CPU:total 4 (initial active 4) (2 cores per cpu, 2 threads per core) family 6 model 61 stepping 4, cmov, cx8, fxsr, mmx, sse, sse2, sse3, ssse3, sse4.1, sse4.2, popcnt, avx, avx2, aes, clmul, erms, 3dnowpref, lzcnt, ht, tsc, tscinvbit, bmi1, bmi2, adx

Memory: 4k page, physical 8301580k(1756200k free), swap 17830220k(8136904k free)

vm_info: Java HotSpot(TM) 64-Bit Server VM (25.144-b01) for windows-amd64 JRE (1.8.0_144-b01), built on Jul 21 2017 21:57:33 by "java_re" with MS VC++ 10.0 (VS2010)

time: Wed Jun 24 22:54:52 2020
elapsed time: 15 seconds (0d 0h 0m 15s)

