#
# A fatal error has been detected by the Java Runtime Environment:
#
#  EXCEPTION_ACCESS_VIOLATION (0xc0000005) at pc=0x00007ffd31a9d323, pid=684, tid=0x0000000000004324
#
# JRE version: Java(TM) SE Runtime Environment (8.0_144-b01) (build 1.8.0_144-b01)
# Java VM: Java HotSpot(TM) 64-Bit Server VM (25.144-b01 mixed mode windows-amd64 compressed oops)
# Problematic frame:
# C  [msvcrt.dll+0x5d323]
#
# Failed to write core dump. Minidumps are not enabled by default on client versions of Windows
#
# If you would like to submit a bug report, please visit:
#   http://bugreport.java.com/bugreport/crash.jsp
# The crash happened outside the Java Virtual Machine in native code.
# See problematic frame for where to report the bug.
#

---------------  T H R E A D  ---------------

Current thread (0x0000000000a7d800):  JavaThread "main" [_thread_in_native, id=17188, stack(0x0000000002790000,0x0000000002890000)]

siginfo: ExceptionCode=0xc0000005, reading address 0x0000000000000000

Registers:
RAX=0x00000065756c6176, RBX=0x000000000288f0c0, RCX=0x000000000288f0c0, RDX=0x0000000000000000
RSP=0x000000000288f008, RBP=0x000000000288f080, RSI=0x0000000000000335, RDI=0x000000000289f026
R8 =0x000000000288ef68, R9 =0xfffffffffd770f40, R10=0x0000000000000000, R11=0x8101010101010100
R12=0x00000000194741b0, R13=0x0000000016f7c5c0, R14=0x000000000288f1c0, R15=0x0000000000a7d800
RIP=0x00007ffd31a9d323, EFLAGS=0x0000000000010293

Top of Stack: (sp=0x000000000288f008)
0x000000000288f008:   000000006aa60ac9 000000000288f0c0
0x000000000288f018:   000000000289f020 0000000000000000
0x000000000288f028:   00000000000003a0 0000000000a7d9f8
0x000000000288f038:   000000000289f020 000000000288f1a8
0x000000000288f048:   0000000064f44de3 000000000289f020
0x000000000288f058:   000000006c4412b1 0000000000000000
0x000000000288f068:   0000000000000005 0000000000a7d9f8
0x000000000288f078:   000000000289f020 0000000000fea0a0
0x000000000288f088:   000000006e78a00c 0000000000fea0a0
0x000000000288f098:   000000000288f0b0 000000000288f1a8
0x000000000288f0a8:   0000000000a7d9f8 000000000288f0c0
0x000000000288f0b8:   0000000000000005 00000065756c6176
0x000000000288f0c8:   0000000002afb584 0000000016f7c5c0
0x000000000288f0d8:   000000000000000b 000000000000000d
0x000000000288f0e8:   000000000288f188 0000000000000000
0x000000000288f0f8:   00000000029a7f74 000000000288f110 

Instructions: (pc=0x00007ffd31a9d323)
0x00007ffd31a9d303:   75 e6 90 49 bb 00 01 01 01 01 01 01 81 49 8d 14
0x00007ffd31a9d313:   09 66 81 e2 ff 0f 66 81 fa f8 0f 77 cb 48 8b 01
0x00007ffd31a9d323:   49 8b 14 09 48 3b c2 75 bf 49 ba ff fe fe fe fe
0x00007ffd31a9d333:   fe fe 7e 4c 03 d2 48 83 f0 ff 48 83 c1 08 49 33 


Register to memory mapping:

RAX=0x00000065756c6176 is an unknown value
RBX=0x000000000288f0c0 is pointing into the stack for thread: 0x0000000000a7d800
RCX=0x000000000288f0c0 is pointing into the stack for thread: 0x0000000000a7d800
RDX=0x0000000000000000 is an unknown value
RSP=0x000000000288f008 is pointing into the stack for thread: 0x0000000000a7d800
RBP=0x000000000288f080 is pointing into the stack for thread: 0x0000000000a7d800
RSI=0x0000000000000335 is an unknown value
RDI=0x000000000289f026 is an unknown value
R8 =0x000000000288ef68 is pointing into the stack for thread: 0x0000000000a7d800
R9 =0xfffffffffd770f40 is an unknown value
R10=0x0000000000000000 is an unknown value
R11=0x8101010101010100 is an unknown value
R12=0x00000000194741b0 is an unknown value
R13={method} {0x0000000016f7c5c8} 'Node_getFieldPrivate' '(JLcom/cyberbotics/webots/controller/Node;Ljava/lang/String;)J' in 'com/cyberbotics/webots/controller/wrapperJNI'
R14=0x000000000288f1c0 is pointing into the stack for thread: 0x0000000000a7d800
R15=0x0000000000a7d800 is a thread


Stack: [0x0000000002790000,0x0000000002890000],  sp=0x000000000288f008,  free space=1020k
Native frames: (J=compiled Java code, j=interpreted, Vv=VM code, C=native code)
C  [msvcrt.dll+0x5d323]
C  [Controller.dll+0x20ac9]
C  [CppController.dll+0x4de3]
C  [JavaController.dll+0xa00c]
C  0x00000000029a7f74

Java frames: (J=compiled Java code, j=interpreted, Vv=VM code)
j  com.cyberbotics.webots.controller.wrapperJNI.Node_getFieldPrivate(JLcom/cyberbotics/webots/controller/Node;Ljava/lang/String;)J+0
J 304 C1 MyRobot.pheromoneValue(II)I (104 bytes) @ 0x0000000002b4f2cc [0x0000000002b4d040+0x228c]
j  FollowTrail.action()V+198
j  lejos.robotics.subsumption.Arbitrator.start()V+92
j  ForagingControllerKhepera.main([Ljava/lang/String;)V+140
v  ~StubRoutines::call_stub

---------------  P R O C E S S  ---------------

Java Threads: ( => current thread )
  0x0000000018f0f800 JavaThread "Thread-0" daemon [_thread_in_native, id=3136, stack(0x0000000019660000,0x0000000019760000)]
  0x0000000018f0e800 JavaThread "pool-1-thread-1" [_thread_blocked, id=2352, stack(0x0000000019560000,0x0000000019660000)]
  0x0000000018e7b000 JavaThread "Service Thread" daemon [_thread_blocked, id=9068, stack(0x0000000019260000,0x0000000019360000)]
  0x000000001750d000 JavaThread "C1 CompilerThread2" daemon [_thread_blocked, id=11912, stack(0x0000000018d60000,0x0000000018e60000)]
  0x0000000017508000 JavaThread "C2 CompilerThread1" daemon [_thread_blocked, id=1188, stack(0x0000000018c60000,0x0000000018d60000)]
  0x0000000017501800 JavaThread "C2 CompilerThread0" daemon [_thread_blocked, id=7756, stack(0x0000000018b60000,0x0000000018c60000)]
  0x00000000174fe000 JavaThread "Attach Listener" daemon [_thread_blocked, id=19636, stack(0x0000000018a60000,0x0000000018b60000)]
  0x00000000174fb000 JavaThread "Signal Dispatcher" daemon [_thread_blocked, id=18560, stack(0x0000000018960000,0x0000000018a60000)]
  0x00000000174ea800 JavaThread "Finalizer" daemon [_thread_blocked, id=9228, stack(0x0000000018760000,0x0000000018860000)]
  0x00000000174c9000 JavaThread "Reference Handler" daemon [_thread_blocked, id=17236, stack(0x0000000018660000,0x0000000018760000)]
=>0x0000000000a7d800 JavaThread "main" [_thread_in_native, id=17188, stack(0x0000000002790000,0x0000000002890000)]

Other Threads:
  0x00000000174c7800 VMThread [stack: 0x0000000018560000,0x0000000018660000] [id=11632]
  0x0000000018ea1000 WatcherThread [stack: 0x0000000019360000,0x0000000019460000] [id=1032]

VM state:not at safepoint (normal execution)

VM Mutex/Monitor currently owned by a thread: None

Heap:
 PSYoungGen      total 38400K, used 4662K [0x00000000d5c00000, 0x00000000d8680000, 0x0000000100000000)
  eden space 33280K, 14% used [0x00000000d5c00000,0x00000000d608d970,0x00000000d7c80000)
  from space 5120K, 0% used [0x00000000d8180000,0x00000000d8180000,0x00000000d8680000)
  to   space 5120K, 0% used [0x00000000d7c80000,0x00000000d7c80000,0x00000000d8180000)
 ParOldGen       total 87552K, used 0K [0x0000000081400000, 0x0000000086980000, 0x00000000d5c00000)
  object space 87552K, 0% used [0x0000000081400000,0x0000000081400000,0x0000000086980000)
 Metaspace       used 4111K, capacity 4940K, committed 5120K, reserved 1056768K
  class space    used 453K, capacity 500K, committed 512K, reserved 1048576K

Card table byte_map: [0x0000000011d50000,0x0000000012150000] byte_map_base: 0x0000000011946000

Marking Bits: (ParMarkBitMap*) 0x000000006cb1d850
 Begin Bits: [0x0000000012800000, 0x00000000147b0000)
 End Bits:   [0x00000000147b0000, 0x0000000016760000)

Polling page: 0x0000000000a60000

CodeCache: size=245760Kb used=1802Kb max_used=1813Kb free=243957Kb
 bounds [0x0000000002990000, 0x0000000002c00000, 0x0000000011990000]
 total_blobs=603 nmethods=319 adapters=197
 compilation: enabled

Compilation events (10 events):
Event: 4.579 Thread 0x000000001750d000  314       3       java.lang.Math::hypot (6 bytes)
Event: 4.579 Thread 0x000000001750d000 nmethod 314 0x0000000002b52910 code [0x0000000002b52a80, 0x0000000002b52be8]
Event: 4.584 Thread 0x000000001750d000  316       3       lejos.robotics.subsumption.Arbitrator::access$202 (7 bytes)
Event: 4.584 Thread 0x000000001750d000 nmethod 316 0x0000000002b53050 code [0x0000000002b531a0, 0x0000000002b532d0]
Event: 4.584 Thread 0x000000001750d000  317       1       lejos.robotics.subsumption.Arbitrator::access$300 (5 bytes)
Event: 4.584 Thread 0x000000001750d000 nmethod 317 0x0000000002b17350 code [0x0000000002b174a0, 0x0000000002b17590]
Event: 4.720 Thread 0x000000001750d000  318       1       java.io.OutputStream::flush (1 bytes)
Event: 4.720 Thread 0x000000001750d000 nmethod 318 0x0000000002b53390 code [0x0000000002b534e0, 0x0000000002b535f0]
Event: 4.749 Thread 0x0000000017508000  319       4       java.util.regex.Pattern$GroupHead::match (47 bytes)
Event: 4.752 Thread 0x0000000017508000 nmethod 319 0x0000000002b56390 code [0x0000000002b564e0, 0x0000000002b56618]

GC Heap History (0 events):
No events

Deoptimization events (1 events):
Event: 0.315 Thread 0x0000000000a7d800 Uncommon trap: reason=unstable_if action=reinterpret pc=0x0000000002ac7504 method=lejos.robotics.subsumption.Arbitrator.start()V @ 12

Internal exceptions (6 events):
Event: 0.048 Thread 0x0000000000a7d800 Exception <a 'java/lang/NoSuchMethodError': Method sun.misc.Unsafe.defineClass(Ljava/lang/String;[BII)Ljava/lang/Class; name or signature does not match> (0x00000000d5c07ca8) thrown at [C:\re\workspace\8-2-build-windows-amd64-cygwin\jdk8u144\9417\hotspot\
Event: 0.048 Thread 0x0000000000a7d800 Exception <a 'java/lang/NoSuchMethodError': Method sun.misc.Unsafe.prefetchRead(Ljava/lang/Object;J)V name or signature does not match> (0x00000000d5c07f90) thrown at [C:\re\workspace\8-2-build-windows-amd64-cygwin\jdk8u144\9417\hotspot\src\share\vm\prims
Event: 0.288 Thread 0x0000000018f0f800 Exception <a 'java/security/PrivilegedActionException'> (0x00000000d5eb7cf0) thrown at [C:\re\workspace\8-2-build-windows-amd64-cygwin\jdk8u144\9417\hotspot\src\share\vm\prims\jvm.cpp, line 1390]
Event: 0.288 Thread 0x0000000018f0f800 Exception <a 'java/security/PrivilegedActionException'> (0x00000000d5eb80e8) thrown at [C:\re\workspace\8-2-build-windows-amd64-cygwin\jdk8u144\9417\hotspot\src\share\vm\prims\jvm.cpp, line 1390]
Event: 0.290 Thread 0x0000000018f0f800 Exception <a 'java/security/PrivilegedActionException'> (0x00000000d5ebbf40) thrown at [C:\re\workspace\8-2-build-windows-amd64-cygwin\jdk8u144\9417\hotspot\src\share\vm\prims\jvm.cpp, line 1390]
Event: 0.290 Thread 0x0000000018f0f800 Exception <a 'java/security/PrivilegedActionException'> (0x00000000d5ebc338) thrown at [C:\re\workspace\8-2-build-windows-amd64-cygwin\jdk8u144\9417\hotspot\src\share\vm\prims\jvm.cpp, line 1390]

Events (10 events):
Event: 0.313 loading class java/util/Formatter$Conversion done
Event: 0.315 Thread 0x0000000000a7d800 Uncommon trap: trap_request=0xffffff65 fr.pc=0x0000000002ac7504
Event: 0.315 Thread 0x0000000000a7d800 DEOPT PACKING pc=0x0000000002ac7504 sp=0x000000000288f4b0
Event: 0.315 Thread 0x0000000000a7d800 DEOPT UNPACKING pc=0x00000000029d582a sp=0x000000000288f460 mode 2
Event: 0.954 loading class java/lang/Math$RandomNumberGeneratorHolder
Event: 0.954 loading class java/lang/Math$RandomNumberGeneratorHolder done
Event: 0.954 loading class java/util/Random
Event: 0.954 loading class java/util/Random done
Event: 4.154 Executing VM operation: EnableBiasedLocking
Event: 4.154 Executing VM operation: EnableBiasedLocking done


Dynamic libraries:
0x00007ff758730000 - 0x00007ff758767000 	C:\ProgramData\Oracle\Java\javapath\javaw.exe
0x00007ffd32e60000 - 0x00007ffd33050000 	C:\WINDOWS\SYSTEM32\ntdll.dll
0x00007ffd323c0000 - 0x00007ffd32472000 	C:\WINDOWS\System32\KERNEL32.DLL
0x00007ffd30130000 - 0x00007ffd303d3000 	C:\WINDOWS\System32\KERNELBASE.dll
0x00007ffd30f10000 - 0x00007ffd30fb3000 	C:\WINDOWS\System32\ADVAPI32.dll
0x00007ffd31a40000 - 0x00007ffd31ade000 	C:\WINDOWS\System32\msvcrt.dll
0x00007ffd327d0000 - 0x00007ffd32867000 	C:\WINDOWS\System32\sechost.dll
0x00007ffd31480000 - 0x00007ffd315a0000 	C:\WINDOWS\System32\RPCRT4.dll
0x00007ffd31230000 - 0x00007ffd313c4000 	C:\WINDOWS\System32\USER32.dll
0x00007ffd2ffe0000 - 0x00007ffd30001000 	C:\WINDOWS\System32\win32u.dll
0x00007ffd31a10000 - 0x00007ffd31a36000 	C:\WINDOWS\System32\GDI32.dll
0x00007ffd2fdf0000 - 0x00007ffd2ff84000 	C:\WINDOWS\System32\gdi32full.dll
0x00007ffd30c40000 - 0x00007ffd30cde000 	C:\WINDOWS\System32\msvcp_win.dll
0x00007ffd30010000 - 0x00007ffd3010a000 	C:\WINDOWS\System32\ucrtbase.dll
0x00007ffd1f830000 - 0x00007ffd1fab5000 	C:\WINDOWS\WinSxS\amd64_microsoft.windows.common-controls_6595b64144ccf1df_6.0.18362.476_none_e6c4b11b130f2595\COMCTL32.dll
0x00007ffd315a0000 - 0x00007ffd318d6000 	C:\WINDOWS\System32\combase.dll
0x00007ffd30d40000 - 0x00007ffd30dc0000 	C:\WINDOWS\System32\bcryptPrimitives.dll
0x00007ffd313d0000 - 0x00007ffd313fe000 	C:\WINDOWS\System32\IMM32.DLL
0x000000006d4e0000 - 0x000000006d5b2000 	C:\Program Files\Java\jre1.8.0_144\bin\msvcr100.dll
0x000000006c300000 - 0x000000006cb9d000 	C:\Program Files\Java\jre1.8.0_144\bin\server\jvm.dll
0x00007ffd31070000 - 0x00007ffd31078000 	C:\WINDOWS\System32\PSAPI.DLL
0x00007ffd1c540000 - 0x00007ffd1c549000 	C:\WINDOWS\SYSTEM32\WSOCK32.dll
0x00007ffd28aa0000 - 0x00007ffd28aaa000 	C:\WINDOWS\SYSTEM32\VERSION.dll
0x00007ffd31ae0000 - 0x00007ffd31b4f000 	C:\WINDOWS\System32\WS2_32.dll
0x00007ffd2c7f0000 - 0x00007ffd2c814000 	C:\WINDOWS\SYSTEM32\WINMM.dll
0x00007ffd2c7c0000 - 0x00007ffd2c7ed000 	C:\WINDOWS\SYSTEM32\WINMMBASE.dll
0x00007ffd2ff90000 - 0x00007ffd2ffda000 	C:\WINDOWS\System32\cfgmgr32.dll
0x000000006f980000 - 0x000000006f98f000 	C:\Program Files\Java\jre1.8.0_144\bin\verify.dll
0x000000006f950000 - 0x000000006f979000 	C:\Program Files\Java\jre1.8.0_144\bin\java.dll
0x000000006f930000 - 0x000000006f946000 	C:\Program Files\Java\jre1.8.0_144\bin\zip.dll
0x00007ffd31b50000 - 0x00007ffd32235000 	C:\WINDOWS\System32\SHELL32.dll
0x00007ffd30fc0000 - 0x00007ffd31069000 	C:\WINDOWS\System32\shcore.dll
0x00007ffd304c0000 - 0x00007ffd30c3e000 	C:\WINDOWS\System32\windows.storage.dll
0x00007ffd2fd60000 - 0x00007ffd2fd7f000 	C:\WINDOWS\System32\profapi.dll
0x00007ffd2fd80000 - 0x00007ffd2fdca000 	C:\WINDOWS\System32\powrprof.dll
0x00007ffd2fd30000 - 0x00007ffd2fd40000 	C:\WINDOWS\System32\UMPDC.dll
0x00007ffd322a0000 - 0x00007ffd322f2000 	C:\WINDOWS\System32\shlwapi.dll
0x00007ffd2fd40000 - 0x00007ffd2fd51000 	C:\WINDOWS\System32\kernel.appcore.dll
0x00007ffd30110000 - 0x00007ffd30127000 	C:\WINDOWS\System32\cryptsp.dll
0x000000006e780000 - 0x000000006e7f1000 	C:\Users\user\AppData\Local\Programs\Webots\lib\controller\java\JavaController.dll
0x000000006fc40000 - 0x000000006fdf3000 	C:\Users\user\AppData\Local\Programs\Webots\msys64\mingw64\bin\libstdc++-6.dll
0x0000000061440000 - 0x000000006145c000 	C:\Users\user\AppData\Local\Programs\Webots\msys64\mingw64\bin\libgcc_s_seh-1.dll
0x0000000064940000 - 0x0000000064956000 	C:\Users\user\AppData\Local\Programs\Webots\msys64\mingw64\bin\libwinpthread-1.dll
0x0000000064f40000 - 0x0000000064fe5000 	C:\Users\user\AppData\Local\Programs\Webots\lib\controller\CppController.dll
0x000000006aa40000 - 0x000000006aabf000 	C:\Users\user\AppData\Local\Programs\Webots\lib\controller\Controller.dll
0x0000000063e00000 - 0x0000000063e0e000 	C:\Users\user\AppData\Local\Programs\Webots\RESOUR~1\projects\plugins\ROBOT_~1\generic\generic.dll
0x00007ffd26300000 - 0x00007ffd264f4000 	C:\WINDOWS\SYSTEM32\dbghelp.dll

VM Arguments:
jvm_args: -Djava.library.path=C:/Users/user/AppData/Local/Programs/Webots/lib/controller/java 
java_command: ForagingControllerKhepera
java_class_path (initial): C:/Users/user/AppData/Local/Programs/Webots/lib/controller/java\Controller.jar;C:/Users/user/DOCUME~1/GitHub/FORAGI~1/CONTRO~1/FORAGI~1/
Launcher Type: SUN_STANDARD

Environment Variables:
JAVA_HOME=C:\Program Files\Java\jdk1.8.0_101
JRE_HOME=C:\Program Files\Java\jre1.8.0_144
PATH=C:\Users\user\AppData\Local\Programs\Webots\projects\default\libraries\vehicle;C:\Users\user\AppData\Local\Programs\Webots\resources\projects\libraries\qt_utils;C:\Users\user\AppData\Local\Programs\Webots\msys64\mingw64\bin;Path=C:\Users\user\AppData\Local\Programs\Webots\msys64\mingw64\bin;C:\Users\user\AppData\Local\Programs\Webots\msys64\usr\bin;C:\ProgramData\Oracle\Java\javapath;C:\Program Files (x86)\Lenovo\FusionEngine;C:\WINDOWS\system32;C:\WINDOWS;C:\WINDOWS\System32\Wbem;C:\WINDOWS\System32\WindowsPowerShell\v1.0\;C:\Program Files (x86)\Common Files\lenovo\easyplussdk\bin;C:\Program Files\Microsoft SQL Server\Client SDK\ODBC\130\Tools\Binn\;C:\Program Files (x86)\Microsoft SQL Server\130\Tools\Binn\;C:\Program Files\Microsoft SQL Server\130\Tools\Binn\;C:\Program Files\Microsoft SQL Server\130\DTS\Binn\;C:\Program Files (x86)\Microsoft SQL Server\Client SDK\ODBC\130\Tools\Binn\;C:\Program Files (x86)\Microsoft SQL Server\140\Tools\Binn\;C:\Program Files (x86)\Microsoft SQL Server\140\DTS\Binn\;C:\Program Files (x86)\Microsoft SQL Server\140\Tools\Binn\ManagementStudio\;C:\Program Files\Java\jdk1.8.0_101\bin;C:\cygwin\bin;C:\MinGW;C:\WINDOWS\System32\OpenSSH\;C:\Program Files\Git\cmd;C:\Program Files\Gemalto\Classic Client\BIN;C:\Program Files (x86)\Gemalto\Classic Client\BIN;C:\Users\user\AppData\Local\Programs\Python\Python37-32\Scripts\;C:\Users\user\AppData\Local\Programs\Python\Python37-32\;C:\Users\user\AppData\Local\Programs\Python\Python36\Scripts\;C:\Users\user\AppData\Local\Programs\Python\Python36\;C:\Users\user\AppData\Local\Microsoft\WindowsApps;C:\Users\user\AppData\Local\GitHubDesktop\bin;C:\Program Files\Java\jre1.8.0_144\bin;C:\Users\user\AppData\Local\Microsoft\WindowsApps;C:\Users\user\AppData\Local\Programs\Microsoft VS Code\bin;;C:\Users\user\AppData\Local\Programs\Webots\lib\controller\
USERNAME=user
OS=Windows_NT
PROCESSOR_IDENTIFIER=Intel64 Family 6 Model 61 Stepping 4, GenuineIntel



---------------  S Y S T E M  ---------------

OS: Windows 10.0 , 64 bit Build 18362 (10.0.18362.329)

CPU:total 4 (initial active 4) (2 cores per cpu, 2 threads per core) family 6 model 61 stepping 4, cmov, cx8, fxsr, mmx, sse, sse2, sse3, ssse3, sse4.1, sse4.2, popcnt, avx, avx2, aes, clmul, erms, 3dnowpref, lzcnt, ht, tsc, tscinvbit, bmi1, bmi2, adx

Memory: 4k page, physical 8301580k(2871344k free), swap 13300112k(4726256k free)

vm_info: Java HotSpot(TM) 64-Bit Server VM (25.144-b01) for windows-amd64 JRE (1.8.0_144-b01), built on Jul 21 2017 21:57:33 by "java_re" with MS VC++ 10.0 (VS2010)

time: Sat Jul 04 17:35:48 2020
elapsed time: 4 seconds (0d 0h 0m 4s)

