#
# A fatal error has been detected by the Java Runtime Environment:
#
#  EXCEPTION_ACCESS_VIOLATION (0xc0000005) at pc=0x00007ffd31a9d323, pid=13620, tid=0x0000000000004ce4
#
# JRE version: Java(TM) SE Runtime Environment (8.0_144-b01) (build 1.8.0_144-b01)
# Java VM: Java HotSpot(TM) 64-Bit Server VM (25.144-b01 mixed mode windows-amd64 compressed oops)
# Problematic frame:
# C  [msvcrt.dll+0x5d323]
#
# Failed to write core dump. Minidumps are not enabled by default on client versions of Windows
#
# If you would like to submit a bug report, please visit:
#   http://bugreport.java.com/bugreport/crash.jsp
# The crash happened outside the Java Virtual Machine in native code.
# See problematic frame for where to report the bug.
#

---------------  T H R E A D  ---------------

Current thread (0x0000000000cfd800):  JavaThread "main" [_thread_in_native, id=19684, stack(0x00000000025a0000,0x00000000026a0000)]

siginfo: ExceptionCode=0xc0000005, reading address 0x0000000000000000

Registers:
RAX=0x00000065756c6176, RBX=0x000000000269ee80, RCX=0x000000000269ee80, RDX=0x0000000000000000
RSP=0x000000000269edc8, RBP=0x000000000269ee40, RSI=0x0000000000000335, RDI=0x00000000026aefa6
R8 =0x000000000269ed28, R9 =0xfffffffffd961180, R10=0x0000000000000000, R11=0x8101010101010100
R12=0x0000000019294750, R13=0x00000000d7040930, R14=0x000000000269ef18, R15=0x0000000000cfd800
RIP=0x00007ffd31a9d323, EFLAGS=0x0000000000010293

Top of Stack: (sp=0x000000000269edc8)
0x000000000269edc8:   000000006aa60ac9 000000000269ee80
0x000000000269edd8:   00000000026aefa0 0000000000000000
0x000000000269ede8:   00000000000003b8 0000000000cfd9f8
0x000000000269edf8:   00000000026aefa0 000000000269eef8
0x000000000269ee08:   0000000064f44de3 00000000026aefa0
0x000000000269ee18:   000000006c4412b1 0000000000000000
0x000000000269ee28:   0000000000000005 0000000000cfd9f8
0x000000000269ee38:   00000000026aefa0 0000000019297980
0x000000000269ee48:   000000006e78a00c 0000000019297980
0x000000000269ee58:   000000000269ee70 000000000269eef8
0x000000000269ee68:   0000000000cfd9f8 000000000269ee80
0x000000000269ee78:   0000000000000005 00000065756c6176
0x000000000269ee88:   00000000d7040948 00000000000006f3
0x000000000269ee98:   00000000000001a8 000000000000038f
0x000000000269eea8:   000000000269ef30 0000000000000000
0x000000000269eeb8:   0000000002991aec 00000000d7040920 

Instructions: (pc=0x00007ffd31a9d323)
0x00007ffd31a9d303:   75 e6 90 49 bb 00 01 01 01 01 01 01 81 49 8d 14
0x00007ffd31a9d313:   09 66 81 e2 ff 0f 66 81 fa f8 0f 77 cb 48 8b 01
0x00007ffd31a9d323:   49 8b 14 09 48 3b c2 75 bf 49 ba ff fe fe fe fe
0x00007ffd31a9d333:   fe fe 7e 4c 03 d2 48 83 f0 ff 48 83 c1 08 49 33 


Register to memory mapping:

RAX=0x00000065756c6176 is an unknown value
RBX=0x000000000269ee80 is pointing into the stack for thread: 0x0000000000cfd800
RCX=0x000000000269ee80 is pointing into the stack for thread: 0x0000000000cfd800
RDX=0x0000000000000000 is an unknown value
RSP=0x000000000269edc8 is pointing into the stack for thread: 0x0000000000cfd800
RBP=0x000000000269ee40 is pointing into the stack for thread: 0x0000000000cfd800
RSI=0x0000000000000335 is an unknown value
RDI=0x00000000026aefa6 is an unknown value
R8 =0x000000000269ed28 is pointing into the stack for thread: 0x0000000000cfd800
R9 =0xfffffffffd961180 is an unknown value
R10=0x0000000000000000 is an unknown value
R11=0x8101010101010100 is an unknown value
R12=0x0000000019294750 is an unknown value
R13=0x00000000d7040930 is an oop

[error occurred during error reporting (printing register info), id 0xc0000005]

Stack: [0x00000000025a0000,0x00000000026a0000],  sp=0x000000000269edc8,  free space=1019k
Native frames: (J=compiled Java code, j=interpreted, Vv=VM code, C=native code)
C  [msvcrt.dll+0x5d323]
C  [Controller.dll+0x20ac9]
C  [CppController.dll+0x4de3]
C  [JavaController.dll+0xa00c]
C  0x0000000002991aec

Java frames: (J=compiled Java code, j=interpreted, Vv=VM code)
J 416  com.cyberbotics.webots.controller.wrapperJNI.Node_getFieldPrivate(JLcom/cyberbotics/webots/controller/Node;Ljava/lang/String;)J (0 bytes) @ 0x0000000002991a6e [0x0000000002991a00+0x6e]
J 345 C1 MyRobot.pheromoneValue(II)I (52 bytes) @ 0x000000000297be9c [0x000000000297ae80+0x101c]
j  FollowTrail.action()V+195
j  lejos.robotics.subsumption.Arbitrator.start()V+92
j  ForagingControllerKhepera.main([Ljava/lang/String;)V+140
v  ~StubRoutines::call_stub

---------------  P R O C E S S  ---------------

Java Threads: ( => current thread )
  0x0000000018d25800 JavaThread "Thread-0" daemon [_thread_in_native, id=9492, stack(0x0000000019480000,0x0000000019580000)]
  0x0000000018d24800 JavaThread "pool-1-thread-1" [_thread_blocked, id=3208, stack(0x0000000019380000,0x0000000019480000)]
  0x000000001736d800 JavaThread "Service Thread" daemon [_thread_blocked, id=20276, stack(0x0000000019080000,0x0000000019180000)]
  0x000000001731e000 JavaThread "C1 CompilerThread2" daemon [_thread_blocked, id=18404, stack(0x0000000018b80000,0x0000000018c80000)]
  0x000000001731a800 JavaThread "C2 CompilerThread1" daemon [_thread_blocked, id=1032, stack(0x0000000018a80000,0x0000000018b80000)]
  0x0000000017314000 JavaThread "C2 CompilerThread0" daemon [_thread_blocked, id=12780, stack(0x0000000018980000,0x0000000018a80000)]
  0x0000000017310800 JavaThread "Attach Listener" daemon [_thread_blocked, id=5748, stack(0x0000000018880000,0x0000000018980000)]
  0x000000001730d800 JavaThread "Signal Dispatcher" daemon [_thread_blocked, id=17412, stack(0x0000000018780000,0x0000000018880000)]
  0x00000000172fa800 JavaThread "Finalizer" daemon [_thread_blocked, id=19440, stack(0x0000000018580000,0x0000000018680000)]
  0x000000000278f800 JavaThread "Reference Handler" daemon [_thread_blocked, id=13584, stack(0x0000000018480000,0x0000000018580000)]
=>0x0000000000cfd800 JavaThread "main" [_thread_in_native, id=19684, stack(0x00000000025a0000,0x00000000026a0000)]

Other Threads:
  0x00000000172d8000 VMThread [stack: 0x0000000018380000,0x0000000018480000] [id=3008]
  0x0000000018cad800 WatcherThread [stack: 0x0000000019180000,0x0000000019280000] [id=17880]

VM state:not at safepoint (normal execution)

VM Mutex/Monitor currently owned by a thread: None

Heap:
 PSYoungGen      total 38400K, used 21968K [0x00000000d5c00000, 0x00000000d8680000, 0x0000000100000000)
  eden space 33280K, 66% used [0x00000000d5c00000,0x00000000d7174260,0x00000000d7c80000)
  from space 5120K, 0% used [0x00000000d8180000,0x00000000d8180000,0x00000000d8680000)
  to   space 5120K, 0% used [0x00000000d7c80000,0x00000000d7c80000,0x00000000d8180000)
 ParOldGen       total 87552K, used 0K [0x0000000081400000, 0x0000000086980000, 0x00000000d5c00000)
  object space 87552K, 0% used [0x0000000081400000,0x0000000081400000,0x0000000086980000)
 Metaspace       used 4201K, capacity 5004K, committed 5120K, reserved 1056768K
  class space    used 461K, capacity 500K, committed 512K, reserved 1048576K

Card table byte_map: [0x0000000011b60000,0x0000000011f60000] byte_map_base: 0x0000000011756000

Marking Bits: (ParMarkBitMap*) 0x000000006cb1d850
 Begin Bits: [0x0000000012610000, 0x00000000145c0000)
 End Bits:   [0x00000000145c0000, 0x0000000016570000)

Polling page: 0x0000000000cd0000

CodeCache: size=245760Kb used=2287Kb max_used=2288Kb free=243472Kb
 bounds [0x00000000027a0000, 0x0000000002a10000, 0x00000000117a0000]
 total_blobs=733 nmethods=440 adapters=206
 compilation: enabled

Compilation events (10 events):
Event: 140.766 Thread 0x000000001731e000  436       1       sun.misc.FormattedFloatingDecimal::getMantissa (5 bytes)
Event: 140.766 Thread 0x000000001731e000 nmethod 436 0x00000000029c1bd0 code [0x00000000029c1d20, 0x00000000029c1e30]
Event: 147.369 Thread 0x000000001731e000  437       1       java.util.concurrent.atomic.AtomicInteger::get (5 bytes)
Event: 147.369 Thread 0x000000001731e000 nmethod 437 0x00000000029c1910 code [0x00000000029c1a60, 0x00000000029c1b70]
Event: 147.369 Thread 0x000000001731e000  438       1       java.util.concurrent.locks.AbstractQueuedSynchronizer::getState (5 bytes)
Event: 147.369 Thread 0x000000001731e000 nmethod 438 0x00000000029c1610 code [0x00000000029c1760, 0x00000000029c1870]
Event: 147.525 Thread 0x000000001731e000  439       3       sun.misc.FloatingDecimal::getBinaryToASCIIConverter (183 bytes)
Event: 147.526 Thread 0x000000001731e000 nmethod 439 0x00000000029bca10 code [0x00000000029bcbe0, 0x00000000029bd428]
Event: 147.597 Thread 0x000000001731e000  440       3       java.lang.Long::numberOfTrailingZeros (116 bytes)
Event: 147.597 Thread 0x000000001731e000 nmethod 440 0x00000000029bc510 code [0x00000000029bc680, 0x00000000029bc990]

GC Heap History (0 events):
No events

Deoptimization events (10 events):
Event: 104.843 Thread 0x0000000000cfd800 Uncommon trap: reason=class_check action=maybe_recompile pc=0x0000000002940ec4 method=java.util.regex.Pattern$BmpCharProperty.match(Ljava/util/regex/Matcher;ILjava/lang/CharSequence;)Z @ 31
Event: 104.843 Thread 0x0000000000cfd800 Uncommon trap: reason=unstable_if action=reinterpret pc=0x0000000002981fe8 method=java.util.regex.Pattern$Curly.match(Ljava/util/regex/Matcher;ILjava/lang/CharSequence;)Z @ 22
Event: 104.843 Thread 0x0000000000cfd800 Uncommon trap: reason=class_check action=maybe_recompile pc=0x0000000002940ec4 method=java.util.regex.Pattern$BmpCharProperty.match(Ljava/util/regex/Matcher;ILjava/lang/CharSequence;)Z @ 31
Event: 104.843 Thread 0x0000000000cfd800 Uncommon trap: reason=unstable_if action=reinterpret pc=0x0000000002994de0 method=java.util.Formatter$FormatSpecifier.width(Ljava/lang/String;)I @ 6
Event: 104.843 Thread 0x0000000000cfd800 Uncommon trap: reason=unstable_if action=reinterpret pc=0x000000000298784c method=java.util.Formatter$Conversion.isValid(C)Z @ 11
Event: 104.843 Thread 0x0000000000cfd800 Uncommon trap: reason=class_check action=maybe_recompile pc=0x0000000002940ec4 method=java.util.regex.Pattern$BmpCharProperty.match(Ljava/util/regex/Matcher;ILjava/lang/CharSequence;)Z @ 31
Event: 104.843 Thread 0x0000000000cfd800 Uncommon trap: reason=class_check action=maybe_recompile pc=0x0000000002940ec4 method=java.util.regex.Pattern$BmpCharProperty.match(Ljava/util/regex/Matcher;ILjava/lang/CharSequence;)Z @ 31
Event: 104.848 Thread 0x0000000000cfd800 Uncommon trap: reason=unstable_if action=reinterpret pc=0x000000000299acb8 method=java.util.Formatter$FormatSpecifier.localizedMagnitude(Ljava/lang/StringBuilder;[CLjava/util/Formatter$Flags;ILjava/util/Locale;)Ljava/lang/StringBuilder; @ 59
Event: 133.529 Thread 0x0000000000cfd800 Uncommon trap: reason=class_check action=maybe_recompile pc=0x00000000029c98f8 method=java.util.Formatter.format(Ljava/util/Locale;Ljava/lang/String;[Ljava/lang/Object;)Ljava/util/Formatter; @ 76
Event: 134.593 Thread 0x0000000000cfd800 Uncommon trap: reason=class_check action=maybe_recompile pc=0x00000000029c98f8 method=java.util.Formatter.format(Ljava/util/Locale;Ljava/lang/String;[Ljava/lang/Object;)Ljava/util/Formatter; @ 76

Internal exceptions (6 events):
Event: 0.048 Thread 0x0000000000cfd800 Exception <a 'java/lang/NoSuchMethodError': Method sun.misc.Unsafe.defineClass(Ljava/lang/String;[BII)Ljava/lang/Class; name or signature does not match> (0x00000000d5c07ca8) thrown at [C:\re\workspace\8-2-build-windows-amd64-cygwin\jdk8u144\9417\hotspot\
Event: 0.048 Thread 0x0000000000cfd800 Exception <a 'java/lang/NoSuchMethodError': Method sun.misc.Unsafe.prefetchRead(Ljava/lang/Object;J)V name or signature does not match> (0x00000000d5c07f90) thrown at [C:\re\workspace\8-2-build-windows-amd64-cygwin\jdk8u144\9417\hotspot\src\share\vm\prims
Event: 16.630 Thread 0x0000000000cfd800 Exception <a 'java/security/PrivilegedActionException'> (0x00000000d5f6cc20) thrown at [C:\re\workspace\8-2-build-windows-amd64-cygwin\jdk8u144\9417\hotspot\src\share\vm\prims\jvm.cpp, line 1390]
Event: 16.630 Thread 0x0000000000cfd800 Exception <a 'java/security/PrivilegedActionException'> (0x00000000d5f6d018) thrown at [C:\re\workspace\8-2-build-windows-amd64-cygwin\jdk8u144\9417\hotspot\src\share\vm\prims\jvm.cpp, line 1390]
Event: 16.631 Thread 0x0000000000cfd800 Exception <a 'java/security/PrivilegedActionException'> (0x00000000d5f70e70) thrown at [C:\re\workspace\8-2-build-windows-amd64-cygwin\jdk8u144\9417\hotspot\src\share\vm\prims\jvm.cpp, line 1390]
Event: 16.631 Thread 0x0000000000cfd800 Exception <a 'java/security/PrivilegedActionException'> (0x00000000d5f71268) thrown at [C:\re\workspace\8-2-build-windows-amd64-cygwin\jdk8u144\9417\hotspot\src\share\vm\prims\jvm.cpp, line 1390]

Events (10 events):
Event: 104.848 loading class sun/misc/FormattedFloatingDecimal$2 done
Event: 104.848 Thread 0x0000000000cfd800 Uncommon trap: trap_request=0xffffff65 fr.pc=0x000000000299acb8
Event: 104.848 Thread 0x0000000000cfd800 DEOPT PACKING pc=0x000000000299acb8 sp=0x000000000269eb80
Event: 104.848 Thread 0x0000000000cfd800 DEOPT UNPACKING pc=0x00000000027e582a sp=0x000000000269eb58 mode 2
Event: 133.529 Thread 0x0000000000cfd800 Uncommon trap: trap_request=0xffffffde fr.pc=0x00000000029c98f8
Event: 133.529 Thread 0x0000000000cfd800 DEOPT PACKING pc=0x00000000029c98f8 sp=0x000000000269ed50
Event: 133.529 Thread 0x0000000000cfd800 DEOPT UNPACKING pc=0x00000000027e582a sp=0x000000000269ed80 mode 2
Event: 134.593 Thread 0x0000000000cfd800 Uncommon trap: trap_request=0xffffffde fr.pc=0x00000000029c98f8
Event: 134.593 Thread 0x0000000000cfd800 DEOPT PACKING pc=0x00000000029c98f8 sp=0x000000000269ed50
Event: 134.593 Thread 0x0000000000cfd800 DEOPT UNPACKING pc=0x00000000027e582a sp=0x000000000269ed80 mode 2


Dynamic libraries:
0x00007ff6e51f0000 - 0x00007ff6e5227000 	C:\ProgramData\Oracle\Java\javapath\javaw.exe
0x00007ffd32e60000 - 0x00007ffd33050000 	C:\WINDOWS\SYSTEM32\ntdll.dll
0x00007ffd323c0000 - 0x00007ffd32472000 	C:\WINDOWS\System32\KERNEL32.DLL
0x00007ffd30130000 - 0x00007ffd303d3000 	C:\WINDOWS\System32\KERNELBASE.dll
0x00007ffd30f10000 - 0x00007ffd30fb3000 	C:\WINDOWS\System32\ADVAPI32.dll
0x00007ffd31a40000 - 0x00007ffd31ade000 	C:\WINDOWS\System32\msvcrt.dll
0x00007ffd327d0000 - 0x00007ffd32867000 	C:\WINDOWS\System32\sechost.dll
0x00007ffd31480000 - 0x00007ffd315a0000 	C:\WINDOWS\System32\RPCRT4.dll
0x00007ffd31230000 - 0x00007ffd313c4000 	C:\WINDOWS\System32\USER32.dll
0x00007ffd2ffe0000 - 0x00007ffd30001000 	C:\WINDOWS\System32\win32u.dll
0x00007ffd31a10000 - 0x00007ffd31a36000 	C:\WINDOWS\System32\GDI32.dll
0x00007ffd2fdf0000 - 0x00007ffd2ff84000 	C:\WINDOWS\System32\gdi32full.dll
0x00007ffd30c40000 - 0x00007ffd30cde000 	C:\WINDOWS\System32\msvcp_win.dll
0x00007ffd30010000 - 0x00007ffd3010a000 	C:\WINDOWS\System32\ucrtbase.dll
0x00007ffd1f830000 - 0x00007ffd1fab5000 	C:\WINDOWS\WinSxS\amd64_microsoft.windows.common-controls_6595b64144ccf1df_6.0.18362.476_none_e6c4b11b130f2595\COMCTL32.dll
0x00007ffd315a0000 - 0x00007ffd318d6000 	C:\WINDOWS\System32\combase.dll
0x00007ffd30d40000 - 0x00007ffd30dc0000 	C:\WINDOWS\System32\bcryptPrimitives.dll
0x00007ffd313d0000 - 0x00007ffd313fe000 	C:\WINDOWS\System32\IMM32.DLL
0x000000006d4e0000 - 0x000000006d5b2000 	C:\Program Files\Java\jre1.8.0_144\bin\msvcr100.dll
0x000000006c300000 - 0x000000006cb9d000 	C:\Program Files\Java\jre1.8.0_144\bin\server\jvm.dll
0x00007ffd31070000 - 0x00007ffd31078000 	C:\WINDOWS\System32\PSAPI.DLL
0x00007ffd28aa0000 - 0x00007ffd28aaa000 	C:\WINDOWS\SYSTEM32\VERSION.dll
0x00007ffd2c7f0000 - 0x00007ffd2c814000 	C:\WINDOWS\SYSTEM32\WINMM.dll
0x00007ffd1c540000 - 0x00007ffd1c549000 	C:\WINDOWS\SYSTEM32\WSOCK32.dll
0x00007ffd2c7c0000 - 0x00007ffd2c7ed000 	C:\WINDOWS\SYSTEM32\winmmbase.dll
0x00007ffd31ae0000 - 0x00007ffd31b4f000 	C:\WINDOWS\System32\WS2_32.dll
0x00007ffd2ff90000 - 0x00007ffd2ffda000 	C:\WINDOWS\System32\cfgmgr32.dll
0x000000006f950000 - 0x000000006f95f000 	C:\Program Files\Java\jre1.8.0_144\bin\verify.dll
0x000000006f920000 - 0x000000006f949000 	C:\Program Files\Java\jre1.8.0_144\bin\java.dll
0x000000006f900000 - 0x000000006f916000 	C:\Program Files\Java\jre1.8.0_144\bin\zip.dll
0x00007ffd31b50000 - 0x00007ffd32235000 	C:\WINDOWS\System32\SHELL32.dll
0x00007ffd30fc0000 - 0x00007ffd31069000 	C:\WINDOWS\System32\shcore.dll
0x00007ffd304c0000 - 0x00007ffd30c3e000 	C:\WINDOWS\System32\windows.storage.dll
0x00007ffd2fd60000 - 0x00007ffd2fd7f000 	C:\WINDOWS\System32\profapi.dll
0x00007ffd2fd80000 - 0x00007ffd2fdca000 	C:\WINDOWS\System32\powrprof.dll
0x00007ffd2fd30000 - 0x00007ffd2fd40000 	C:\WINDOWS\System32\UMPDC.dll
0x00007ffd322a0000 - 0x00007ffd322f2000 	C:\WINDOWS\System32\shlwapi.dll
0x00007ffd2fd40000 - 0x00007ffd2fd51000 	C:\WINDOWS\System32\kernel.appcore.dll
0x00007ffd30110000 - 0x00007ffd30127000 	C:\WINDOWS\System32\cryptsp.dll
0x000000006e780000 - 0x000000006e7f1000 	C:\Users\user\AppData\Local\Programs\Webots\lib\controller\java\JavaController.dll
0x0000000061440000 - 0x000000006145c000 	C:\Users\user\AppData\Local\Programs\Webots\msys64\mingw64\bin\libgcc_s_seh-1.dll
0x000000006fc40000 - 0x000000006fdf3000 	C:\Users\user\AppData\Local\Programs\Webots\msys64\mingw64\bin\libstdc++-6.dll
0x0000000064940000 - 0x0000000064956000 	C:\Users\user\AppData\Local\Programs\Webots\msys64\mingw64\bin\libwinpthread-1.dll
0x0000000064f40000 - 0x0000000064fe5000 	C:\Users\user\AppData\Local\Programs\Webots\lib\controller\CppController.dll
0x000000006aa40000 - 0x000000006aabf000 	C:\Users\user\AppData\Local\Programs\Webots\lib\controller\Controller.dll
0x0000000063e00000 - 0x0000000063e0e000 	C:\Users\user\AppData\Local\Programs\Webots\RESOUR~1\projects\plugins\ROBOT_~1\generic\generic.dll
0x00007ffd26300000 - 0x00007ffd264f4000 	C:\WINDOWS\SYSTEM32\dbghelp.dll

VM Arguments:
jvm_args: -Djava.library.path=C:/Users/user/AppData/Local/Programs/Webots/lib/controller/java 
java_command: ForagingControllerKhepera
java_class_path (initial): C:/Users/user/AppData/Local/Programs/Webots/lib/controller/java\Controller.jar;C:/Users/user/DOCUME~1/GitHub/FORAGI~1/CONTRO~1/FORAGI~1/
Launcher Type: SUN_STANDARD

Environment Variables:
JAVA_HOME=C:\Program Files\Java\jdk1.8.0_101
JRE_HOME=C:\Program Files\Java\jre1.8.0_144
PATH=C:\Users\user\AppData\Local\Programs\Webots\projects\default\libraries\vehicle;C:\Users\user\AppData\Local\Programs\Webots\resources\projects\libraries\qt_utils;C:\Users\user\AppData\Local\Programs\Webots\msys64\mingw64\bin;Path=C:\Users\user\AppData\Local\Programs\Webots\msys64\mingw64\bin;C:\Users\user\AppData\Local\Programs\Webots\msys64\usr\bin;C:\ProgramData\Oracle\Java\javapath;C:\Program Files (x86)\Lenovo\FusionEngine;C:\WINDOWS\system32;C:\WINDOWS;C:\WINDOWS\System32\Wbem;C:\WINDOWS\System32\WindowsPowerShell\v1.0\;C:\Program Files (x86)\Common Files\lenovo\easyplussdk\bin;C:\Program Files\Microsoft SQL Server\Client SDK\ODBC\130\Tools\Binn\;C:\Program Files (x86)\Microsoft SQL Server\130\Tools\Binn\;C:\Program Files\Microsoft SQL Server\130\Tools\Binn\;C:\Program Files\Microsoft SQL Server\130\DTS\Binn\;C:\Program Files (x86)\Microsoft SQL Server\Client SDK\ODBC\130\Tools\Binn\;C:\Program Files (x86)\Microsoft SQL Server\140\Tools\Binn\;C:\Program Files (x86)\Microsoft SQL Server\140\DTS\Binn\;C:\Program Files (x86)\Microsoft SQL Server\140\Tools\Binn\ManagementStudio\;C:\Program Files\Java\jdk1.8.0_101\bin;C:\cygwin\bin;C:\MinGW;C:\WINDOWS\System32\OpenSSH\;C:\Program Files\Git\cmd;C:\Program Files\Gemalto\Classic Client\BIN;C:\Program Files (x86)\Gemalto\Classic Client\BIN;C:\Users\user\AppData\Local\Programs\Python\Python37-32\Scripts\;C:\Users\user\AppData\Local\Programs\Python\Python37-32\;C:\Users\user\AppData\Local\Programs\Python\Python36\Scripts\;C:\Users\user\AppData\Local\Programs\Python\Python36\;C:\Users\user\AppData\Local\Microsoft\WindowsApps;C:\Users\user\AppData\Local\GitHubDesktop\bin;C:\Program Files\Java\jre1.8.0_144\bin;C:\Users\user\AppData\Local\Microsoft\WindowsApps;C:\Users\user\AppData\Local\Programs\Microsoft VS Code\bin;C:\Users\user\AppData\Local\Programs\Webots\lib\controller\
USERNAME=user
OS=Windows_NT
PROCESSOR_IDENTIFIER=Intel64 Family 6 Model 61 Stepping 4, GenuineIntel



---------------  S Y S T E M  ---------------

OS: Windows 10.0 , 64 bit Build 18362 (10.0.18362.329)

CPU:total 4 (initial active 4) (2 cores per cpu, 2 threads per core) family 6 model 61 stepping 4, cmov, cx8, fxsr, mmx, sse, sse2, sse3, ssse3, sse4.1, sse4.2, popcnt, avx, avx2, aes, clmul, erms, 3dnowpref, lzcnt, ht, tsc, tscinvbit, bmi1, bmi2, adx

Memory: 4k page, physical 8301580k(3564148k free), swap 13300116k(5577516k free)

vm_info: Java HotSpot(TM) 64-Bit Server VM (25.144-b01) for windows-amd64 JRE (1.8.0_144-b01), built on Jul 21 2017 21:57:33 by "java_re" with MS VC++ 10.0 (VS2010)

time: Fri Jul 03 18:23:44 2020
elapsed time: 147 seconds (0d 0h 2m 27s)

