#
# A fatal error has been detected by the Java Runtime Environment:
#
#  EXCEPTION_ACCESS_VIOLATION (0xc0000005) at pc=0x00007fffcf62d320, pid=6832, tid=0x0000000000004c24
#
# JRE version: Java(TM) SE Runtime Environment (8.0_144-b01) (build 1.8.0_144-b01)
# Java VM: Java HotSpot(TM) 64-Bit Server VM (25.144-b01 mixed mode windows-amd64 compressed oops)
# Problematic frame:
# C  [msvcrt.dll+0x5d320]
#
# Failed to write core dump. Minidumps are not enabled by default on client versions of Windows
#
# If you would like to submit a bug report, please visit:
#   http://bugreport.java.com/bugreport/crash.jsp
# The crash happened outside the Java Virtual Machine in native code.
# See problematic frame for where to report the bug.
#

---------------  T H R E A D  ---------------

Current thread (0x000000000264d800):  JavaThread "main" [_thread_in_native, id=19492, stack(0x0000000002650000,0x0000000002750000)]

siginfo: ExceptionCode=0xc0000005, reading address 0x0000000000000000

Registers:
RAX=0x0000000019384350, RBX=0x0000000000e59c20, RCX=0x0000000000000000, RDX=0x0000000019380350
RSP=0x000000000274efe8, RBP=0x0000000019384020, RSI=0x0000000000000000, RDI=0x0000000019384350
R8 =0x0000000019384020, R9 =0x0000000019384350, R10=0x0000000000000000, R11=0x8101010101010100
R12=0x0000000000000000, R13=0x0000000000000000, R14=0x000000000274f368, R15=0x000000000264d800
RIP=0x00007fffcf62d320, EFLAGS=0x0000000000010293

Top of Stack: (sp=0x000000000274efe8)
0x000000000274efe8:   000000006aa5e359 00000000193886e0
0x000000000274eff8:   0000000000000022 00007fffcf692000
0x000000000274f008:   000000006aa57ea8 0000000019384020
0x000000000274f018:   000000006aaa4008 00007fffcf692000
0x000000000274f028:   00007fffcf691f80 00000000193886e0
0x000000000274f038:   000000006aa5e739 0000000000000027
0x000000000274f048:   0000000000001000 0000000016e94618
0x000000000274f058:   000000006aa5b228 0000000000000000
0x000000000274f068:   0000000000000000 000000006aa99560
0x000000000274f078:   000000006aaa4008 000000006aa99560
0x000000000274f088:   00000000193886e0 000000000274f368
0x000000000274f098:   000000006aa5956b 000000006aa99560
0x000000000274f0a8:   0000000000000000 0000000000000000
0x000000000274f0b8:   00000000000003b8 0000000000000000
0x000000000274f0c8:   00000000ffffffff 000000000274f1e0
0x000000000274f0d8:   000000000274f250 0000000019388860 

Instructions: (pc=0x00007fffcf62d320)
0x00007fffcf62d300:   00 00 00 75 e6 90 49 bb 00 01 01 01 01 01 01 81
0x00007fffcf62d310:   49 8d 14 09 66 81 e2 ff 0f 66 81 fa f8 0f 77 cb
0x00007fffcf62d320:   48 8b 01 49 8b 14 09 48 3b c2 75 bf 49 ba ff fe
0x00007fffcf62d330:   fe fe fe fe fe 7e 4c 03 d2 48 83 f0 ff 48 83 c1 


Register to memory mapping:

RAX=0x0000000019384350 is an unknown value
RBX=0x0000000000e59c20 is an unknown value
RCX=0x0000000000000000 is an unknown value
RDX=0x0000000019380350 is an unknown value
RSP=0x000000000274efe8 is pointing into the stack for thread: 0x000000000264d800
RBP=0x0000000019384020 is an unknown value
RSI=0x0000000000000000 is an unknown value
RDI=0x0000000019384350 is an unknown value
R8 =0x0000000019384020 is an unknown value
R9 =0x0000000019384350 is an unknown value
R10=0x0000000000000000 is an unknown value
R11=0x8101010101010100 is an unknown value
R12=0x0000000000000000 is an unknown value
R13=0x0000000000000000 is an unknown value
R14=0x000000000274f368 is pointing into the stack for thread: 0x000000000264d800
R15=0x000000000264d800 is a thread


Stack: [0x0000000002650000,0x0000000002750000],  sp=0x000000000274efe8,  free space=1019k
Native frames: (J=compiled Java code, j=interpreted, Vv=VM code, C=native code)
C  [msvcrt.dll+0x5d320]
C  [Controller.dll+0x1e359]
C  [Controller.dll+0x1e739]
C  [Controller.dll+0x1956b]
C  [Controller.dll+0x1a5b9]
C  [Controller.dll+0x1e5c5]
C  [Controller.dll+0x23887]
C  [CppController.dll+0x2d61]
C  [JavaController.dll+0x72eb]
C  0x00000000028c7f74

Java frames: (J=compiled Java code, j=interpreted, Vv=VM code)
j  com.cyberbotics.webots.controller.wrapperJNI.Field_getSFVec3f(JLcom/cyberbotics/webots/controller/Field;)[D+0
j  com.cyberbotics.webots.controller.Field.getSFVec3f()[D+5
j  GoToFood.action()V+55
j  lejos.robotics.subsumption.Arbitrator.start()V+92
j  ForagingControllerKhepera.main([Ljava/lang/String;)V+55
v  ~StubRoutines::call_stub

---------------  P R O C E S S  ---------------

Java Threads: ( => current thread )
  0x0000000018ea1000 JavaThread "Thread-0" daemon [_thread_in_native, id=7328, stack(0x0000000019570000,0x0000000019670000)]
  0x0000000018e8f000 JavaThread "pool-1-thread-1" [_thread_in_native, id=9492, stack(0x0000000019470000,0x0000000019570000)]
  0x000000001747e800 JavaThread "Service Thread" daemon [_thread_blocked, id=9480, stack(0x0000000019170000,0x0000000019270000)]
  0x000000001742a800 JavaThread "C1 CompilerThread2" daemon [_thread_blocked, id=9340, stack(0x0000000018c70000,0x0000000018d70000)]
  0x0000000017427000 JavaThread "C2 CompilerThread1" daemon [_thread_blocked, id=15796, stack(0x0000000018b70000,0x0000000018c70000)]
  0x0000000017420800 JavaThread "C2 CompilerThread0" daemon [_thread_blocked, id=19756, stack(0x0000000018a70000,0x0000000018b70000)]
  0x000000001741e800 JavaThread "Attach Listener" daemon [_thread_blocked, id=11564, stack(0x0000000018970000,0x0000000018a70000)]
  0x00000000028ac800 JavaThread "Signal Dispatcher" daemon [_thread_blocked, id=1804, stack(0x0000000018870000,0x0000000018970000)]
  0x00000000028aa800 JavaThread "Finalizer" daemon [_thread_blocked, id=6644, stack(0x0000000018670000,0x0000000018770000)]
  0x000000000289f800 JavaThread "Reference Handler" daemon [_thread_blocked, id=1644, stack(0x0000000018570000,0x0000000018670000)]
=>0x000000000264d800 JavaThread "main" [_thread_in_native, id=19492, stack(0x0000000002650000,0x0000000002750000)]

Other Threads:
  0x00000000173e8000 VMThread [stack: 0x0000000018470000,0x0000000018570000] [id=21492]
  0x0000000018d9c800 WatcherThread [stack: 0x0000000019270000,0x0000000019370000] [id=6092]

VM state:not at safepoint (normal execution)

VM Mutex/Monitor currently owned by a thread: None

Heap:
 PSYoungGen      total 38400K, used 3996K [0x00000000d5c00000, 0x00000000d8680000, 0x0000000100000000)
  eden space 33280K, 12% used [0x00000000d5c00000,0x00000000d5fe7310,0x00000000d7c80000)
  from space 5120K, 0% used [0x00000000d8180000,0x00000000d8180000,0x00000000d8680000)
  to   space 5120K, 0% used [0x00000000d7c80000,0x00000000d7c80000,0x00000000d8180000)
 ParOldGen       total 87552K, used 0K [0x0000000081400000, 0x0000000086980000, 0x00000000d5c00000)
  object space 87552K, 0% used [0x0000000081400000,0x0000000081400000,0x0000000086980000)
 Metaspace       used 3974K, capacity 4940K, committed 5120K, reserved 1056768K
  class space    used 454K, capacity 500K, committed 512K, reserved 1048576K

Card table byte_map: [0x0000000011c70000,0x0000000012070000] byte_map_base: 0x0000000011866000

Marking Bits: (ParMarkBitMap*) 0x000000006de3d850
 Begin Bits: [0x0000000012720000, 0x00000000146d0000)
 End Bits:   [0x00000000146d0000, 0x0000000016680000)

Polling page: 0x0000000002620000

CodeCache: size=245760Kb used=1293Kb max_used=1302Kb free=244466Kb
 bounds [0x00000000028b0000, 0x0000000002b20000, 0x00000000118b0000]
 total_blobs=388 nmethods=99 adapters=202
 compilation: enabled

Compilation events (10 events):
Event: 4.535 Thread 0x000000001742a800   95       3       sun.nio.cs.SingleByte$Encoder::encode (32 bytes)
Event: 4.535 Thread 0x000000001742a800 nmethod 95 0x00000000029f3490 code [0x00000000029f3600, 0x00000000029f3810]
Event: 5.044 Thread 0x0000000017427000   96       4       java.lang.String::hashCode (55 bytes)
Event: 5.045 Thread 0x000000001742a800   97       1       java.util.Formatter$Flags::valueOf (5 bytes)
Event: 5.045 Thread 0x000000001742a800 nmethod 97 0x00000000029f31d0 code [0x00000000029f3320, 0x00000000029f3430]
Event: 5.048 Thread 0x0000000017427000 nmethod 96 0x00000000029f1990 code [0x00000000029f1ac0, 0x00000000029f1c18]
Event: 5.070 Thread 0x000000001742a800   98       3       java.nio.Buffer::position (43 bytes)
Event: 5.071 Thread 0x000000001742a800 nmethod 98 0x00000000029f2cd0 code [0x00000000029f2e40, 0x00000000029f3108]
Event: 5.077 Thread 0x000000001742a800   99       3       java.nio.ByteBuffer::arrayOffset (35 bytes)
Event: 5.077 Thread 0x000000001742a800 nmethod 99 0x00000000029f26d0 code [0x00000000029f2860, 0x00000000029f2b78]

GC Heap History (0 events):
No events

Deoptimization events (1 events):
Event: 0.974 Thread 0x000000000264d800 Uncommon trap: reason=unstable_if action=reinterpret pc=0x00000000029f4344 method=lejos.robotics.subsumption.Arbitrator.start()V @ 12

Internal exceptions (6 events):
Event: 0.052 Thread 0x000000000264d800 Exception <a 'java/lang/NoSuchMethodError': Method sun.misc.Unsafe.defineClass(Ljava/lang/String;[BII)Ljava/lang/Class; name or signature does not match> (0x00000000d5c07ca8) thrown at [C:\re\workspace\8-2-build-windows-amd64-cygwin\jdk8u144\9417\hotspot\
Event: 0.052 Thread 0x000000000264d800 Exception <a 'java/lang/NoSuchMethodError': Method sun.misc.Unsafe.prefetchRead(Ljava/lang/Object;J)V name or signature does not match> (0x00000000d5c07f90) thrown at [C:\re\workspace\8-2-build-windows-amd64-cygwin\jdk8u144\9417\hotspot\src\share\vm\prims
Event: 0.231 Thread 0x000000000264d800 Exception <a 'java/security/PrivilegedActionException'> (0x00000000d5dba0f0) thrown at [C:\re\workspace\8-2-build-windows-amd64-cygwin\jdk8u144\9417\hotspot\src\share\vm\prims\jvm.cpp, line 1390]
Event: 0.231 Thread 0x000000000264d800 Exception <a 'java/security/PrivilegedActionException'> (0x00000000d5dba4e8) thrown at [C:\re\workspace\8-2-build-windows-amd64-cygwin\jdk8u144\9417\hotspot\src\share\vm\prims\jvm.cpp, line 1390]
Event: 0.232 Thread 0x000000000264d800 Exception <a 'java/security/PrivilegedActionException'> (0x00000000d5dbe340) thrown at [C:\re\workspace\8-2-build-windows-amd64-cygwin\jdk8u144\9417\hotspot\src\share\vm\prims\jvm.cpp, line 1390]
Event: 0.232 Thread 0x000000000264d800 Exception <a 'java/security/PrivilegedActionException'> (0x00000000d5dbe738) thrown at [C:\re\workspace\8-2-build-windows-amd64-cygwin\jdk8u144\9417\hotspot\src\share\vm\prims\jvm.cpp, line 1390]

Events (10 events):
Event: 0.279 Thread 0x0000000018ea1000 Thread added: 0x0000000018ea1000
Event: 0.334 Thread 0x000000000264d800 DEOPT PACKING pc=0x00000000029f049c sp=0x000000000274f490
Event: 0.334 Thread 0x000000000264d800 DEOPT UNPACKING pc=0x00000000028f787f sp=0x000000000274f1f0 mode 0
Event: 0.973 loading class java/lang/StrictMath
Event: 0.974 loading class java/lang/StrictMath done
Event: 0.974 Thread 0x000000000264d800 Uncommon trap: trap_request=0xffffff65 fr.pc=0x00000000029f4344
Event: 0.974 Thread 0x000000000264d800 DEOPT PACKING pc=0x00000000029f4344 sp=0x000000000274f4c0
Event: 0.974 Thread 0x000000000264d800 DEOPT UNPACKING pc=0x00000000028f582a sp=0x000000000274f470 mode 2
Event: 4.174 Executing VM operation: EnableBiasedLocking
Event: 4.174 Executing VM operation: EnableBiasedLocking done


Dynamic libraries:
0x00007ff7cffa0000 - 0x00007ff7cffd7000 	C:\ProgramData\Oracle\Java\javapath\javaw.exe
0x00007fffd0280000 - 0x00007fffd0470000 	C:\WINDOWS\SYSTEM32\ntdll.dll
0x00007fffcf670000 - 0x00007fffcf722000 	C:\WINDOWS\System32\KERNEL32.DLL
0x00007fffce000000 - 0x00007fffce2a3000 	C:\WINDOWS\System32\KERNELBASE.dll
0x00007fffcf520000 - 0x00007fffcf5c3000 	C:\WINDOWS\System32\ADVAPI32.dll
0x00007fffcf5d0000 - 0x00007fffcf66e000 	C:\WINDOWS\System32\msvcrt.dll
0x00007fffce820000 - 0x00007fffce8b7000 	C:\WINDOWS\System32\sechost.dll
0x00007fffcec20000 - 0x00007fffced40000 	C:\WINDOWS\System32\RPCRT4.dll
0x00007fffce8c0000 - 0x00007fffcea54000 	C:\WINDOWS\System32\USER32.dll
0x00007fffcd370000 - 0x00007fffcd391000 	C:\WINDOWS\System32\win32u.dll
0x00007fffd0070000 - 0x00007fffd0096000 	C:\WINDOWS\System32\GDI32.dll
0x00007fffcd3a0000 - 0x00007fffcd534000 	C:\WINDOWS\System32\gdi32full.dll
0x00007fffcd540000 - 0x00007fffcd5de000 	C:\WINDOWS\System32\msvcp_win.dll
0x00007fffcdd60000 - 0x00007fffcde5a000 	C:\WINDOWS\System32\ucrtbase.dll
0x00007fffbee90000 - 0x00007fffbf115000 	C:\WINDOWS\WinSxS\amd64_microsoft.windows.common-controls_6595b64144ccf1df_6.0.18362.476_none_e6c4b11b130f2595\COMCTL32.dll
0x00007fffce4e0000 - 0x00007fffce816000 	C:\WINDOWS\System32\combase.dll
0x00007fffcd2c0000 - 0x00007fffcd340000 	C:\WINDOWS\System32\bcryptPrimitives.dll
0x00007fffcfe20000 - 0x00007fffcfe4e000 	C:\WINDOWS\System32\IMM32.DLL
0x000000006e310000 - 0x000000006e3e2000 	C:\Program Files\Java\jre1.8.0_144\bin\msvcr100.dll
0x000000006d620000 - 0x000000006debd000 	C:\Program Files\Java\jre1.8.0_144\bin\server\jvm.dll
0x00007fffcec10000 - 0x00007fffcec18000 	C:\WINDOWS\System32\PSAPI.DLL
0x00007fffc3be0000 - 0x00007fffc3bea000 	C:\WINDOWS\SYSTEM32\VERSION.dll
0x00007fffcade0000 - 0x00007fffcae04000 	C:\WINDOWS\SYSTEM32\WINMM.dll
0x00007fffba730000 - 0x00007fffba739000 	C:\WINDOWS\SYSTEM32\WSOCK32.dll
0x00007fffd01d0000 - 0x00007fffd023f000 	C:\WINDOWS\System32\WS2_32.dll
0x00007fffcadb0000 - 0x00007fffcaddd000 	C:\WINDOWS\SYSTEM32\WINMMBASE.dll
0x00007fffcdfb0000 - 0x00007fffcdffa000 	C:\WINDOWS\System32\cfgmgr32.dll
0x0000000070200000 - 0x000000007020f000 	C:\Program Files\Java\jre1.8.0_144\bin\verify.dll
0x0000000070180000 - 0x00000000701a9000 	C:\Program Files\Java\jre1.8.0_144\bin\java.dll
0x00000000701e0000 - 0x00000000701f6000 	C:\Program Files\Java\jre1.8.0_144\bin\zip.dll
0x00007fffcf730000 - 0x00007fffcfe15000 	C:\WINDOWS\System32\SHELL32.dll
0x00007fffcfed0000 - 0x00007fffcff79000 	C:\WINDOWS\System32\shcore.dll
0x00007fffcd5e0000 - 0x00007fffcdd5e000 	C:\WINDOWS\System32\windows.storage.dll
0x00007fffcd1f0000 - 0x00007fffcd20f000 	C:\WINDOWS\System32\profapi.dll
0x00007fffcd160000 - 0x00007fffcd1aa000 	C:\WINDOWS\System32\powrprof.dll
0x00007fffcd150000 - 0x00007fffcd160000 	C:\WINDOWS\System32\UMPDC.dll
0x00007fffcebb0000 - 0x00007fffcec02000 	C:\WINDOWS\System32\shlwapi.dll
0x00007fffcd1b0000 - 0x00007fffcd1c1000 	C:\WINDOWS\System32\kernel.appcore.dll
0x00007fffce310000 - 0x00007fffce327000 	C:\WINDOWS\System32\cryptsp.dll
0x000000006e780000 - 0x000000006e7f1000 	C:\Users\user\AppData\Local\Programs\Webots\lib\controller\java\JavaController.dll
0x000000006fc40000 - 0x000000006fdf3000 	C:\Users\user\AppData\Local\Programs\Webots\msys64\mingw64\bin\libstdc++-6.dll
0x0000000061440000 - 0x000000006145c000 	C:\Users\user\AppData\Local\Programs\Webots\msys64\mingw64\bin\libgcc_s_seh-1.dll
0x0000000064940000 - 0x0000000064956000 	C:\Users\user\AppData\Local\Programs\Webots\msys64\mingw64\bin\libwinpthread-1.dll
0x0000000064f40000 - 0x0000000064fe5000 	C:\Users\user\AppData\Local\Programs\Webots\lib\controller\CppController.dll
0x000000006aa40000 - 0x000000006aabf000 	C:\Users\user\AppData\Local\Programs\Webots\lib\controller\Controller.dll
0x0000000063e00000 - 0x0000000063e0e000 	C:\Users\user\AppData\Local\Programs\Webots\RESOUR~1\projects\plugins\ROBOT_~1\generic\generic.dll
0x00007fffc37d0000 - 0x00007fffc39c4000 	C:\WINDOWS\SYSTEM32\dbghelp.dll

VM Arguments:
jvm_args: -Djava.library.path=C:/Users/user/AppData/Local/Programs/Webots/lib/controller/java 
java_command: ForagingControllerKhepera
java_class_path (initial): C:/Users/user/AppData/Local/Programs/Webots/lib/controller/java\Controller.jar;C:/Users/user/DOCUME~1/FORAGI~1/CONTRO~1/FORAGI~1/
Launcher Type: SUN_STANDARD

Environment Variables:
JAVA_HOME=C:\Program Files\Java\jdk1.8.0_101
JRE_HOME=C:\Program Files\Java\jre1.8.0_144
PATH=C:\Users\user\AppData\Local\Programs\Webots\projects\default\libraries\vehicle;C:\Users\user\AppData\Local\Programs\Webots\resources\projects\libraries\qt_utils;C:\Users\user\AppData\Local\Programs\Webots\msys64\mingw64\bin;Path=C:\Users\user\AppData\Local\Programs\Webots\msys64\mingw64\bin;C:\Users\user\AppData\Local\Programs\Webots\msys64\usr\bin;C:\ProgramData\Oracle\Java\javapath;C:\Program Files (x86)\Lenovo\FusionEngine;C:\WINDOWS\system32;C:\WINDOWS;C:\WINDOWS\System32\Wbem;C:\WINDOWS\System32\WindowsPowerShell\v1.0\;C:\Program Files (x86)\Common Files\lenovo\easyplussdk\bin;C:\Program Files\Microsoft SQL Server\Client SDK\ODBC\130\Tools\Binn\;C:\Program Files (x86)\Microsoft SQL Server\130\Tools\Binn\;C:\Program Files\Microsoft SQL Server\130\Tools\Binn\;C:\Program Files\Microsoft SQL Server\130\DTS\Binn\;C:\Program Files (x86)\Microsoft SQL Server\Client SDK\ODBC\130\Tools\Binn\;C:\Program Files (x86)\Microsoft SQL Server\140\Tools\Binn\;C:\Program Files (x86)\Microsoft SQL Server\140\DTS\Binn\;C:\Program Files (x86)\Microsoft SQL Server\140\Tools\Binn\ManagementStudio\;C:\Program Files\Java\jdk1.8.0_101\bin;C:\cygwin\bin;C:\MinGW;C:\WINDOWS\System32\OpenSSH\;C:\Program Files\Git\cmd;C:\Program Files\Gemalto\Classic Client\BIN;C:\Program Files (x86)\Gemalto\Classic Client\BIN;C:\Users\user\AppData\Local\Programs\Python\Python37-32\Scripts\;C:\Users\user\AppData\Local\Programs\Python\Python37-32\;C:\Users\user\AppData\Local\Programs\Python\Python36\Scripts\;C:\Users\user\AppData\Local\Programs\Python\Python36\;C:\Users\user\AppData\Local\Microsoft\WindowsApps;C:\Users\user\AppData\Local\GitHubDesktop\bin;C:\Program Files\Java\jre1.8.0_144\bin;C:\Users\user\AppData\Local\Microsoft\WindowsApps;C:\Users\user\AppData\Local\Programs\Microsoft VS Code\bin;;C:\Users\user\AppData\Local\Programs\Webots\lib\controller\
USERNAME=user
OS=Windows_NT
PROCESSOR_IDENTIFIER=Intel64 Family 6 Model 61 Stepping 4, GenuineIntel



---------------  S Y S T E M  ---------------

OS: Windows 10.0 , 64 bit Build 18362 (10.0.18362.329)

CPU:total 4 (initial active 4) (2 cores per cpu, 2 threads per core) family 6 model 61 stepping 4, cmov, cx8, fxsr, mmx, sse, sse2, sse3, ssse3, sse4.1, sse4.2, popcnt, avx, avx2, aes, clmul, erms, 3dnowpref, lzcnt, ht, tsc, tscinvbit, bmi1, bmi2, adx

Memory: 4k page, physical 8301580k(2970304k free), swap 17830220k(8251804k free)

vm_info: Java HotSpot(TM) 64-Bit Server VM (25.144-b01) for windows-amd64 JRE (1.8.0_144-b01), built on Jul 21 2017 21:57:33 by "java_re" with MS VC++ 10.0 (VS2010)

time: Tue Jun 23 23:30:38 2020
elapsed time: 5 seconds (0d 0h 0m 5s)

