#
# A fatal error has been detected by the Java Runtime Environment:
#
#  EXCEPTION_ACCESS_VIOLATION (0xc0000005) at pc=0x000000006aa5a15a, pid=20520, tid=0x0000000000005190
#
# JRE version: Java(TM) SE Runtime Environment (8.0_144-b01) (build 1.8.0_144-b01)
# Java VM: Java HotSpot(TM) 64-Bit Server VM (25.144-b01 mixed mode windows-amd64 compressed oops)
# Problematic frame:
# C  [Controller.dll+0x1a15a]
#
# Failed to write core dump. Minidumps are not enabled by default on client versions of Windows
#
# If you would like to submit a bug report, please visit:
#   http://bugreport.java.com/bugreport/crash.jsp
# The crash happened outside the Java Virtual Machine in native code.
# See problematic frame for where to report the bug.
#

---------------  T H R E A D  ---------------

Current thread (0x0000000000aad800):  JavaThread "main" [_thread_in_native, id=20880, stack(0x0000000002550000,0x0000000002650000)]

siginfo: ExceptionCode=0xc0000005, reading address 0x0000000000000000

Registers:
RAX=0x0000000000000000, RBX=0x00000000005f9ad0, RCX=0x0000000000000000, RDX=0x0000000000000000
RSP=0x000000000264f240, RBP=0x000000000264f770, RSI=0x0000000016dd0068, RDI=0x000000006aa58620
R8 =0x000000000264f1a8, R9 =0x000000000264f770, R10=0x0000000000000000, R11=0x0000000000000246
R12=0x00000000005f9ad0, R13=0x0000000016deafc8, R14=0x000000000264f7e8, R15=0x0000000000aad800
RIP=0x000000006aa5a15a, EFLAGS=0x0000000000010246

Top of Stack: (sp=0x000000000264f240)
0x000000000264f240:   00000000005f9ad0 000000000264f770
0x000000000264f250:   0000000016dd0068 000000000280835d
0x000000000264f260:   0000000000aacc70 000000006e206fad
0x000000000264f270:   000000000264f3e0 0000000000aad800
0x000000000264f280:   0000000000aa9d50 0000000000aae070
0x000000000264f290:   0000000000aae090 0000000000aae158
0x000000000264f2a0:   00000000000000d8 000000000264fac8
0x000000000264f2b0:   000037c178160dd5 00000000169e6798
0x000000000264f2c0:   000000000264f490 000000006e206b9f
0x000000000264f2d0:   0000000000aad800 00000000169e6798
0x000000000264f2e0:   0000000000aad800 000000006e1e4930
0x000000000264f2f0:   000000000264f3a9 000000006e302912
0x000000000264f300:   000000000264f510 0000000000aad800
0x000000000264f310:   000000000264f430 000000000000000b
0x000000000264f320:   0000000000aa8380 000000006e1e5ebf
0x000000000264f330:   0000000000000000 00000000b50001b4 

Instructions: (pc=0x000000006aa5a15a)
0x000000006aa5a13a:   05 00 ff ff ff ff e8 2b fa ff ff 83 f8 ff 74 5e
0x000000006aa5a14a:   e8 e1 d9 ff ff 84 c0 75 0c 48 8b 0d 4e 92 05 00
0x000000006aa5a15a:   80 39 00 75 59 80 3d 6f 92 05 00 00 74 09 80 3d
0x000000006aa5a16a:   67 92 05 00 00 74 7f 48 8d 0d 28 e7 ff ff c6 05 


Register to memory mapping:

RAX=0x0000000000000000 is an unknown value
RBX=0x00000000005f9ad0 is an unknown value
RCX=0x0000000000000000 is an unknown value
RDX=0x0000000000000000 is an unknown value
RSP=0x000000000264f240 is pointing into the stack for thread: 0x0000000000aad800
RBP=0x000000000264f770 is pointing into the stack for thread: 0x0000000000aad800
RSI=0x0000000016dd0068 is pointing into metadata
RDI=0x000000006aa58620 is an unknown value
R8 =0x000000000264f1a8 is pointing into the stack for thread: 0x0000000000aad800
R9 =0x000000000264f770 is pointing into the stack for thread: 0x0000000000aad800
R10=0x0000000000000000 is an unknown value
R11=0x0000000000000246 is an unknown value
R12=0x00000000005f9ad0 is an unknown value
R13={method} {0x0000000016deafd0} 'new_Robot' '()J' in 'com/cyberbotics/webots/controller/wrapperJNI'
R14=0x000000000264f7e8 is pointing into the stack for thread: 0x0000000000aad800
R15=0x0000000000aad800 is a thread


Stack: [0x0000000002550000,0x0000000002650000],  sp=0x000000000264f240,  free space=1020k
Native frames: (J=compiled Java code, j=interpreted, Vv=VM code, C=native code)
C  [Controller.dll+0x1a15a]
C  [Controller.dll+0x1a72c]
C  [CppController.dll+0x5a1d]
C  [JavaController.dll+0x5b7a]
C  0x0000000002817f74

Java frames: (J=compiled Java code, j=interpreted, Vv=VM code)
j  com.cyberbotics.webots.controller.wrapperJNI.new_Robot()J+0
j  com.cyberbotics.webots.controller.Robot.<init>()V+1
j  ForagingControllerKhepera.main([Ljava/lang/String;)V+12
v  ~StubRoutines::call_stub

---------------  P R O C E S S  ---------------

Java Threads: ( => current thread )
  0x00000000173b1800 JavaThread "Service Thread" daemon [_thread_blocked, id=12152, stack(0x0000000018ce0000,0x0000000018de0000)]
  0x000000001737c000 JavaThread "C1 CompilerThread2" daemon [_thread_blocked, id=1868, stack(0x0000000018be0000,0x0000000018ce0000)]
  0x0000000017378000 JavaThread "C2 CompilerThread1" daemon [_thread_blocked, id=9836, stack(0x0000000018ae0000,0x0000000018be0000)]
  0x000000001736f000 JavaThread "C2 CompilerThread0" daemon [_thread_blocked, id=4932, stack(0x00000000189e0000,0x0000000018ae0000)]
  0x000000001736c800 JavaThread "Attach Listener" daemon [_thread_blocked, id=18320, stack(0x00000000188e0000,0x00000000189e0000)]
  0x0000000017377000 JavaThread "Signal Dispatcher" daemon [_thread_blocked, id=2236, stack(0x00000000187e0000,0x00000000188e0000)]
  0x00000000027fa800 JavaThread "Finalizer" daemon [_thread_blocked, id=13072, stack(0x00000000185e0000,0x00000000186e0000)]
  0x00000000027ef800 JavaThread "Reference Handler" daemon [_thread_blocked, id=17400, stack(0x00000000184e0000,0x00000000185e0000)]
=>0x0000000000aad800 JavaThread "main" [_thread_in_native, id=20880, stack(0x0000000002550000,0x0000000002650000)]

Other Threads:
  0x0000000017338000 VMThread [stack: 0x00000000183e0000,0x00000000184e0000] [id=19280]
  0x0000000018e10800 WatcherThread [stack: 0x00000000191e0000,0x00000000192e0000] [id=22324]

VM state:not at safepoint (normal execution)

VM Mutex/Monitor currently owned by a thread: None

Heap:
 PSYoungGen      total 38400K, used 1393K [0x00000000d5c00000, 0x00000000d8680000, 0x0000000100000000)
  eden space 33280K, 4% used [0x00000000d5c00000,0x00000000d5d5c580,0x00000000d7c80000)
  from space 5120K, 0% used [0x00000000d8180000,0x00000000d8180000,0x00000000d8680000)
  to   space 5120K, 0% used [0x00000000d7c80000,0x00000000d7c80000,0x00000000d8180000)
 ParOldGen       total 87552K, used 0K [0x0000000081400000, 0x0000000086980000, 0x00000000d5c00000)
  object space 87552K, 0% used [0x0000000081400000,0x0000000081400000,0x0000000086980000)
 Metaspace       used 3052K, capacity 4628K, committed 4864K, reserved 1056768K
  class space    used 331K, capacity 388K, committed 512K, reserved 1048576K

Card table byte_map: [0x0000000011bc0000,0x0000000011fc0000] byte_map_base: 0x00000000117b6000

Marking Bits: (ParMarkBitMap*) 0x000000006e7ed850
 Begin Bits: [0x0000000012670000, 0x0000000014620000)
 End Bits:   [0x0000000014620000, 0x00000000165d0000)

Polling page: 0x00000000009d0000

CodeCache: size=245760Kb used=1127Kb max_used=1127Kb free=244632Kb
 bounds [0x0000000002800000, 0x0000000002a70000, 0x0000000011800000]
 total_blobs=290 nmethods=30 adapters=173
 compilation: enabled

Compilation events (10 events):
Event: 1.424 Thread 0x000000001737c000   26       1       java.lang.String::length (6 bytes)
Event: 1.425 Thread 0x000000001737c000 nmethod 26 0x0000000002916a10 code [0x0000000002916b60, 0x0000000002916c70]
Event: 1.539 Thread 0x000000001737c000   27       3       java.lang.String::<init> (82 bytes)
Event: 1.540 Thread 0x000000001737c000 nmethod 27 0x00000000029160d0 code [0x00000000029162a0, 0x0000000002916798]
Event: 1.553 Thread 0x000000001737c000   28       1       java.lang.Object::<init> (1 bytes)
Event: 1.554 Thread 0x000000001737c000 nmethod 28 0x0000000002915e10 code [0x0000000002915f60, 0x0000000002916070]
Event: 1.607 Thread 0x000000001737c000   29       3       java.util.HashMap::hash (20 bytes)
Event: 1.608 Thread 0x000000001737c000 nmethod 29 0x0000000002915790 code [0x0000000002915900, 0x0000000002915b48]
Event: 1.660 Thread 0x000000001737c000   30       3       java.lang.StringBuilder::append (8 bytes)
Event: 1.661 Thread 0x000000001737c000 nmethod 30 0x0000000002919d90 code [0x0000000002919f00, 0x000000000291a088]

GC Heap History (0 events):
No events

Deoptimization events (0 events):
No events

Internal exceptions (2 events):
Event: 0.781 Thread 0x0000000000aad800 Exception <a 'java/lang/NoSuchMethodError': Method sun.misc.Unsafe.defineClass(Ljava/lang/String;[BII)Ljava/lang/Class; name or signature does not match> (0x00000000d5c07ca8) thrown at [C:\re\workspace\8-2-build-windows-amd64-cygwin\jdk8u144\9417\hotspot\
Event: 0.781 Thread 0x0000000000aad800 Exception <a 'java/lang/NoSuchMethodError': Method sun.misc.Unsafe.prefetchRead(Ljava/lang/Object;J)V name or signature does not match> (0x00000000d5c07f90) thrown at [C:\re\workspace\8-2-build-windows-amd64-cygwin\jdk8u144\9417\hotspot\src\share\vm\prims

Events (10 events):
Event: 1.583 loading class sun/security/util/DisabledAlgorithmConstraints$1
Event: 1.583 loading class sun/security/util/DisabledAlgorithmConstraints$1 done
Event: 1.584 loading class sun/security/util/ManifestEntryVerifier
Event: 1.584 loading class sun/security/util/ManifestEntryVerifier done
Event: 1.590 loading class com/cyberbotics/webots/controller/wrapperJNI
Event: 1.590 loading class com/cyberbotics/webots/controller/wrapperJNI done
Event: 1.612 loading class java/lang/UnsatisfiedLinkError
Event: 1.630 loading class java/lang/UnsatisfiedLinkError done
Event: 1.634 loading class java/lang/ClassLoaderHelper
Event: 1.646 loading class java/lang/ClassLoaderHelper done


Dynamic libraries:
0x00007ff664e30000 - 0x00007ff664e67000 	C:\ProgramData\Oracle\Java\javapath\javaw.exe
0x00007fff91ee0000 - 0x00007fff920d0000 	C:\WINDOWS\SYSTEM32\ntdll.dll
0x00007fff90780000 - 0x00007fff90832000 	C:\WINDOWS\System32\KERNEL32.DLL
0x00007fff8ee70000 - 0x00007fff8f113000 	C:\WINDOWS\System32\KERNELBASE.dll
0x00007fff91560000 - 0x00007fff91603000 	C:\WINDOWS\System32\ADVAPI32.dll
0x00007fff908d0000 - 0x00007fff9096e000 	C:\WINDOWS\System32\msvcrt.dll
0x00007fff90ab0000 - 0x00007fff90b47000 	C:\WINDOWS\System32\sechost.dll
0x00007fff91350000 - 0x00007fff91470000 	C:\WINDOWS\System32\RPCRT4.dll
0x00007fff91d00000 - 0x00007fff91e94000 	C:\WINDOWS\System32\USER32.dll
0x00007fff8f120000 - 0x00007fff8f141000 	C:\WINDOWS\System32\win32u.dll
0x00007fff90750000 - 0x00007fff90776000 	C:\WINDOWS\System32\GDI32.dll
0x00007fff8fba0000 - 0x00007fff8fd34000 	C:\WINDOWS\System32\gdi32full.dll
0x00007fff8fd40000 - 0x00007fff8fdde000 	C:\WINDOWS\System32\msvcp_win.dll
0x00007fff8f1d0000 - 0x00007fff8f2ca000 	C:\WINDOWS\System32\ucrtbase.dll
0x00007fff83860000 - 0x00007fff83ae5000 	C:\WINDOWS\WinSxS\amd64_microsoft.windows.common-controls_6595b64144ccf1df_6.0.18362.476_none_e6c4b11b130f2595\COMCTL32.dll
0x00007fff8ff90000 - 0x00007fff902c6000 	C:\WINDOWS\System32\combase.dll
0x00007fff8f150000 - 0x00007fff8f1d0000 	C:\WINDOWS\System32\bcryptPrimitives.dll
0x00007fff90570000 - 0x00007fff9059e000 	C:\WINDOWS\System32\IMM32.DLL
0x000000006ea80000 - 0x000000006eb52000 	C:\Program Files\Java\jre1.8.0_144\bin\msvcr100.dll
0x000000006dfd0000 - 0x000000006e86d000 	C:\Program Files\Java\jre1.8.0_144\bin\server\jvm.dll
0x00007fff91550000 - 0x00007fff91558000 	C:\WINDOWS\System32\PSAPI.DLL
0x00007fff78380000 - 0x00007fff78389000 	C:\WINDOWS\SYSTEM32\WSOCK32.dll
0x00007fff912e0000 - 0x00007fff9134f000 	C:\WINDOWS\System32\WS2_32.dll
0x00007fff8c8d0000 - 0x00007fff8c8f4000 	C:\WINDOWS\SYSTEM32\WINMM.dll
0x00007fff88150000 - 0x00007fff8815a000 	C:\WINDOWS\SYSTEM32\VERSION.dll
0x00007fff8c8a0000 - 0x00007fff8c8cd000 	C:\WINDOWS\SYSTEM32\WINMMBASE.dll
0x00007fff8fee0000 - 0x00007fff8ff2a000 	C:\WINDOWS\System32\cfgmgr32.dll
0x00000000714b0000 - 0x00000000714bf000 	C:\Program Files\Java\jre1.8.0_144\bin\verify.dll
0x0000000070ca0000 - 0x0000000070cc9000 	C:\Program Files\Java\jre1.8.0_144\bin\java.dll
0x0000000071490000 - 0x00000000714a6000 	C:\Program Files\Java\jre1.8.0_144\bin\zip.dll
0x00007fff91610000 - 0x00007fff91cf5000 	C:\WINDOWS\System32\SHELL32.dll
0x00007fff90bc0000 - 0x00007fff90c69000 	C:\WINDOWS\System32\shcore.dll
0x00007fff8f420000 - 0x00007fff8fb9e000 	C:\WINDOWS\System32\windows.storage.dll
0x00007fff8ee30000 - 0x00007fff8ee4f000 	C:\WINDOWS\System32\profapi.dll
0x00007fff8ede0000 - 0x00007fff8ee2a000 	C:\WINDOWS\System32\powrprof.dll
0x00007fff8edb0000 - 0x00007fff8edc0000 	C:\WINDOWS\System32\UMPDC.dll
0x00007fff903b0000 - 0x00007fff90402000 	C:\WINDOWS\System32\shlwapi.dll
0x00007fff8edc0000 - 0x00007fff8edd1000 	C:\WINDOWS\System32\kernel.appcore.dll
0x00007fff8fec0000 - 0x00007fff8fed7000 	C:\WINDOWS\System32\cryptsp.dll
0x0000000002650000 - 0x00000000026c1000 	C:\Users\user\AppData\Local\Programs\Webots\lib\controller\java\JavaController.dll
0x0000000061440000 - 0x000000006145c000 	C:\Users\user\AppData\Local\Programs\Webots\msys64\mingw64\bin\libgcc_s_seh-1.dll
0x000000006fc40000 - 0x000000006fdf3000 	C:\Users\user\AppData\Local\Programs\Webots\msys64\mingw64\bin\libstdc++-6.dll
0x0000000064940000 - 0x0000000064956000 	C:\Users\user\AppData\Local\Programs\Webots\msys64\mingw64\bin\libwinpthread-1.dll
0x0000000064f40000 - 0x0000000064fe5000 	C:\Users\user\AppData\Local\Programs\Webots\lib\controller\CppController.dll
0x000000006aa40000 - 0x000000006aabf000 	C:\Users\user\AppData\Local\Programs\Webots\lib\controller\Controller.dll
0x00007fff7f810000 - 0x00007fff7fa04000 	C:\WINDOWS\SYSTEM32\dbghelp.dll

VM Arguments:
jvm_args: -Djava.library.path=C:/Users/user/AppData/Local/Programs/Webots/lib/controller/java 
java_command: ForagingControllerKhepera
java_class_path (initial): C:/Users/user/AppData/Local/Programs/Webots/lib/controller/java\Controller.jar;C:/Users/user/DOCUME~1/FORAGI~1/CONTRO~1/FORAGI~1/
Launcher Type: SUN_STANDARD

Environment Variables:
JAVA_HOME=C:\Program Files\Java\jdk1.8.0_101
JRE_HOME=C:\Program Files\Java\jre1.8.0_144
PATH=C:\Users\user\AppData\Local\Programs\Webots\projects\default\libraries\vehicle;C:\Users\user\AppData\Local\Programs\Webots\resources\projects\libraries\qt_utils;C:\Users\user\AppData\Local\Programs\Webots\msys64\mingw64\bin;Path=C:\Users\user\AppData\Local\Programs\Webots\msys64\mingw64\bin;C:\Users\user\AppData\Local\Programs\Webots\msys64\usr\bin;C:\ProgramData\Oracle\Java\javapath;C:\Program Files (x86)\Lenovo\FusionEngine;C:\WINDOWS\system32;C:\WINDOWS;C:\WINDOWS\System32\Wbem;C:\WINDOWS\System32\WindowsPowerShell\v1.0\;C:\Program Files (x86)\Common Files\lenovo\easyplussdk\bin;C:\Program Files\Microsoft SQL Server\Client SDK\ODBC\130\Tools\Binn\;C:\Program Files (x86)\Microsoft SQL Server\130\Tools\Binn\;C:\Program Files\Microsoft SQL Server\130\Tools\Binn\;C:\Program Files\Microsoft SQL Server\130\DTS\Binn\;C:\Program Files (x86)\Microsoft SQL Server\Client SDK\ODBC\130\Tools\Binn\;C:\Program Files (x86)\Microsoft SQL Server\140\Tools\Binn\;C:\Program Files (x86)\Microsoft SQL Server\140\DTS\Binn\;C:\Program Files (x86)\Microsoft SQL Server\140\Tools\Binn\ManagementStudio\;C:\Program Files\Java\jdk1.8.0_101\bin;C:\cygwin\bin;C:\MinGW;C:\WINDOWS\System32\OpenSSH\;C:\Program Files\Git\cmd;C:\Program Files\Gemalto\Classic Client\BIN;C:\Program Files (x86)\Gemalto\Classic Client\BIN;C:\Users\user\AppData\Local\Programs\Python\Python37-32\Scripts\;C:\Users\user\AppData\Local\Programs\Python\Python37-32\;C:\Users\user\AppData\Local\Programs\Python\Python36\Scripts\;C:\Users\user\AppData\Local\Programs\Python\Python36\;C:\Users\user\AppData\Local\Microsoft\WindowsApps;C:\Users\user\AppData\Local\GitHubDesktop\bin;C:\Program Files\Java\jre1.8.0_144\bin;C:\Users\user\AppData\Local\Microsoft\WindowsApps;C:\Users\user\AppData\Local\Programs\Microsoft VS Code\bin;;C:\Users\user\AppData\Local\Programs\Webots\lib\controller\
USERNAME=user
OS=Windows_NT
PROCESSOR_IDENTIFIER=Intel64 Family 6 Model 61 Stepping 4, GenuineIntel



---------------  S Y S T E M  ---------------

OS: Windows 10.0 , 64 bit Build 18362 (10.0.18362.329)

CPU:total 4 (initial active 4) (2 cores per cpu, 2 threads per core) family 6 model 61 stepping 4, cmov, cx8, fxsr, mmx, sse, sse2, sse3, ssse3, sse4.1, sse4.2, popcnt, avx, avx2, aes, clmul, erms, 3dnowpref, lzcnt, ht, tsc, tscinvbit, bmi1, bmi2, adx

Memory: 4k page, physical 8301580k(876496k free), swap 20763428k(10883908k free)

vm_info: Java HotSpot(TM) 64-Bit Server VM (25.144-b01) for windows-amd64 JRE (1.8.0_144-b01), built on Jul 21 2017 21:57:33 by "java_re" with MS VC++ 10.0 (VS2010)

time: Sat May 09 15:09:59 2020
elapsed time: 2 seconds (0d 0h 0m 2s)

