#
# A fatal error has been detected by the Java Runtime Environment:
#
#  EXCEPTION_ACCESS_VIOLATION (0xc0000005) at pc=0x00007fffcf62d323, pid=20636, tid=0x000000000000364c
#
# JRE version: Java(TM) SE Runtime Environment (8.0_144-b01) (build 1.8.0_144-b01)
# Java VM: Java HotSpot(TM) 64-Bit Server VM (25.144-b01 mixed mode windows-amd64 compressed oops)
# Problematic frame:
# C  [msvcrt.dll+0x5d323]
#
# Failed to write core dump. Minidumps are not enabled by default on client versions of Windows
#
# If you would like to submit a bug report, please visit:
#   http://bugreport.java.com/bugreport/crash.jsp
# The crash happened outside the Java Virtual Machine in native code.
# See problematic frame for where to report the bug.
#

---------------  T H R E A D  ---------------

Current thread (0x00000000030fd800):  JavaThread "main" [_thread_in_native, id=13900, stack(0x0000000002f50000,0x0000000003050000)]

siginfo: ExceptionCode=0xc0000005, reading address 0x0000000000000000

Registers:
RAX=0x00000065756c6176, RBX=0x000000000304f200, RCX=0x000000000304f200, RDX=0x0000000000000000
RSP=0x000000000304f148, RBP=0x000000000304f1c0, RSI=0x0000000000000235, RDI=0x000000000313ef06
R8 =0x000000000304f0a8, R9 =0xfffffffffcfb0e00, R10=0x0000000000000000, R11=0x8101010101010100
R12=0x0000000019d24ed0, R13=0x000000001781bcd8, R14=0x000000000304f300, R15=0x00000000030fd800
RIP=0x00007fffcf62d323, EFLAGS=0x0000000000010293

Top of Stack: (sp=0x000000000304f148)
0x000000000304f148:   000000006aa60ac9 000000000304f200
0x000000000304f158:   000000000313ef00 0000000000000000
0x000000000304f168:   00000000000003a4 00000000030fd9f8
0x000000000304f178:   000000000313ef00 000000000304f2e8
0x000000000304f188:   0000000064f44de3 000000000313ef00
0x000000000304f198:   000000006cf912b1 0000000000000000
0x000000000304f1a8:   0000000000000005 00000000030fd9f8
0x000000000304f1b8:   000000000313ef00 000000000178a060
0x000000000304f1c8:   000000006e78a00c 000000000178a060
0x000000000304f1d8:   000000000304f1f0 000000000304f2e8
0x000000000304f1e8:   00000000030fd9f8 000000000304f200
0x000000000304f1f8:   0000000000000005 00000065756c6176
0x000000000304f208:   0000000064f42cfb 000000001781bcd8
0x000000000304f218:   0000000001000020 0000000003237da0
0x000000000304f228:   000000000304f2c8 0000000000000000
0x000000000304f238:   0000000003247f74 000000000178ecf0 

Instructions: (pc=0x00007fffcf62d323)
0x00007fffcf62d303:   75 e6 90 49 bb 00 01 01 01 01 01 01 81 49 8d 14
0x00007fffcf62d313:   09 66 81 e2 ff 0f 66 81 fa f8 0f 77 cb 48 8b 01
0x00007fffcf62d323:   49 8b 14 09 48 3b c2 75 bf 49 ba ff fe fe fe fe
0x00007fffcf62d333:   fe fe 7e 4c 03 d2 48 83 f0 ff 48 83 c1 08 49 33 


Register to memory mapping:

RAX=0x00000065756c6176 is an unknown value
RBX=0x000000000304f200 is pointing into the stack for thread: 0x00000000030fd800
RCX=0x000000000304f200 is pointing into the stack for thread: 0x00000000030fd800
RDX=0x0000000000000000 is an unknown value
RSP=0x000000000304f148 is pointing into the stack for thread: 0x00000000030fd800
RBP=0x000000000304f1c0 is pointing into the stack for thread: 0x00000000030fd800
RSI=0x0000000000000235 is an unknown value
RDI=0x000000000313ef06 is an unknown value
R8 =0x000000000304f0a8 is pointing into the stack for thread: 0x00000000030fd800
R9 =0xfffffffffcfb0e00 is an unknown value
R10=0x0000000000000000 is an unknown value
R11=0x8101010101010100 is an unknown value
R12=0x0000000019d24ed0 is an unknown value
R13={method} {0x000000001781bce0} 'Node_getFieldPrivate' '(JLcom/cyberbotics/webots/controller/Node;Ljava/lang/String;)J' in 'com/cyberbotics/webots/controller/wrapperJNI'
R14=0x000000000304f300 is pointing into the stack for thread: 0x00000000030fd800
R15=0x00000000030fd800 is a thread


Stack: [0x0000000002f50000,0x0000000003050000],  sp=0x000000000304f148,  free space=1020k
Native frames: (J=compiled Java code, j=interpreted, Vv=VM code, C=native code)
C  [msvcrt.dll+0x5d323]
C  [Controller.dll+0x20ac9]
C  [CppController.dll+0x4de3]
C  [JavaController.dll+0xa00c]
C  0x0000000003247f74

Java frames: (J=compiled Java code, j=interpreted, Vv=VM code)
j  com.cyberbotics.webots.controller.wrapperJNI.Node_getFieldPrivate(JLcom/cyberbotics/webots/controller/Node;Ljava/lang/String;)J+0
j  com.cyberbotics.webots.controller.Node.getField(Ljava/lang/String;)Lcom/cyberbotics/webots/controller/Field;+6
j  LoadFood.action()V+43
j  lejos.robotics.subsumption.Arbitrator.start()V+92
j  ForagingControllerKhepera.main([Ljava/lang/String;)V+90
v  ~StubRoutines::call_stub

---------------  P R O C E S S  ---------------

Java Threads: ( => current thread )
  0x00000000197c8000 JavaThread "Thread-0" daemon [_thread_in_native, id=8768, stack(0x0000000019f10000,0x000000001a010000)]
  0x0000000019835000 JavaThread "pool-1-thread-1" [_thread_blocked, id=1568, stack(0x0000000019e10000,0x0000000019f10000)]
  0x0000000019730800 JavaThread "Service Thread" daemon [_thread_blocked, id=20344, stack(0x0000000019b10000,0x0000000019c10000)]
  0x0000000017dac000 JavaThread "C1 CompilerThread2" daemon [_thread_blocked, id=540, stack(0x0000000019610000,0x0000000019710000)]
  0x0000000017da8800 JavaThread "C2 CompilerThread1" daemon [_thread_blocked, id=9224, stack(0x0000000019510000,0x0000000019610000)]
  0x0000000017da2800 JavaThread "C2 CompilerThread0" daemon [_thread_blocked, id=4864, stack(0x0000000019410000,0x0000000019510000)]
  0x0000000017da0800 JavaThread "Attach Listener" daemon [_thread_blocked, id=14656, stack(0x0000000019310000,0x0000000019410000)]
  0x0000000017d9d800 JavaThread "Signal Dispatcher" daemon [_thread_blocked, id=20048, stack(0x0000000019210000,0x0000000019310000)]
  0x0000000017d8a800 JavaThread "Finalizer" daemon [_thread_blocked, id=13008, stack(0x0000000019010000,0x0000000019110000)]
  0x0000000003221000 JavaThread "Reference Handler" daemon [_thread_blocked, id=18884, stack(0x0000000018f10000,0x0000000019010000)]
=>0x00000000030fd800 JavaThread "main" [_thread_in_native, id=13900, stack(0x0000000002f50000,0x0000000003050000)]

Other Threads:
  0x0000000017d68000 VMThread [stack: 0x0000000018e10000,0x0000000018f10000] [id=6060]
  0x0000000019738000 WatcherThread [stack: 0x0000000019c10000,0x0000000019d10000] [id=19988]

VM state:not at safepoint (normal execution)

VM Mutex/Monitor currently owned by a thread: None

Heap:
 PSYoungGen      total 38400K, used 5993K [0x00000000d5c00000, 0x00000000d8680000, 0x0000000100000000)
  eden space 33280K, 18% used [0x00000000d5c00000,0x00000000d61da650,0x00000000d7c80000)
  from space 5120K, 0% used [0x00000000d8180000,0x00000000d8180000,0x00000000d8680000)
  to   space 5120K, 0% used [0x00000000d7c80000,0x00000000d7c80000,0x00000000d8180000)
 ParOldGen       total 87552K, used 0K [0x0000000081400000, 0x0000000086980000, 0x00000000d5c00000)
  object space 87552K, 0% used [0x0000000081400000,0x0000000081400000,0x0000000086980000)
 Metaspace       used 3558K, capacity 4792K, committed 5120K, reserved 1056768K
  class space    used 388K, capacity 424K, committed 512K, reserved 1048576K

Card table byte_map: [0x00000000125f0000,0x00000000129f0000] byte_map_base: 0x00000000121e6000

Marking Bits: (ParMarkBitMap*) 0x000000006d66d850
 Begin Bits: [0x00000000130a0000, 0x0000000015050000)
 End Bits:   [0x0000000015050000, 0x0000000017000000)

Polling page: 0x0000000001770000

CodeCache: size=245760Kb used=1528Kb max_used=1534Kb free=244231Kb
 bounds [0x0000000003230000, 0x00000000034a0000, 0x0000000012230000]
 total_blobs=472 nmethods=190 adapters=195
 compilation: enabled

Compilation events (10 events):
Event: 29.948 Thread 0x0000000017da2800 nmethod 184 0x00000000033aed50 code [0x00000000033aef40, 0x00000000033b0420]
Event: 29.948 Thread 0x0000000017da2800  189       4       sun.misc.FloatingDecimal$BinaryToASCIIBuffer::dtoa (1509 bytes)
Event: 29.957 Thread 0x0000000017da8800 nmethod 187 0x00000000033ab650 code [0x00000000033ab7e0, 0x00000000033ac298]
Event: 29.957 Thread 0x0000000017da8800  186       4       java.lang.StringBuilder::<init> (7 bytes)
Event: 29.959 Thread 0x0000000017da8800 nmethod 186 0x00000000033a7fd0 code [0x00000000033a8120, 0x00000000033a8218]
Event: 29.959 Thread 0x0000000017da8800  188       4       sun.misc.FloatingDecimal$BinaryToASCIIBuffer::getChars (502 bytes)
Event: 29.971 Thread 0x0000000017da8800 nmethod 188 0x0000000003397b50 code [0x0000000003397cc0, 0x0000000003398208]
Event: 29.997 Thread 0x0000000017da2800 nmethod 189 0x00000000033ace90 code [0x00000000033ad040, 0x00000000033aded8]
Event: 34.805 Thread 0x0000000017dac000  190       3       java.lang.Math::atan2 (6 bytes)
Event: 34.805 Thread 0x0000000017dac000 nmethod 190 0x000000000339a3d0 code [0x000000000339a540, 0x000000000339a6a8]

GC Heap History (0 events):
No events

Deoptimization events (1 events):
Event: 27.978 Thread 0x00000000030fd800 Uncommon trap: reason=unstable_if action=reinterpret pc=0x0000000003393568 method=sun.misc.FloatingDecimal$BinaryToASCIIBuffer.dtoa(IJIZ)V @ 859

Internal exceptions (2 events):
Event: 0.059 Thread 0x00000000030fd800 Exception <a 'java/lang/NoSuchMethodError': Method sun.misc.Unsafe.defineClass(Ljava/lang/String;[BII)Ljava/lang/Class; name or signature does not match> (0x00000000d5c07ca8) thrown at [C:\re\workspace\8-2-build-windows-amd64-cygwin\jdk8u144\9417\hotspot\
Event: 0.059 Thread 0x00000000030fd800 Exception <a 'java/lang/NoSuchMethodError': Method sun.misc.Unsafe.prefetchRead(Ljava/lang/Object;J)V name or signature does not match> (0x00000000d5c07f90) thrown at [C:\re\workspace\8-2-build-windows-amd64-cygwin\jdk8u144\9417\hotspot\src\share\vm\prims

Events (10 events):
Event: 0.420 loading class sun/misc/FDBigInteger done
Event: 4.194 Executing VM operation: EnableBiasedLocking
Event: 4.194 Executing VM operation: EnableBiasedLocking done
Event: 8.401 loading class java/lang/Math$RandomNumberGeneratorHolder
Event: 8.402 loading class java/lang/Math$RandomNumberGeneratorHolder done
Event: 8.402 loading class java/util/Random
Event: 8.403 loading class java/util/Random done
Event: 27.978 Thread 0x00000000030fd800 Uncommon trap: trap_request=0xffffff65 fr.pc=0x0000000003393568
Event: 27.979 Thread 0x00000000030fd800 DEOPT PACKING pc=0x0000000003393568 sp=0x000000000304f190
Event: 27.979 Thread 0x00000000030fd800 DEOPT UNPACKING pc=0x000000000327582a sp=0x000000000304f060 mode 2


Dynamic libraries:
0x00007ff6a89b0000 - 0x00007ff6a89e7000 	C:\ProgramData\Oracle\Java\javapath\javaw.exe
0x00007fffd0280000 - 0x00007fffd0470000 	C:\WINDOWS\SYSTEM32\ntdll.dll
0x00007fffcf670000 - 0x00007fffcf722000 	C:\WINDOWS\System32\KERNEL32.DLL
0x00007fffce000000 - 0x00007fffce2a3000 	C:\WINDOWS\System32\KERNELBASE.dll
0x00007fffcf520000 - 0x00007fffcf5c3000 	C:\WINDOWS\System32\ADVAPI32.dll
0x00007fffcf5d0000 - 0x00007fffcf66e000 	C:\WINDOWS\System32\msvcrt.dll
0x00007fffce820000 - 0x00007fffce8b7000 	C:\WINDOWS\System32\sechost.dll
0x00007fffcec20000 - 0x00007fffced40000 	C:\WINDOWS\System32\RPCRT4.dll
0x00007fffce8c0000 - 0x00007fffcea54000 	C:\WINDOWS\System32\USER32.dll
0x00007fffcd370000 - 0x00007fffcd391000 	C:\WINDOWS\System32\win32u.dll
0x00007fffd0070000 - 0x00007fffd0096000 	C:\WINDOWS\System32\GDI32.dll
0x00007fffcd3a0000 - 0x00007fffcd534000 	C:\WINDOWS\System32\gdi32full.dll
0x00007fffcd540000 - 0x00007fffcd5de000 	C:\WINDOWS\System32\msvcp_win.dll
0x00007fffcdd60000 - 0x00007fffcde5a000 	C:\WINDOWS\System32\ucrtbase.dll
0x00007fffbee90000 - 0x00007fffbf115000 	C:\WINDOWS\WinSxS\amd64_microsoft.windows.common-controls_6595b64144ccf1df_6.0.18362.476_none_e6c4b11b130f2595\COMCTL32.dll
0x00007fffce4e0000 - 0x00007fffce816000 	C:\WINDOWS\System32\combase.dll
0x00007fffcd2c0000 - 0x00007fffcd340000 	C:\WINDOWS\System32\bcryptPrimitives.dll
0x00007fffcfe20000 - 0x00007fffcfe4e000 	C:\WINDOWS\System32\IMM32.DLL
0x000000006d6f0000 - 0x000000006d7c2000 	C:\Program Files\Java\jre1.8.0_144\bin\msvcr100.dll
0x000000006ce50000 - 0x000000006d6ed000 	C:\Program Files\Java\jre1.8.0_144\bin\server\jvm.dll
0x00007fffcec10000 - 0x00007fffcec18000 	C:\WINDOWS\System32\PSAPI.DLL
0x00007fffba730000 - 0x00007fffba739000 	C:\WINDOWS\SYSTEM32\WSOCK32.dll
0x00007fffc3be0000 - 0x00007fffc3bea000 	C:\WINDOWS\SYSTEM32\VERSION.dll
0x00007fffd01d0000 - 0x00007fffd023f000 	C:\WINDOWS\System32\WS2_32.dll
0x00007fffcade0000 - 0x00007fffcae04000 	C:\WINDOWS\SYSTEM32\WINMM.dll
0x00007fffcadb0000 - 0x00007fffcaddd000 	C:\WINDOWS\SYSTEM32\WINMMBASE.dll
0x00007fffcdfb0000 - 0x00007fffcdffa000 	C:\WINDOWS\System32\cfgmgr32.dll
0x0000000070200000 - 0x000000007020f000 	C:\Program Files\Java\jre1.8.0_144\bin\verify.dll
0x00000000701d0000 - 0x00000000701f9000 	C:\Program Files\Java\jre1.8.0_144\bin\java.dll
0x00000000701b0000 - 0x00000000701c6000 	C:\Program Files\Java\jre1.8.0_144\bin\zip.dll
0x00007fffcf730000 - 0x00007fffcfe15000 	C:\WINDOWS\System32\SHELL32.dll
0x00007fffcfed0000 - 0x00007fffcff79000 	C:\WINDOWS\System32\shcore.dll
0x00007fffcd5e0000 - 0x00007fffcdd5e000 	C:\WINDOWS\System32\windows.storage.dll
0x00007fffcd1f0000 - 0x00007fffcd20f000 	C:\WINDOWS\System32\profapi.dll
0x00007fffcd160000 - 0x00007fffcd1aa000 	C:\WINDOWS\System32\powrprof.dll
0x00007fffcd150000 - 0x00007fffcd160000 	C:\WINDOWS\System32\UMPDC.dll
0x00007fffcebb0000 - 0x00007fffcec02000 	C:\WINDOWS\System32\shlwapi.dll
0x00007fffcd1b0000 - 0x00007fffcd1c1000 	C:\WINDOWS\System32\kernel.appcore.dll
0x00007fffce310000 - 0x00007fffce327000 	C:\WINDOWS\System32\cryptsp.dll
0x000000006e780000 - 0x000000006e7f1000 	C:\Users\user\AppData\Local\Programs\Webots\lib\controller\java\JavaController.dll
0x000000006fc40000 - 0x000000006fdf3000 	C:\Users\user\AppData\Local\Programs\Webots\msys64\mingw64\bin\libstdc++-6.dll
0x0000000061440000 - 0x000000006145c000 	C:\Users\user\AppData\Local\Programs\Webots\msys64\mingw64\bin\libgcc_s_seh-1.dll
0x0000000064940000 - 0x0000000064956000 	C:\Users\user\AppData\Local\Programs\Webots\msys64\mingw64\bin\libwinpthread-1.dll
0x0000000064f40000 - 0x0000000064fe5000 	C:\Users\user\AppData\Local\Programs\Webots\lib\controller\CppController.dll
0x000000006aa40000 - 0x000000006aabf000 	C:\Users\user\AppData\Local\Programs\Webots\lib\controller\Controller.dll
0x0000000063e00000 - 0x0000000063e0e000 	C:\Users\user\AppData\Local\Programs\Webots\RESOUR~1\projects\plugins\ROBOT_~1\generic\generic.dll
0x00007fffc37d0000 - 0x00007fffc39c4000 	C:\WINDOWS\SYSTEM32\dbghelp.dll

VM Arguments:
jvm_args: -Djava.library.path=C:/Users/user/AppData/Local/Programs/Webots/lib/controller/java 
java_command: ForagingControllerKhepera
java_class_path (initial): C:/Users/user/AppData/Local/Programs/Webots/lib/controller/java\Controller.jar;C:/Users/user/DOCUME~1/FORAGI~1/CONTRO~1/FORAGI~1/
Launcher Type: SUN_STANDARD

Environment Variables:
JAVA_HOME=C:\Program Files\Java\jdk1.8.0_101
JRE_HOME=C:\Program Files\Java\jre1.8.0_144
PATH=C:\Users\user\AppData\Local\Programs\Webots\projects\default\libraries\vehicle;C:\Users\user\AppData\Local\Programs\Webots\resources\projects\libraries\qt_utils;C:\Users\user\AppData\Local\Programs\Webots\msys64\mingw64\bin;Path=C:\Users\user\AppData\Local\Programs\Webots\msys64\mingw64\bin;C:\Users\user\AppData\Local\Programs\Webots\msys64\usr\bin;C:\ProgramData\Oracle\Java\javapath;C:\Program Files (x86)\Lenovo\FusionEngine;C:\WINDOWS\system32;C:\WINDOWS;C:\WINDOWS\System32\Wbem;C:\WINDOWS\System32\WindowsPowerShell\v1.0\;C:\Program Files (x86)\Common Files\lenovo\easyplussdk\bin;C:\Program Files\Microsoft SQL Server\Client SDK\ODBC\130\Tools\Binn\;C:\Program Files (x86)\Microsoft SQL Server\130\Tools\Binn\;C:\Program Files\Microsoft SQL Server\130\Tools\Binn\;C:\Program Files\Microsoft SQL Server\130\DTS\Binn\;C:\Program Files (x86)\Microsoft SQL Server\Client SDK\ODBC\130\Tools\Binn\;C:\Program Files (x86)\Microsoft SQL Server\140\Tools\Binn\;C:\Program Files (x86)\Microsoft SQL Server\140\DTS\Binn\;C:\Program Files (x86)\Microsoft SQL Server\140\Tools\Binn\ManagementStudio\;C:\Program Files\Java\jdk1.8.0_101\bin;C:\cygwin\bin;C:\MinGW;C:\WINDOWS\System32\OpenSSH\;C:\Program Files\Git\cmd;C:\Program Files\Gemalto\Classic Client\BIN;C:\Program Files (x86)\Gemalto\Classic Client\BIN;C:\Users\user\AppData\Local\Programs\Python\Python37-32\Scripts\;C:\Users\user\AppData\Local\Programs\Python\Python37-32\;C:\Users\user\AppData\Local\Programs\Python\Python36\Scripts\;C:\Users\user\AppData\Local\Programs\Python\Python36\;C:\Users\user\AppData\Local\Microsoft\WindowsApps;C:\Users\user\AppData\Local\GitHubDesktop\bin;C:\Program Files\Java\jre1.8.0_144\bin;C:\Users\user\AppData\Local\Microsoft\WindowsApps;C:\Users\user\AppData\Local\Programs\Microsoft VS Code\bin;;C:\Users\user\AppData\Local\Programs\Webots\lib\controller\
USERNAME=user
OS=Windows_NT
PROCESSOR_IDENTIFIER=Intel64 Family 6 Model 61 Stepping 4, GenuineIntel



---------------  S Y S T E M  ---------------

OS: Windows 10.0 , 64 bit Build 18362 (10.0.18362.329)

CPU:total 4 (initial active 4) (2 cores per cpu, 2 threads per core) family 6 model 61 stepping 4, cmov, cx8, fxsr, mmx, sse, sse2, sse3, ssse3, sse4.1, sse4.2, popcnt, avx, avx2, aes, clmul, erms, 3dnowpref, lzcnt, ht, tsc, tscinvbit, bmi1, bmi2, adx

Memory: 4k page, physical 8301580k(1721380k free), swap 17830220k(8273256k free)

vm_info: Java HotSpot(TM) 64-Bit Server VM (25.144-b01) for windows-amd64 JRE (1.8.0_144-b01), built on Jul 21 2017 21:57:33 by "java_re" with MS VC++ 10.0 (VS2010)

time: Wed Jun 24 22:43:14 2020
elapsed time: 38 seconds (0d 0h 0m 38s)

