#
# A fatal error has been detected by the Java Runtime Environment:
#
#  EXCEPTION_ACCESS_VIOLATION (0xc0000005) at pc=0x00007fffcf62d320, pid=19304, tid=0x0000000000005190
#
# JRE version: Java(TM) SE Runtime Environment (8.0_144-b01) (build 1.8.0_144-b01)
# Java VM: Java HotSpot(TM) 64-Bit Server VM (25.144-b01 mixed mode windows-amd64 compressed oops)
# Problematic frame:
# C  [msvcrt.dll+0x5d320]
#
# Failed to write core dump. Minidumps are not enabled by default on client versions of Windows
#
# If you would like to submit a bug report, please visit:
#   http://bugreport.java.com/bugreport/crash.jsp
# The crash happened outside the Java Virtual Machine in native code.
# See problematic frame for where to report the bug.
#

---------------  T H R E A D  ---------------

Current thread (0x0000000018c4c800):  JavaThread "Thread-0" daemon [_thread_in_native, id=20880, stack(0x00000000193e0000,0x00000000194e0000)]

siginfo: ExceptionCode=0xc0000005, reading address 0x0000000000000000

Registers:
RAX=0x00000000191f41b0, RBX=0x0000000000c69c20, RCX=0x0000000000000000, RDX=0x00000000191f01b0
RSP=0x00000000194de9a8, RBP=0x00000000191f4310, RSI=0x0000000000000000, RDI=0x00000000191f41b0
R8 =0x00000000191f4310, R9 =0x00000000191f41b0, R10=0x0000000000000000, R11=0x8101010101010100
R12=0x0000000000000000, R13=0x0000000000000000, R14=0x00000000194ded28, R15=0x0000000018c4c800
RIP=0x00007fffcf62d320, EFLAGS=0x0000000000010297

Top of Stack: (sp=0x00000000194de9a8)
0x00000000194de9a8:   000000006aa5e359 00000000191f87c0
0x00000000194de9b8:   0000000000000022 00007fffcf692000
0x00000000194de9c8:   000000006aa57ea8 00000000191f4310
0x00000000194de9d8:   000000006aaa4008 00007fffcf692000
0x00000000194de9e8:   00007fffcf691f80 00000000191f87c0
0x00000000194de9f8:   000000006aa5e739 0000000000000027
0x00000000194dea08:   0000000000001000 0000000016be4618
0x00000000194dea18:   000000006aa5b228 0000000000000000
0x00000000194dea28:   0000000000000000 000000006aa99560
0x00000000194dea38:   000000006aaa4008 000000006aa99560
0x00000000194dea48:   00000000191f87c0 00000000194ded28
0x00000000194dea58:   000000006aa5956b 000000006aa99560
0x00000000194dea68:   0000000000000000 0000000000000000
0x00000000194dea78:   00000000000003c0 0000000000000000
0x00000000194dea88:   00000000ffffffff 00000000194deba0
0x00000000194dea98:   00000000194dec10 00000000191f8700 

Instructions: (pc=0x00007fffcf62d320)
0x00007fffcf62d300:   00 00 00 75 e6 90 49 bb 00 01 01 01 01 01 01 81
0x00007fffcf62d310:   49 8d 14 09 66 81 e2 ff 0f 66 81 fa f8 0f 77 cb
0x00007fffcf62d320:   48 8b 01 49 8b 14 09 48 3b c2 75 bf 49 ba ff fe
0x00007fffcf62d330:   fe fe fe fe fe 7e 4c 03 d2 48 83 f0 ff 48 83 c1 


Register to memory mapping:

RAX=0x00000000191f41b0 is an unknown value
RBX=0x0000000000c69c20 is an unknown value
RCX=0x0000000000000000 is an unknown value
RDX=0x00000000191f01b0 is an unknown value
RSP=0x00000000194de9a8 is pointing into the stack for thread: 0x0000000018c4c800
RBP=0x00000000191f4310 is an unknown value
RSI=0x0000000000000000 is an unknown value
RDI=0x00000000191f41b0 is an unknown value
R8 =0x00000000191f4310 is an unknown value
R9 =0x00000000191f41b0 is an unknown value
R10=0x0000000000000000 is an unknown value
R11=0x8101010101010100 is an unknown value
R12=0x0000000000000000 is an unknown value
R13=0x0000000000000000 is an unknown value
R14=0x00000000194ded28 is pointing into the stack for thread: 0x0000000018c4c800
R15=0x0000000018c4c800 is a thread


Stack: [0x00000000193e0000,0x00000000194e0000],  sp=0x00000000194de9a8,  free space=1018k
Native frames: (J=compiled Java code, j=interpreted, Vv=VM code, C=native code)
C  [msvcrt.dll+0x5d320]
C  [Controller.dll+0x1e359]
C  [Controller.dll+0x1e739]
C  [Controller.dll+0x1956b]
C  [Controller.dll+0x1a5b9]
C  [Controller.dll+0x1e5c5]
C  [Controller.dll+0x23887]
C  [CppController.dll+0x2d61]
C  [JavaController.dll+0x72eb]
C  0x0000000002617f74

Java frames: (J=compiled Java code, j=interpreted, Vv=VM code)
j  com.cyberbotics.webots.controller.wrapperJNI.Field_getSFVec3f(JLcom/cyberbotics/webots/controller/Field;)[D+0
j  com.cyberbotics.webots.controller.Field.getSFVec3f()[D+5
j  GoToFood.takeControl()Z+77
j  lejos.robotics.subsumption.Arbitrator$Monitor.run()V+38
v  ~StubRoutines::call_stub

---------------  P R O C E S S  ---------------

Java Threads: ( => current thread )
=>0x0000000018c4c800 JavaThread "Thread-0" daemon [_thread_in_native, id=20880, stack(0x00000000193e0000,0x00000000194e0000)]
  0x0000000018b80800 JavaThread "pool-1-thread-1" [_thread_blocked, id=12128, stack(0x00000000192e0000,0x00000000193e0000)]
  0x0000000018b03800 JavaThread "Service Thread" daemon [_thread_blocked, id=7104, stack(0x0000000018ee0000,0x0000000018fe0000)]
  0x0000000017185800 JavaThread "C1 CompilerThread2" daemon [_thread_blocked, id=8028, stack(0x00000000189e0000,0x0000000018ae0000)]
  0x0000000017176800 JavaThread "C2 CompilerThread1" daemon [_thread_blocked, id=16956, stack(0x00000000188e0000,0x00000000189e0000)]
  0x0000000017171000 JavaThread "C2 CompilerThread0" daemon [_thread_blocked, id=22152, stack(0x00000000187e0000,0x00000000188e0000)]
  0x000000001716f000 JavaThread "Attach Listener" daemon [_thread_blocked, id=16588, stack(0x00000000186e0000,0x00000000187e0000)]
  0x000000001716b800 JavaThread "Signal Dispatcher" daemon [_thread_blocked, id=10408, stack(0x00000000185e0000,0x00000000186e0000)]
  0x000000001715a800 JavaThread "Finalizer" daemon [_thread_blocked, id=12836, stack(0x00000000183e0000,0x00000000184e0000)]
  0x00000000024ff800 JavaThread "Reference Handler" daemon [_thread_blocked, id=15584, stack(0x00000000182e0000,0x00000000183e0000)]
  0x000000000082d800 JavaThread "main" [_thread_in_native, id=10340, stack(0x0000000000b30000,0x0000000000c30000)]

Other Threads:
  0x0000000017138800 VMThread [stack: 0x00000000181e0000,0x00000000182e0000] [id=5036]
  0x0000000018b0e000 WatcherThread [stack: 0x0000000018fe0000,0x00000000190e0000] [id=6692]

VM state:not at safepoint (normal execution)

VM Mutex/Monitor currently owned by a thread: None

Heap:
 PSYoungGen      total 38400K, used 3996K [0x00000000d5c00000, 0x00000000d8680000, 0x0000000100000000)
  eden space 33280K, 12% used [0x00000000d5c00000,0x00000000d5fe72d8,0x00000000d7c80000)
  from space 5120K, 0% used [0x00000000d8180000,0x00000000d8180000,0x00000000d8680000)
  to   space 5120K, 0% used [0x00000000d7c80000,0x00000000d7c80000,0x00000000d8180000)
 ParOldGen       total 87552K, used 0K [0x0000000081400000, 0x0000000086980000, 0x00000000d5c00000)
  object space 87552K, 0% used [0x0000000081400000,0x0000000081400000,0x0000000086980000)
 Metaspace       used 3972K, capacity 4940K, committed 5120K, reserved 1056768K
  class space    used 454K, capacity 500K, committed 512K, reserved 1048576K

Card table byte_map: [0x00000000119c0000,0x0000000011dc0000] byte_map_base: 0x00000000115b6000

Marking Bits: (ParMarkBitMap*) 0x000000006de3d850
 Begin Bits: [0x0000000012470000, 0x0000000014420000)
 End Bits:   [0x0000000014420000, 0x00000000163d0000)

Polling page: 0x00000000003f0000

CodeCache: size=245760Kb used=1288Kb max_used=1297Kb free=244471Kb
 bounds [0x0000000002600000, 0x0000000002870000, 0x0000000011600000]
 total_blobs=382 nmethods=93 adapters=202
 compilation: enabled

Compilation events (10 events):
Event: 0.322 Thread 0x0000000017185800   86       3       java.lang.String::indexOf (166 bytes)
Event: 0.323 Thread 0x0000000017185800 nmethod 86 0x000000000273ea90 code [0x000000000273ec40, 0x000000000273f290]
Event: 0.323 Thread 0x0000000017185800   87       3       java.lang.AbstractStringBuilder::newCapacity (39 bytes)
Event: 0.323 Thread 0x0000000017185800 nmethod 87 0x000000000273f650 code [0x000000000273f7e0, 0x000000000273fbc8]
Event: 0.358 Thread 0x0000000017185800   89 % !   3       lejos.robotics.subsumption.Arbitrator::start @ 7 (108 bytes)
Event: 0.359 Thread 0x0000000017185800 nmethod 89% 0x0000000002740090 code [0x0000000002740260, 0x00000000027409b8]
Event: 0.359 Thread 0x0000000017185800   90   !   3       lejos.robotics.subsumption.Arbitrator::start (108 bytes)
Event: 0.360 Thread 0x0000000017185800 nmethod 90 0x0000000002740c90 code [0x0000000002740e60, 0x0000000002741598]
Event: 0.375 Thread 0x0000000017171000   91 % !   4       lejos.robotics.subsumption.Arbitrator::start @ 7 (108 bytes)
Event: 0.376 Thread 0x0000000017171000 nmethod 91% 0x0000000002744510 code [0x0000000002744660, 0x0000000002744728]

GC Heap History (0 events):
No events

Deoptimization events (1 events):
Event: 5.849 Thread 0x000000000082d800 Uncommon trap: reason=unstable_if action=reinterpret pc=0x00000000027446c4 method=lejos.robotics.subsumption.Arbitrator.start()V @ 12

Internal exceptions (6 events):
Event: 0.052 Thread 0x000000000082d800 Exception <a 'java/lang/NoSuchMethodError': Method sun.misc.Unsafe.defineClass(Ljava/lang/String;[BII)Ljava/lang/Class; name or signature does not match> (0x00000000d5c07ca8) thrown at [C:\re\workspace\8-2-build-windows-amd64-cygwin\jdk8u144\9417\hotspot\
Event: 0.052 Thread 0x000000000082d800 Exception <a 'java/lang/NoSuchMethodError': Method sun.misc.Unsafe.prefetchRead(Ljava/lang/Object;J)V name or signature does not match> (0x00000000d5c07f90) thrown at [C:\re\workspace\8-2-build-windows-amd64-cygwin\jdk8u144\9417\hotspot\src\share\vm\prims
Event: 0.276 Thread 0x000000000082d800 Exception <a 'java/security/PrivilegedActionException'> (0x00000000d5dba0f0) thrown at [C:\re\workspace\8-2-build-windows-amd64-cygwin\jdk8u144\9417\hotspot\src\share\vm\prims\jvm.cpp, line 1390]
Event: 0.276 Thread 0x000000000082d800 Exception <a 'java/security/PrivilegedActionException'> (0x00000000d5dba4e8) thrown at [C:\re\workspace\8-2-build-windows-amd64-cygwin\jdk8u144\9417\hotspot\src\share\vm\prims\jvm.cpp, line 1390]
Event: 0.277 Thread 0x000000000082d800 Exception <a 'java/security/PrivilegedActionException'> (0x00000000d5dbe340) thrown at [C:\re\workspace\8-2-build-windows-amd64-cygwin\jdk8u144\9417\hotspot\src\share\vm\prims\jvm.cpp, line 1390]
Event: 0.277 Thread 0x000000000082d800 Exception <a 'java/security/PrivilegedActionException'> (0x00000000d5dbe738) thrown at [C:\re\workspace\8-2-build-windows-amd64-cygwin\jdk8u144\9417\hotspot\src\share\vm\prims\jvm.cpp, line 1390]

Events (10 events):
Event: 0.324 Thread 0x0000000018c4c800 Thread added: 0x0000000018c4c800
Event: 0.378 Thread 0x000000000082d800 DEOPT PACKING pc=0x000000000274081c sp=0x0000000000c2f190
Event: 0.378 Thread 0x000000000082d800 DEOPT UNPACKING pc=0x000000000264787f sp=0x0000000000c2eef0 mode 0
Event: 4.198 Executing VM operation: EnableBiasedLocking
Event: 4.198 Executing VM operation: EnableBiasedLocking done
Event: 5.848 loading class java/lang/StrictMath
Event: 5.848 loading class java/lang/StrictMath done
Event: 5.849 Thread 0x000000000082d800 Uncommon trap: trap_request=0xffffff65 fr.pc=0x00000000027446c4
Event: 5.849 Thread 0x000000000082d800 DEOPT PACKING pc=0x00000000027446c4 sp=0x0000000000c2f1c0
Event: 5.849 Thread 0x000000000082d800 DEOPT UNPACKING pc=0x000000000264582a sp=0x0000000000c2f170 mode 2


Dynamic libraries:
0x00007ff7cffa0000 - 0x00007ff7cffd7000 	C:\ProgramData\Oracle\Java\javapath\javaw.exe
0x00007fffd0280000 - 0x00007fffd0470000 	C:\WINDOWS\SYSTEM32\ntdll.dll
0x00007fffcf670000 - 0x00007fffcf722000 	C:\WINDOWS\System32\KERNEL32.DLL
0x00007fffce000000 - 0x00007fffce2a3000 	C:\WINDOWS\System32\KERNELBASE.dll
0x00007fffcf520000 - 0x00007fffcf5c3000 	C:\WINDOWS\System32\ADVAPI32.dll
0x00007fffcf5d0000 - 0x00007fffcf66e000 	C:\WINDOWS\System32\msvcrt.dll
0x00007fffce820000 - 0x00007fffce8b7000 	C:\WINDOWS\System32\sechost.dll
0x00007fffcec20000 - 0x00007fffced40000 	C:\WINDOWS\System32\RPCRT4.dll
0x00007fffce8c0000 - 0x00007fffcea54000 	C:\WINDOWS\System32\USER32.dll
0x00007fffcd370000 - 0x00007fffcd391000 	C:\WINDOWS\System32\win32u.dll
0x00007fffd0070000 - 0x00007fffd0096000 	C:\WINDOWS\System32\GDI32.dll
0x00007fffcd3a0000 - 0x00007fffcd534000 	C:\WINDOWS\System32\gdi32full.dll
0x00007fffcd540000 - 0x00007fffcd5de000 	C:\WINDOWS\System32\msvcp_win.dll
0x00007fffcdd60000 - 0x00007fffcde5a000 	C:\WINDOWS\System32\ucrtbase.dll
0x00007fffbee90000 - 0x00007fffbf115000 	C:\WINDOWS\WinSxS\amd64_microsoft.windows.common-controls_6595b64144ccf1df_6.0.18362.476_none_e6c4b11b130f2595\COMCTL32.dll
0x00007fffce4e0000 - 0x00007fffce816000 	C:\WINDOWS\System32\combase.dll
0x00007fffcd2c0000 - 0x00007fffcd340000 	C:\WINDOWS\System32\bcryptPrimitives.dll
0x00007fffcfe20000 - 0x00007fffcfe4e000 	C:\WINDOWS\System32\IMM32.DLL
0x000000006e310000 - 0x000000006e3e2000 	C:\Program Files\Java\jre1.8.0_144\bin\msvcr100.dll
0x000000006d620000 - 0x000000006debd000 	C:\Program Files\Java\jre1.8.0_144\bin\server\jvm.dll
0x00007fffcec10000 - 0x00007fffcec18000 	C:\WINDOWS\System32\PSAPI.DLL
0x00007fffba730000 - 0x00007fffba739000 	C:\WINDOWS\SYSTEM32\WSOCK32.dll
0x00007fffd01d0000 - 0x00007fffd023f000 	C:\WINDOWS\System32\WS2_32.dll
0x00007fffcade0000 - 0x00007fffcae04000 	C:\WINDOWS\SYSTEM32\WINMM.dll
0x00007fffcadb0000 - 0x00007fffcaddd000 	C:\WINDOWS\SYSTEM32\WINMMBASE.dll
0x00007fffc3be0000 - 0x00007fffc3bea000 	C:\WINDOWS\SYSTEM32\VERSION.dll
0x00007fffcdfb0000 - 0x00007fffcdffa000 	C:\WINDOWS\System32\cfgmgr32.dll
0x0000000070230000 - 0x000000007023f000 	C:\Program Files\Java\jre1.8.0_144\bin\verify.dll
0x0000000070200000 - 0x0000000070229000 	C:\Program Files\Java\jre1.8.0_144\bin\java.dll
0x00000000701e0000 - 0x00000000701f6000 	C:\Program Files\Java\jre1.8.0_144\bin\zip.dll
0x00007fffcf730000 - 0x00007fffcfe15000 	C:\WINDOWS\System32\SHELL32.dll
0x00007fffcfed0000 - 0x00007fffcff79000 	C:\WINDOWS\System32\shcore.dll
0x00007fffcd5e0000 - 0x00007fffcdd5e000 	C:\WINDOWS\System32\windows.storage.dll
0x00007fffcd1f0000 - 0x00007fffcd20f000 	C:\WINDOWS\System32\profapi.dll
0x00007fffcd160000 - 0x00007fffcd1aa000 	C:\WINDOWS\System32\powrprof.dll
0x00007fffcd150000 - 0x00007fffcd160000 	C:\WINDOWS\System32\UMPDC.dll
0x00007fffcebb0000 - 0x00007fffcec02000 	C:\WINDOWS\System32\shlwapi.dll
0x00007fffcd1b0000 - 0x00007fffcd1c1000 	C:\WINDOWS\System32\kernel.appcore.dll
0x00007fffce310000 - 0x00007fffce327000 	C:\WINDOWS\System32\cryptsp.dll
0x000000006e780000 - 0x000000006e7f1000 	C:\Users\user\AppData\Local\Programs\Webots\lib\controller\java\JavaController.dll
0x0000000061440000 - 0x000000006145c000 	C:\Users\user\AppData\Local\Programs\Webots\msys64\mingw64\bin\libgcc_s_seh-1.dll
0x000000006fc40000 - 0x000000006fdf3000 	C:\Users\user\AppData\Local\Programs\Webots\msys64\mingw64\bin\libstdc++-6.dll
0x0000000064940000 - 0x0000000064956000 	C:\Users\user\AppData\Local\Programs\Webots\msys64\mingw64\bin\libwinpthread-1.dll
0x0000000064f40000 - 0x0000000064fe5000 	C:\Users\user\AppData\Local\Programs\Webots\lib\controller\CppController.dll
0x000000006aa40000 - 0x000000006aabf000 	C:\Users\user\AppData\Local\Programs\Webots\lib\controller\Controller.dll
0x0000000063e00000 - 0x0000000063e0e000 	C:\Users\user\AppData\Local\Programs\Webots\RESOUR~1\projects\plugins\ROBOT_~1\generic\generic.dll
0x00007fffc37d0000 - 0x00007fffc39c4000 	C:\WINDOWS\SYSTEM32\dbghelp.dll

VM Arguments:
jvm_args: -Djava.library.path=C:/Users/user/AppData/Local/Programs/Webots/lib/controller/java 
java_command: ForagingControllerKhepera
java_class_path (initial): C:/Users/user/AppData/Local/Programs/Webots/lib/controller/java\Controller.jar;C:/Users/user/DOCUME~1/FORAGI~1/CONTRO~1/FORAGI~1/
Launcher Type: SUN_STANDARD

Environment Variables:
JAVA_HOME=C:\Program Files\Java\jdk1.8.0_101
JRE_HOME=C:\Program Files\Java\jre1.8.0_144
PATH=C:\Users\user\AppData\Local\Programs\Webots\projects\default\libraries\vehicle;C:\Users\user\AppData\Local\Programs\Webots\resources\projects\libraries\qt_utils;C:\Users\user\AppData\Local\Programs\Webots\msys64\mingw64\bin;Path=C:\Users\user\AppData\Local\Programs\Webots\msys64\mingw64\bin;C:\Users\user\AppData\Local\Programs\Webots\msys64\usr\bin;C:\ProgramData\Oracle\Java\javapath;C:\Program Files (x86)\Lenovo\FusionEngine;C:\WINDOWS\system32;C:\WINDOWS;C:\WINDOWS\System32\Wbem;C:\WINDOWS\System32\WindowsPowerShell\v1.0\;C:\Program Files (x86)\Common Files\lenovo\easyplussdk\bin;C:\Program Files\Microsoft SQL Server\Client SDK\ODBC\130\Tools\Binn\;C:\Program Files (x86)\Microsoft SQL Server\130\Tools\Binn\;C:\Program Files\Microsoft SQL Server\130\Tools\Binn\;C:\Program Files\Microsoft SQL Server\130\DTS\Binn\;C:\Program Files (x86)\Microsoft SQL Server\Client SDK\ODBC\130\Tools\Binn\;C:\Program Files (x86)\Microsoft SQL Server\140\Tools\Binn\;C:\Program Files (x86)\Microsoft SQL Server\140\DTS\Binn\;C:\Program Files (x86)\Microsoft SQL Server\140\Tools\Binn\ManagementStudio\;C:\Program Files\Java\jdk1.8.0_101\bin;C:\cygwin\bin;C:\MinGW;C:\WINDOWS\System32\OpenSSH\;C:\Program Files\Git\cmd;C:\Program Files\Gemalto\Classic Client\BIN;C:\Program Files (x86)\Gemalto\Classic Client\BIN;C:\Users\user\AppData\Local\Programs\Python\Python37-32\Scripts\;C:\Users\user\AppData\Local\Programs\Python\Python37-32\;C:\Users\user\AppData\Local\Programs\Python\Python36\Scripts\;C:\Users\user\AppData\Local\Programs\Python\Python36\;C:\Users\user\AppData\Local\Microsoft\WindowsApps;C:\Users\user\AppData\Local\GitHubDesktop\bin;C:\Program Files\Java\jre1.8.0_144\bin;C:\Users\user\AppData\Local\Microsoft\WindowsApps;C:\Users\user\AppData\Local\Programs\Microsoft VS Code\bin;;C:\Users\user\AppData\Local\Programs\Webots\lib\controller\
USERNAME=user
OS=Windows_NT
PROCESSOR_IDENTIFIER=Intel64 Family 6 Model 61 Stepping 4, GenuineIntel



---------------  S Y S T E M  ---------------

OS: Windows 10.0 , 64 bit Build 18362 (10.0.18362.329)

CPU:total 4 (initial active 4) (2 cores per cpu, 2 threads per core) family 6 model 61 stepping 4, cmov, cx8, fxsr, mmx, sse, sse2, sse3, ssse3, sse4.1, sse4.2, popcnt, avx, avx2, aes, clmul, erms, 3dnowpref, lzcnt, ht, tsc, tscinvbit, bmi1, bmi2, adx

Memory: 4k page, physical 8301580k(3141132k free), swap 17830220k(8113160k free)

vm_info: Java HotSpot(TM) 64-Bit Server VM (25.144-b01) for windows-amd64 JRE (1.8.0_144-b01), built on Jul 21 2017 21:57:33 by "java_re" with MS VC++ 10.0 (VS2010)

time: Tue Jun 23 23:14:49 2020
elapsed time: 10 seconds (0d 0h 0m 10s)

