#
# A fatal error has been detected by the Java Runtime Environment:
#
#  EXCEPTION_ACCESS_VIOLATION (0xc0000005) at pc=0x00007ffeea4ed320, pid=13188, tid=0x0000000000002ff8
#
# JRE version: Java(TM) SE Runtime Environment (8.0_101-b13) (build 1.8.0_101-b13)
# Java VM: Java HotSpot(TM) 64-Bit Server VM (25.101-b13 mixed mode windows-amd64 compressed oops)
# Problematic frame:
# C  [msvcrt.dll+0x5d320]
#
# Failed to write core dump. Minidumps are not enabled by default on client versions of Windows
#
# If you would like to submit a bug report, please visit:
#   http://bugreport.java.com/bugreport/crash.jsp
# The crash happened outside the Java Virtual Machine in native code.
# See problematic frame for where to report the bug.
#

---------------  T H R E A D  ---------------

Current thread (0x00000000196a2000):  JavaThread "Thread-0" daemon [_thread_in_native, id=12280, stack(0x0000000019df0000,0x0000000019ef0000)]

siginfo: ExceptionCode=0xc0000005, reading address 0x0000000000000000

Registers:
RAX=0x0000000019c27710, RBX=0x0000000019c288f0, RCX=0x0000000000000000, RDX=0x0000000002ff0340
RSP=0x0000000019eeedb8, RBP=0x0000000019c27710, RSI=0x000000000000033f, RDI=0x0000000002fff340
R8 =0x0000000019c27710, R9 =0x0000000002fff340, R10=0x00000000000000c0, R11=0x8101010101010100
R12=0x0000000000000000, R13=0x000000000000001c, R14=0x0000000019eeefe8, R15=0x00000000196a2000
RIP=0x00007ffeea4ed320, EFLAGS=0x0000000000010297

Top of Stack: (sp=0x0000000019eeedb8)
0x0000000019eeedb8:   000000006aa5e359 0000000019c073e0
0x0000000019eeedc8:   000000000000001c 00007ffeeb312000
0x0000000019eeedd8:   000000006aa57ea8 000000000000033f
0x0000000019eeede8:   0000000000000000 00007ffeeb312000
0x0000000019eeedf8:   00007ffeeb311f80 0000000019c073e0
0x0000000019eeee08:   000000006aa5eb21 000000000000001c
0x0000000019eeee18:   0000000000001000 0000000019c07600
0x0000000019eeee28:   000000006aa5b228 0000000000000000
0x0000000019eeee38:   0000000000000000 000000006aa99560
0x0000000019eeee48:   000000006aaa4008 000000006aa99560
0x0000000019eeee58:   0000000019c073e0 0000000019eeefe8
0x0000000019eeee68:   000000006aa5956b 000000006aa99560
0x0000000019eeee78:   0000000000000000 0000000000000000
0x0000000019eeee88:   00000000000003c0 00007ffeeb311f80
0x0000000019eeee98:   0000000017712e00 00000000000000e6
0x0000000019eeeea8:   0000000019eeef50 0000000000000020 

Instructions: (pc=0x00007ffeea4ed320)
0x00007ffeea4ed300:   00 00 00 75 e6 90 49 bb 00 01 01 01 01 01 01 81
0x00007ffeea4ed310:   49 8d 14 09 66 81 e2 ff 0f 66 81 fa f8 0f 77 cb
0x00007ffeea4ed320:   48 8b 01 49 8b 14 09 48 3b c2 75 bf 49 ba ff fe
0x00007ffeea4ed330:   fe fe fe fe fe 7e 4c 03 d2 48 83 f0 ff 48 83 c1 


Register to memory mapping:

RAX=0x0000000019c27710 is an unknown value
RBX=0x0000000019c288f0 is an unknown value
RCX=0x0000000000000000 is an unknown value
RDX=0x0000000002ff0340 is pointing into the stack for thread: 0x0000000002efe000
RSP=0x0000000019eeedb8 is pointing into the stack for thread: 0x00000000196a2000
RBP=0x0000000019c27710 is an unknown value
RSI=0x000000000000033f is an unknown value
RDI=0x0000000002fff340 is pointing into the stack for thread: 0x0000000002efe000
R8 =0x0000000019c27710 is an unknown value
R9 =0x0000000002fff340 is pointing into the stack for thread: 0x0000000002efe000
R10=0x00000000000000c0 is an unknown value
R11=0x8101010101010100 is an unknown value
R12=0x0000000000000000 is an unknown value
R13=0x000000000000001c is an unknown value
R14=0x0000000019eeefe8 is pointing into the stack for thread: 0x00000000196a2000
R15=0x00000000196a2000 is a thread


Stack: [0x0000000019df0000,0x0000000019ef0000],  sp=0x0000000019eeedb8,  free space=1019k
Native frames: (J=compiled Java code, j=interpreted, Vv=VM code, C=native code)
C  [msvcrt.dll+0x5d320]
C  [Controller.dll+0x1e359]
C  [Controller.dll+0x1eb21]
C  [Controller.dll+0x1956b]
C  [Controller.dll+0x19c47]
C  [CppController.dll+0x5b95]
C  [JavaController.dll+0x5bc7]
C  0x000000000326a2d8

Java frames: (J=compiled Java code, j=interpreted, Vv=VM code)
J 192  com.cyberbotics.webots.controller.wrapperJNI.Robot_step(JLcom/cyberbotics/webots/controller/Robot;I)I (0 bytes) @ 0x000000000326a25a [0x000000000326a200+0x5a]
J 193 C1 Avoid.takeControl()Z (22 bytes) @ 0x000000000326ab1c [0x000000000326a980+0x19c]
j  lejos.robotics.subsumption.Arbitrator$Monitor.run()V+38
v  ~StubRoutines::call_stub

---------------  P R O C E S S  ---------------

Java Threads: ( => current thread )
=>0x00000000196a2000 JavaThread "Thread-0" daemon [_thread_in_native, id=12280, stack(0x0000000019df0000,0x0000000019ef0000)]
  0x00000000196a1800 JavaThread "pool-1-thread-1" [_thread_blocked, id=11844, stack(0x0000000019cf0000,0x0000000019df0000)]
  0x0000000019613000 JavaThread "Service Thread" daemon [_thread_blocked, id=10912, stack(0x00000000199f0000,0x0000000019af0000)]
  0x0000000017c7b800 JavaThread "C1 CompilerThread2" daemon [_thread_blocked, id=13076, stack(0x00000000194f0000,0x00000000195f0000)]
  0x0000000017c76000 JavaThread "C2 CompilerThread1" daemon [_thread_blocked, id=6568, stack(0x00000000193f0000,0x00000000194f0000)]
  0x0000000017c6f000 JavaThread "C2 CompilerThread0" daemon [_thread_blocked, id=13376, stack(0x00000000192f0000,0x00000000193f0000)]
  0x0000000017c6d800 JavaThread "Attach Listener" daemon [_thread_blocked, id=9752, stack(0x00000000191f0000,0x00000000192f0000)]
  0x0000000017c6a800 JavaThread "Signal Dispatcher" daemon [_thread_blocked, id=13124, stack(0x00000000190f0000,0x00000000191f0000)]
  0x0000000017c5a800 JavaThread "Finalizer" daemon [_thread_blocked, id=14348, stack(0x0000000018ef0000,0x0000000018ff0000)]
  0x00000000030ef000 JavaThread "Reference Handler" daemon [_thread_blocked, id=17312, stack(0x0000000018df0000,0x0000000018ef0000)]
  0x0000000002efe000 JavaThread "main" [_thread_in_native, id=1288, stack(0x0000000002f00000,0x0000000003000000)]

Other Threads:
  0x0000000017c37800 VMThread [stack: 0x0000000018cf0000,0x0000000018df0000] [id=9032]
  0x0000000019620000 WatcherThread [stack: 0x0000000019af0000,0x0000000019bf0000] [id=4692]

VM state:not at safepoint (normal execution)

VM Mutex/Monitor currently owned by a thread: None

Heap:
 PSYoungGen      total 38400K, used 5356K [0x00000000d5c00000, 0x00000000d8680000, 0x0000000100000000)
  eden space 33280K, 16% used [0x00000000d5c00000,0x00000000d613b058,0x00000000d7c80000)
  from space 5120K, 0% used [0x00000000d8180000,0x00000000d8180000,0x00000000d8680000)
  to   space 5120K, 0% used [0x00000000d7c80000,0x00000000d7c80000,0x00000000d8180000)
 ParOldGen       total 87552K, used 0K [0x0000000081400000, 0x0000000086980000, 0x00000000d5c00000)
  object space 87552K, 0% used [0x0000000081400000,0x0000000081400000,0x0000000086980000)
 Metaspace       used 4094K, capacity 4908K, committed 5120K, reserved 1056768K
  class space    used 447K, capacity 468K, committed 512K, reserved 1048576K

Card table byte_map: [0x00000000124c0000,0x00000000128c0000] byte_map_base: 0x00000000120b6000

Marking Bits: (ParMarkBitMap*) 0x0000000073e6a6d0
 Begin Bits: [0x0000000012f70000, 0x0000000014f20000)
 End Bits:   [0x0000000014f20000, 0x0000000016ed0000)

Polling page: 0x00000000010e0000

CodeCache: size=245760Kb used=1570Kb max_used=1583Kb free=244189Kb
 bounds [0x0000000003100000, 0x0000000003370000, 0x0000000012100000]
 total_blobs=560 nmethods=270 adapters=203
 compilation: enabled

Compilation events (10 events):
Event: 32.005 Thread 0x0000000017c6f000  266       4       java.lang.AbstractStringBuilder::append (50 bytes)
Event: 32.020 Thread 0x0000000017c6f000 nmethod 266 0x0000000003286990 code [0x0000000003286ae0, 0x0000000003286ed8]
Event: 32.475 Thread 0x0000000017c7b800  267       3       java.lang.Long::equals (30 bytes)
Event: 32.475 Thread 0x0000000017c7b800 nmethod 267 0x000000000328a690 code [0x000000000328a800, 0x000000000328acd0]
Event: 32.475 Thread 0x0000000017c7b800  268       3       java.lang.Long::longValue (5 bytes)
Event: 32.475 Thread 0x0000000017c7b800 nmethod 268 0x0000000003286690 code [0x00000000032867e0, 0x0000000003286930]
Event: 32.689 Thread 0x0000000017c7b800  269       3       FollowTrail::takeControl (22 bytes)
Event: 32.690 Thread 0x0000000017c7b800 nmethod 269 0x000000000328a110 code [0x000000000328a280, 0x000000000328a578]
Event: 35.233 Thread 0x0000000017c6f000  270       4       java.lang.AbstractStringBuilder::append (62 bytes)
Event: 35.256 Thread 0x0000000017c6f000 nmethod 270 0x000000000328cd10 code [0x000000000328ce80, 0x000000000328d6d8]

GC Heap History (0 events):
No events

Deoptimization events (0 events):
No events

Internal exceptions (6 events):
Event: 0.049 Thread 0x0000000002efe000 Exception <a 'java/lang/NoSuchMethodError': Method sun.misc.Unsafe.defineClass(Ljava/lang/String;[BII)Ljava/lang/Class; name or signature does not match> (0x00000000d5c07cc0) thrown at [C:\re\workspace\8-2-build-windows-amd64-cygwin\jdk8u101\7261\hotspot\sˆž”I©?
Event: 0.049 Thread 0x0000000002efe000 Exception <a 'java/lang/NoSuchMethodError': Method sun.misc.Unsafe.prefetchRead(Ljava/lang/Object;J)V name or signature does not match> (0x00000000d5c07fa8) thrown at [C:\re\workspace\8-2-build-windows-amd64-cygwin\jdk8u101\7261\hotspot\src\share\vm\prims\Q5Õî²Î%@
Event: 10.904 Thread 0x0000000002efe000 Exception <a 'java/security/PrivilegedActionException'> (0x00000000d5df2008) thrown at [C:\re\workspace\8-2-build-windows-amd64-cygwin\jdk8u101\7261\hotspot\src\share\vm\prims\jvm.cpp, line 1386]
Event: 10.904 Thread 0x0000000002efe000 Exception <a 'java/security/PrivilegedActionException'> (0x00000000d5df2400) thrown at [C:\re\workspace\8-2-build-windows-amd64-cygwin\jdk8u101\7261\hotspot\src\share\vm\prims\jvm.cpp, line 1386]
Event: 10.916 Thread 0x0000000002efe000 Exception <a 'java/security/PrivilegedActionException'> (0x00000000d5df64d0) thrown at [C:\re\workspace\8-2-build-windows-amd64-cygwin\jdk8u101\7261\hotspot\src\share\vm\prims\jvm.cpp, line 1386]
Event: 10.916 Thread 0x0000000002efe000 Exception <a 'java/security/PrivilegedActionException'> (0x00000000d5df68c8) thrown at [C:\re\workspace\8-2-build-windows-amd64-cygwin\jdk8u101\7261\hotspot\src\share\vm\prims\jvm.cpp, line 1386]

Events (10 events):
Event: 10.940 loading class sun/misc/FloatingDecimal$PreparedASCIIToBinaryBuffer
Event: 10.940 loading class sun/misc/FloatingDecimal$ASCIIToBinaryConverter
Event: 10.941 loading class sun/misc/FloatingDecimal$ASCIIToBinaryConverter done
Event: 10.941 loading class sun/misc/FloatingDecimal$PreparedASCIIToBinaryBuffer done
Event: 10.941 loading class sun/misc/FDBigInteger
Event: 10.941 loading class sun/misc/FDBigInteger done
Event: 23.226 loading class java/lang/Math$RandomNumberGeneratorHolder
Event: 23.227 loading class java/lang/Math$RandomNumberGeneratorHolder done
Event: 23.227 loading class java/util/Random
Event: 23.228 loading class java/util/Random done


Dynamic libraries:
0x00007ff7c5b60000 - 0x00007ff7c5b97000 	C:\Program Files\Java\jdk1.8.0_101\bin\javaw.exe
0x00007ffeeba20000 - 0x00007ffeebc10000 	C:\WINDOWS\SYSTEM32\ntdll.dll
0x00007ffeeb2f0000 - 0x00007ffeeb3a2000 	C:\WINDOWS\System32\KERNEL32.DLL
0x00007ffee93f0000 - 0x00007ffee9693000 	C:\WINDOWS\System32\KERNELBASE.dll
0x00007ffeeb6c0000 - 0x00007ffeeb763000 	C:\WINDOWS\System32\ADVAPI32.dll
0x00007ffeea490000 - 0x00007ffeea52e000 	C:\WINDOWS\System32\msvcrt.dll
0x00007ffeeb820000 - 0x00007ffeeb8b7000 	C:\WINDOWS\System32\sechost.dll
0x00007ffeeb8c0000 - 0x00007ffeeb9e0000 	C:\WINDOWS\System32\RPCRT4.dll
0x00007ffee9ce0000 - 0x00007ffee9e74000 	C:\WINDOWS\System32\USER32.dll
0x00007ffee9850000 - 0x00007ffee9871000 	C:\WINDOWS\System32\win32u.dll
0x00007ffeeabd0000 - 0x00007ffeeabf6000 	C:\WINDOWS\System32\GDI32.dll
0x00007ffee89e0000 - 0x00007ffee8b74000 	C:\WINDOWS\System32\gdi32full.dll
0x00007ffee9300000 - 0x00007ffee939e000 	C:\WINDOWS\System32\msvcp_win.dll
0x00007ffee9880000 - 0x00007ffee997a000 	C:\WINDOWS\System32\ucrtbase.dll
0x00007ffedbd60000 - 0x00007ffedbfe5000 	C:\WINDOWS\WinSxS\amd64_microsoft.windows.common-controls_6595b64144ccf1df_6.0.18362.476_none_e6c4b11b130f2595\COMCTL32.dll
0x00007ffeea530000 - 0x00007ffeea866000 	C:\WINDOWS\System32\combase.dll
0x00007ffee96a0000 - 0x00007ffee9720000 	C:\WINDOWS\System32\bcryptPrimitives.dll
0x00007ffee9cb0000 - 0x00007ffee9cde000 	C:\WINDOWS\System32\IMM32.DLL
0x0000000074a60000 - 0x0000000074b32000 	C:\Program Files\Java\jdk1.8.0_101\jre\bin\msvcr100.dll
0x0000000073650000 - 0x0000000073eea000 	C:\Program Files\Java\jdk1.8.0_101\jre\bin\server\jvm.dll
0x00007ffee9b50000 - 0x00007ffee9b58000 	C:\WINDOWS\System32\PSAPI.DLL
0x00007ffee5bd0000 - 0x00007ffee5bf4000 	C:\WINDOWS\SYSTEM32\WINMM.dll
0x00007ffedf5a0000 - 0x00007ffedf5aa000 	C:\WINDOWS\SYSTEM32\VERSION.dll
0x00007ffed5e40000 - 0x00007ffed5e49000 	C:\WINDOWS\SYSTEM32\WSOCK32.dll
0x00007ffee5ba0000 - 0x00007ffee5bcd000 	C:\WINDOWS\SYSTEM32\winmmbase.dll
0x00007ffeea870000 - 0x00007ffeea8df000 	C:\WINDOWS\System32\WS2_32.dll
0x00007ffee93a0000 - 0x00007ffee93ea000 	C:\WINDOWS\System32\cfgmgr32.dll
0x0000000075b60000 - 0x0000000075b6f000 	C:\Program Files\Java\jdk1.8.0_101\jre\bin\verify.dll
0x0000000075b30000 - 0x0000000075b59000 	C:\Program Files\Java\jdk1.8.0_101\jre\bin\java.dll
0x0000000075b10000 - 0x0000000075b26000 	C:\Program Files\Java\jdk1.8.0_101\jre\bin\zip.dll
0x00007ffeeac00000 - 0x00007ffeeb2e5000 	C:\WINDOWS\System32\SHELL32.dll
0x00007ffeeb770000 - 0x00007ffeeb819000 	C:\WINDOWS\System32\shcore.dll
0x00007ffee8b80000 - 0x00007ffee92fe000 	C:\WINDOWS\System32\windows.storage.dll
0x00007ffee8950000 - 0x00007ffee896f000 	C:\WINDOWS\System32\profapi.dll
0x00007ffee8900000 - 0x00007ffee894a000 	C:\WINDOWS\System32\powrprof.dll
0x00007ffee88f0000 - 0x00007ffee8900000 	C:\WINDOWS\System32\UMPDC.dll
0x00007ffeea370000 - 0x00007ffeea3c2000 	C:\WINDOWS\System32\shlwapi.dll
0x00007ffee8990000 - 0x00007ffee89a1000 	C:\WINDOWS\System32\kernel.appcore.dll
0x00007ffee9780000 - 0x00007ffee9797000 	C:\WINDOWS\System32\cryptsp.dll
0x000000006e780000 - 0x000000006e7f1000 	C:\Program Files\Webots\lib\controller\java\JavaController.dll
0x0000000061440000 - 0x000000006145c000 	C:\Program Files\Webots\msys64\mingw64\bin\libgcc_s_seh-1.dll
0x000000006fc40000 - 0x000000006fdf3000 	C:\Program Files\Webots\msys64\mingw64\bin\libstdc++-6.dll
0x0000000064940000 - 0x0000000064956000 	C:\Program Files\Webots\msys64\mingw64\bin\libwinpthread-1.dll
0x0000000064f40000 - 0x0000000064fe5000 	C:\Program Files\Webots\lib\controller\CppController.dll
0x000000006aa40000 - 0x000000006aabf000 	C:\Program Files\Webots\lib\controller\Controller.dll
0x0000000063e00000 - 0x0000000063e0e000 	C:\PROGRA~1\Webots\RESOUR~1\projects\plugins\ROBOT_~1\generic\generic.dll
0x00007ffedef20000 - 0x00007ffedf114000 	C:\WINDOWS\SYSTEM32\dbghelp.dll

VM Arguments:
jvm_args: -Djava.library.path=C:/Program Files/Webots/lib/controller/java 
java_command: ForagingControllerKhepera
java_class_path (initial): C:/Program Files/Webots/lib/controller/java\Controller.jar;C:/Users/user/DOCUME~1/GitHub/FORAGI~1/CONTRO~1/FORAGI~1/
Launcher Type: SUN_STANDARD

Environment Variables:
JAVA_HOME=C:\Program Files\Java\jdk1.8.0_101
PATH=C:\Program Files\Webots\projects\default\libraries\vehicle;C:\Program Files\Webots\resources\projects\libraries\qt_utils;C:\Program Files\Webots\msys64\mingw64\bin;Path=C:\Program Files\Webots\msys64\mingw64\bin;C:\Program Files\Webots\msys64\usr\bin;C:\Program Files (x86)\Lenovo\FusionEngine;C:\WINDOWS\system32;C:\WINDOWS;C:\WINDOWS\System32\Wbem;C:\WINDOWS\System32\WindowsPowerShell\v1.0\;C:\Program Files (x86)\Common Files\lenovo\easyplussdk\bin;C:\Program Files\Microsoft SQL Server\Client SDK\ODBC\130\Tools\Binn\;C:\Program Files (x86)\Microsoft SQL Server\130\Tools\Binn\;C:\Program Files\Microsoft SQL Server\130\Tools\Binn\;C:\Program Files\Microsoft SQL Server\130\DTS\Binn\;C:\Program Files (x86)\Microsoft SQL Server\Client SDK\ODBC\130\Tools\Binn\;C:\Program Files (x86)\Microsoft SQL Server\140\Tools\Binn\;C:\Program Files (x86)\Microsoft SQL Server\140\DTS\Binn\;C:\Program Files (x86)\Microsoft SQL Server\140\Tools\Binn\ManagementStudio\;C:\Program Files\Java\jdk1.8.0_101\bin;C:\cygwin\bin;C:\MinGW;C:\WINDOWS\System32\OpenSSH\;C:\Program Files\Git\cmd;C:\Program Files\Gemalto\Classic Client\BIN;C:\Program Files (x86)\Gemalto\Classic Client\BIN;C:\Users\user\AppData\Local\Programs\Python\Python37-32\Scripts\;C:\Users\user\AppData\Local\Programs\Python\Python37-32\;C:\Users\user\AppData\Local\Programs\Python\Python36\Scripts\;C:\Users\user\AppData\Local\Programs\Python\Python36\;C:\Users\user\AppData\Local\Microsoft\WindowsApps;C:\Users\user\AppData\Local\GitHubDesktop\bin;C:\Users\user\AppData\Local\Microsoft\WindowsApps;C:\Users\user\AppData\Local\Programs\Microsoft VS Code\bin;C:\Program Files\Webots\lib\controller\
USERNAME=user
OS=Windows_NT
PROCESSOR_IDENTIFIER=Intel64 Family 6 Model 61 Stepping 4, GenuineIntel



---------------  S Y S T E M  ---------------

OS: Windows 10.0 , 64 bit Build 18362 (10.0.18362.329)

CPU:total 4 (2 cores per cpu, 2 threads per core) family 6 model 61 stepping 4, cmov, cx8, fxsr, mmx, sse, sse2, sse3, ssse3, sse4.1, sse4.2, popcnt, avx, avx2, aes, clmul, erms, 3dnowpref, lzcnt, ht, tsc, tscinvbit, bmi1, bmi2, adx

Memory: 4k page, physical 8301580k(3108148k free), swap 12364812k(5370608k free)

vm_info: Java HotSpot(TM) 64-Bit Server VM (25.101-b13) for windows-amd64 JRE (1.8.0_101-b13), built on Jun 22 2016 01:21:29 by "java_re" with MS VC++ 10.0 (VS2010)

time: Mon Jul 06 14:16:35 2020
elapsed time: 38 seconds (0d 0h 0m 38s)

