#
# A fatal error has been detected by the Java Runtime Environment:
#
#  EXCEPTION_ACCESS_VIOLATION (0xc0000005) at pc=0x00007ffd31a9d323, pid=13848, tid=0x00000000000010fc
#
# JRE version: Java(TM) SE Runtime Environment (8.0_144-b01) (build 1.8.0_144-b01)
# Java VM: Java HotSpot(TM) 64-Bit Server VM (25.144-b01 mixed mode windows-amd64 compressed oops)
# Problematic frame:
# C  [msvcrt.dll+0x5d323]
#
# Failed to write core dump. Minidumps are not enabled by default on client versions of Windows
#
# If you would like to submit a bug report, please visit:
#   http://bugreport.java.com/bugreport/crash.jsp
# The crash happened outside the Java Virtual Machine in native code.
# See problematic frame for where to report the bug.
#

---------------  T H R E A D  ---------------

Current thread (0x000000000258d800):  JavaThread "main" [_thread_in_native, id=4348, stack(0x0000000002770000,0x0000000002870000)]

siginfo: ExceptionCode=0xc0000005, reading address 0x0000000000000000

Registers:
RAX=0x00000065756c6176, RBX=0x000000000286f270, RCX=0x000000000286f270, RDX=0x0000000000000000
RSP=0x000000000286f1b8, RBP=0x000000000286f230, RSI=0x000000000000031c, RDI=0x000000000287f026
R8 =0x000000000286f118, R9 =0xfffffffffd790d90, R10=0x0000000000000000, R11=0x8101010101010100
R12=0x00000000194441b0, R13=0x00000000d68cf3a0, R14=0x000000000286f308, R15=0x000000000258d800
RIP=0x00007ffd31a9d323, EFLAGS=0x0000000000010293

Top of Stack: (sp=0x000000000286f1b8)
0x000000000286f1b8:   000000006aa60ac9 000000000286f270
0x000000000286f1c8:   000000000287f020 0000000000000000
0x000000000286f1d8:   00000000000003c0 000000000258d9f8
0x000000000286f1e8:   000000000287f020 000000000286f2e8
0x000000000286f1f8:   0000000064f44de3 000000000287f020
0x000000000286f208:   000000006c4412b1 0000000000000000
0x000000000286f218:   0000000000000005 000000000258d9f8
0x000000000286f228:   000000000287f020 0000000019447a60
0x000000000286f238:   000000006e78a00c 0000000019447a60
0x000000000286f248:   000000000286f260 000000000286f2e8
0x000000000286f258:   000000000258d9f8 000000000286f270
0x000000000286f268:   0000000000000005 00000065756c6176
0x000000000286f278:   00000000d68cf3b8 000000000000054b
0x000000000286f288:   000000000000028b 000000000000028b
0x000000000286f298:   000000000286f320 0000000000000000
0x000000000286f2a8:   0000000002b46aac 00000000d68cf390 

Instructions: (pc=0x00007ffd31a9d323)
0x00007ffd31a9d303:   75 e6 90 49 bb 00 01 01 01 01 01 01 81 49 8d 14
0x00007ffd31a9d313:   09 66 81 e2 ff 0f 66 81 fa f8 0f 77 cb 48 8b 01
0x00007ffd31a9d323:   49 8b 14 09 48 3b c2 75 bf 49 ba ff fe fe fe fe
0x00007ffd31a9d333:   fe fe 7e 4c 03 d2 48 83 f0 ff 48 83 c1 08 49 33 


Register to memory mapping:

RAX=0x00000065756c6176 is an unknown value
RBX=0x000000000286f270 is pointing into the stack for thread: 0x000000000258d800
RCX=0x000000000286f270 is pointing into the stack for thread: 0x000000000258d800
RDX=0x0000000000000000 is an unknown value
RSP=0x000000000286f1b8 is pointing into the stack for thread: 0x000000000258d800
RBP=0x000000000286f230 is pointing into the stack for thread: 0x000000000258d800
RSI=0x000000000000031c is an unknown value
RDI=0x000000000287f026 is an unknown value
R8 =0x000000000286f118 is pointing into the stack for thread: 0x000000000258d800
R9 =0xfffffffffd790d90 is an unknown value
R10=0x0000000000000000 is an unknown value
R11=0x8101010101010100 is an unknown value
R12=0x00000000194441b0 is an unknown value
R13=0x00000000d68cf3a0 is an oop

[error occurred during error reporting (printing register info), id 0xc0000005]

Stack: [0x0000000002770000,0x0000000002870000],  sp=0x000000000286f1b8,  free space=1020k
Native frames: (J=compiled Java code, j=interpreted, Vv=VM code, C=native code)
C  [msvcrt.dll+0x5d323]
C  [Controller.dll+0x20ac9]
C  [CppController.dll+0x4de3]
C  [JavaController.dll+0xa00c]
C  0x0000000002b46aac

Java frames: (J=compiled Java code, j=interpreted, Vv=VM code)
J 335  com.cyberbotics.webots.controller.wrapperJNI.Node_getFieldPrivate(JLcom/cyberbotics/webots/controller/Node;Ljava/lang/String;)J (0 bytes) @ 0x0000000002b46a2e [0x0000000002b469c0+0x6e]
J 316 C1 MyRobot.pheromoneValue(II)I (141 bytes) @ 0x0000000002b3a434 [0x0000000002b381a0+0x2294]
j  FollowTrail.action()V+198
j  lejos.robotics.subsumption.Arbitrator.start()V+92
j  ForagingControllerKhepera.main([Ljava/lang/String;)V+140
v  ~StubRoutines::call_stub

---------------  P R O C E S S  ---------------

Java Threads: ( => current thread )
  0x0000000018ee9800 JavaThread "Thread-0" daemon [_thread_in_native, id=11000, stack(0x0000000019630000,0x0000000019730000)]
  0x0000000018ee8800 JavaThread "pool-1-thread-1" [_thread_blocked, id=5952, stack(0x0000000019530000,0x0000000019630000)]
  0x0000000018e58800 JavaThread "Service Thread" daemon [_thread_blocked, id=13932, stack(0x0000000019230000,0x0000000019330000)]
  0x00000000174ea000 JavaThread "C1 CompilerThread2" daemon [_thread_blocked, id=2960, stack(0x0000000018d30000,0x0000000018e30000)]
  0x00000000174e6800 JavaThread "C2 CompilerThread1" daemon [_thread_blocked, id=2000, stack(0x0000000018c30000,0x0000000018d30000)]
  0x00000000174e1000 JavaThread "C2 CompilerThread0" daemon [_thread_blocked, id=9364, stack(0x0000000018b30000,0x0000000018c30000)]
  0x00000000174dd800 JavaThread "Attach Listener" daemon [_thread_blocked, id=2340, stack(0x0000000018a30000,0x0000000018b30000)]
  0x00000000174dc800 JavaThread "Signal Dispatcher" daemon [_thread_blocked, id=920, stack(0x0000000018930000,0x0000000018a30000)]
  0x00000000174ca800 JavaThread "Finalizer" daemon [_thread_blocked, id=15652, stack(0x0000000018730000,0x0000000018830000)]
  0x00000000174a9000 JavaThread "Reference Handler" daemon [_thread_blocked, id=18184, stack(0x0000000018630000,0x0000000018730000)]
=>0x000000000258d800 JavaThread "main" [_thread_in_native, id=4348, stack(0x0000000002770000,0x0000000002870000)]

Other Threads:
  0x00000000174a7800 VMThread [stack: 0x0000000018530000,0x0000000018630000] [id=6688]
  0x0000000018e5d800 WatcherThread [stack: 0x0000000019330000,0x0000000019430000] [id=15376]

VM state:not at safepoint (normal execution)

VM Mutex/Monitor currently owned by a thread: None

Heap:
 PSYoungGen      total 38400K, used 15312K [0x00000000d5c00000, 0x00000000d8680000, 0x0000000100000000)
  eden space 33280K, 46% used [0x00000000d5c00000,0x00000000d6af40e8,0x00000000d7c80000)
  from space 5120K, 0% used [0x00000000d8180000,0x00000000d8180000,0x00000000d8680000)
  to   space 5120K, 0% used [0x00000000d7c80000,0x00000000d7c80000,0x00000000d8180000)
 ParOldGen       total 87552K, used 0K [0x0000000081400000, 0x0000000086980000, 0x00000000d5c00000)
  object space 87552K, 0% used [0x0000000081400000,0x0000000081400000,0x0000000086980000)
 Metaspace       used 4124K, capacity 5004K, committed 5120K, reserved 1056768K
  class space    used 453K, capacity 500K, committed 512K, reserved 1048576K

Card table byte_map: [0x0000000011d30000,0x0000000012130000] byte_map_base: 0x0000000011926000

Marking Bits: (ParMarkBitMap*) 0x000000006cb1d850
 Begin Bits: [0x00000000127e0000, 0x0000000014790000)
 End Bits:   [0x0000000014790000, 0x0000000016740000)

Polling page: 0x0000000002570000

CodeCache: size=245760Kb used=2041Kb max_used=2054Kb free=243718Kb
 bounds [0x0000000002970000, 0x0000000002be0000, 0x0000000011970000]
 total_blobs=659 nmethods=375 adapters=197
 compilation: enabled

Compilation events (10 events):
Event: 119.002 Thread 0x00000000174e6800  371       4       java.io.OutputStreamWriter::write (11 bytes)
Event: 119.029 Thread 0x00000000174e6800 nmethod 371 0x0000000002b66a50 code [0x0000000002b66be0, 0x0000000002b67ad8]
Event: 119.072 Thread 0x00000000174e1000  372   !   4       java.util.Formatter::format (271 bytes)
Event: 119.276 Thread 0x00000000174e1000 nmethod 372 0x0000000002b6e3d0 code [0x0000000002b6ea80, 0x0000000002b72620]
Event: 119.370 Thread 0x00000000174e6800  373   !   4       sun.nio.cs.StreamEncoder::flushBuffer (42 bytes)
Event: 119.384 Thread 0x00000000174e6800 nmethod 373 0x0000000002b64a50 code [0x0000000002b64be0, 0x0000000002b65ce8]
Event: 121.450 Thread 0x00000000174e1000  374   !   4       java.io.BufferedWriter::flushBuffer (53 bytes)
Event: 121.452 Thread 0x00000000174e1000 nmethod 374 0x0000000002b6dd10 code [0x0000000002b6de60, 0x0000000002b6e248]
Event: 121.989 Thread 0x00000000174ea000  375       1       lejos.robotics.subsumption.Arbitrator::access$202 (7 bytes)
Event: 121.989 Thread 0x00000000174ea000 nmethod 375 0x0000000002b52d90 code [0x0000000002b52ee0, 0x0000000002b52fd0]

GC Heap History (0 events):
No events

Deoptimization events (1 events):
Event: 1.018 Thread 0x000000000258d800 Uncommon trap: reason=unstable_if action=reinterpret pc=0x0000000002a9dd04 method=lejos.robotics.subsumption.Arbitrator.start()V @ 12

Internal exceptions (6 events):
Event: 0.060 Thread 0x000000000258d800 Exception <a 'java/lang/NoSuchMethodError': Method sun.misc.Unsafe.defineClass(Ljava/lang/String;[BII)Ljava/lang/Class; name or signature does not match> (0x00000000d5c07ca8) thrown at [C:\re\workspace\8-2-build-windows-amd64-cygwin\jdk8u144\9417\hotspot\
Event: 0.060 Thread 0x000000000258d800 Exception <a 'java/lang/NoSuchMethodError': Method sun.misc.Unsafe.prefetchRead(Ljava/lang/Object;J)V name or signature does not match> (0x00000000d5c07f90) thrown at [C:\re\workspace\8-2-build-windows-amd64-cygwin\jdk8u144\9417\hotspot\src\share\vm\prims
Event: 0.987 Thread 0x0000000018ee9800 Exception <a 'java/security/PrivilegedActionException'> (0x00000000d5eb7cf0) thrown at [C:\re\workspace\8-2-build-windows-amd64-cygwin\jdk8u144\9417\hotspot\src\share\vm\prims\jvm.cpp, line 1390]
Event: 0.987 Thread 0x0000000018ee9800 Exception <a 'java/security/PrivilegedActionException'> (0x00000000d5eb80e8) thrown at [C:\re\workspace\8-2-build-windows-amd64-cygwin\jdk8u144\9417\hotspot\src\share\vm\prims\jvm.cpp, line 1390]
Event: 0.993 Thread 0x0000000018ee9800 Exception <a 'java/security/PrivilegedActionException'> (0x00000000d5ebbf40) thrown at [C:\re\workspace\8-2-build-windows-amd64-cygwin\jdk8u144\9417\hotspot\src\share\vm\prims\jvm.cpp, line 1390]
Event: 0.993 Thread 0x0000000018ee9800 Exception <a 'java/security/PrivilegedActionException'> (0x00000000d5ebc338) thrown at [C:\re\workspace\8-2-build-windows-amd64-cygwin\jdk8u144\9417\hotspot\src\share\vm\prims\jvm.cpp, line 1390]

Events (10 events):
Event: 1.016 loading class java/util/Formatter$Conversion done
Event: 1.018 Thread 0x000000000258d800 Uncommon trap: trap_request=0xffffff65 fr.pc=0x0000000002a9dd04
Event: 1.018 Thread 0x000000000258d800 DEOPT PACKING pc=0x0000000002a9dd04 sp=0x000000000286f640
Event: 1.018 Thread 0x000000000258d800 DEOPT UNPACKING pc=0x00000000029b582a sp=0x000000000286f5f0 mode 2
Event: 4.178 Executing VM operation: EnableBiasedLocking
Event: 4.178 Executing VM operation: EnableBiasedLocking done
Event: 8.191 loading class java/lang/Math$RandomNumberGeneratorHolder
Event: 8.191 loading class java/lang/Math$RandomNumberGeneratorHolder done
Event: 8.191 loading class java/util/Random
Event: 8.191 loading class java/util/Random done


Dynamic libraries:
0x00007ff758730000 - 0x00007ff758767000 	C:\ProgramData\Oracle\Java\javapath\javaw.exe
0x00007ffd32e60000 - 0x00007ffd33050000 	C:\WINDOWS\SYSTEM32\ntdll.dll
0x00007ffd323c0000 - 0x00007ffd32472000 	C:\WINDOWS\System32\KERNEL32.DLL
0x00007ffd30130000 - 0x00007ffd303d3000 	C:\WINDOWS\System32\KERNELBASE.dll
0x00007ffd30f10000 - 0x00007ffd30fb3000 	C:\WINDOWS\System32\ADVAPI32.dll
0x00007ffd31a40000 - 0x00007ffd31ade000 	C:\WINDOWS\System32\msvcrt.dll
0x00007ffd327d0000 - 0x00007ffd32867000 	C:\WINDOWS\System32\sechost.dll
0x00007ffd31480000 - 0x00007ffd315a0000 	C:\WINDOWS\System32\RPCRT4.dll
0x00007ffd31230000 - 0x00007ffd313c4000 	C:\WINDOWS\System32\USER32.dll
0x00007ffd2ffe0000 - 0x00007ffd30001000 	C:\WINDOWS\System32\win32u.dll
0x00007ffd31a10000 - 0x00007ffd31a36000 	C:\WINDOWS\System32\GDI32.dll
0x00007ffd2fdf0000 - 0x00007ffd2ff84000 	C:\WINDOWS\System32\gdi32full.dll
0x00007ffd30c40000 - 0x00007ffd30cde000 	C:\WINDOWS\System32\msvcp_win.dll
0x00007ffd30010000 - 0x00007ffd3010a000 	C:\WINDOWS\System32\ucrtbase.dll
0x00007ffd1f830000 - 0x00007ffd1fab5000 	C:\WINDOWS\WinSxS\amd64_microsoft.windows.common-controls_6595b64144ccf1df_6.0.18362.476_none_e6c4b11b130f2595\COMCTL32.dll
0x00007ffd315a0000 - 0x00007ffd318d6000 	C:\WINDOWS\System32\combase.dll
0x00007ffd30d40000 - 0x00007ffd30dc0000 	C:\WINDOWS\System32\bcryptPrimitives.dll
0x00007ffd313d0000 - 0x00007ffd313fe000 	C:\WINDOWS\System32\IMM32.DLL
0x000000006d4e0000 - 0x000000006d5b2000 	C:\Program Files\Java\jre1.8.0_144\bin\msvcr100.dll
0x000000006c300000 - 0x000000006cb9d000 	C:\Program Files\Java\jre1.8.0_144\bin\server\jvm.dll
0x00007ffd31070000 - 0x00007ffd31078000 	C:\WINDOWS\System32\PSAPI.DLL
0x00007ffd1c540000 - 0x00007ffd1c549000 	C:\WINDOWS\SYSTEM32\WSOCK32.dll
0x00007ffd31ae0000 - 0x00007ffd31b4f000 	C:\WINDOWS\System32\WS2_32.dll
0x00007ffd2c7f0000 - 0x00007ffd2c814000 	C:\WINDOWS\SYSTEM32\WINMM.dll
0x00007ffd28aa0000 - 0x00007ffd28aaa000 	C:\WINDOWS\SYSTEM32\VERSION.dll
0x00007ffd2c7c0000 - 0x00007ffd2c7ed000 	C:\WINDOWS\SYSTEM32\WINMMBASE.dll
0x00007ffd2ff90000 - 0x00007ffd2ffda000 	C:\WINDOWS\System32\cfgmgr32.dll
0x000000006f980000 - 0x000000006f98f000 	C:\Program Files\Java\jre1.8.0_144\bin\verify.dll
0x000000006f950000 - 0x000000006f979000 	C:\Program Files\Java\jre1.8.0_144\bin\java.dll
0x000000006f930000 - 0x000000006f946000 	C:\Program Files\Java\jre1.8.0_144\bin\zip.dll
0x00007ffd31b50000 - 0x00007ffd32235000 	C:\WINDOWS\System32\SHELL32.dll
0x00007ffd30fc0000 - 0x00007ffd31069000 	C:\WINDOWS\System32\shcore.dll
0x00007ffd304c0000 - 0x00007ffd30c3e000 	C:\WINDOWS\System32\windows.storage.dll
0x00007ffd2fd60000 - 0x00007ffd2fd7f000 	C:\WINDOWS\System32\profapi.dll
0x00007ffd2fd80000 - 0x00007ffd2fdca000 	C:\WINDOWS\System32\powrprof.dll
0x00007ffd2fd30000 - 0x00007ffd2fd40000 	C:\WINDOWS\System32\UMPDC.dll
0x00007ffd322a0000 - 0x00007ffd322f2000 	C:\WINDOWS\System32\shlwapi.dll
0x00007ffd2fd40000 - 0x00007ffd2fd51000 	C:\WINDOWS\System32\kernel.appcore.dll
0x00007ffd30110000 - 0x00007ffd30127000 	C:\WINDOWS\System32\cryptsp.dll
0x000000006e780000 - 0x000000006e7f1000 	C:\Users\user\AppData\Local\Programs\Webots\lib\controller\java\JavaController.dll
0x0000000061440000 - 0x000000006145c000 	C:\Users\user\AppData\Local\Programs\Webots\msys64\mingw64\bin\libgcc_s_seh-1.dll
0x000000006fc40000 - 0x000000006fdf3000 	C:\Users\user\AppData\Local\Programs\Webots\msys64\mingw64\bin\libstdc++-6.dll
0x0000000064940000 - 0x0000000064956000 	C:\Users\user\AppData\Local\Programs\Webots\msys64\mingw64\bin\libwinpthread-1.dll
0x0000000064f40000 - 0x0000000064fe5000 	C:\Users\user\AppData\Local\Programs\Webots\lib\controller\CppController.dll
0x000000006aa40000 - 0x000000006aabf000 	C:\Users\user\AppData\Local\Programs\Webots\lib\controller\Controller.dll
0x0000000063e00000 - 0x0000000063e0e000 	C:\Users\user\AppData\Local\Programs\Webots\RESOUR~1\projects\plugins\ROBOT_~1\generic\generic.dll
0x00007ffd26300000 - 0x00007ffd264f4000 	C:\WINDOWS\SYSTEM32\dbghelp.dll

VM Arguments:
jvm_args: -Djava.library.path=C:/Users/user/AppData/Local/Programs/Webots/lib/controller/java 
java_command: ForagingControllerKhepera
java_class_path (initial): C:/Users/user/AppData/Local/Programs/Webots/lib/controller/java\Controller.jar;C:/Users/user/DOCUME~1/GitHub/FORAGI~1/CONTRO~1/FORAGI~1/
Launcher Type: SUN_STANDARD

Environment Variables:
JAVA_HOME=C:\Program Files\Java\jdk1.8.0_101
JRE_HOME=C:\Program Files\Java\jre1.8.0_144
PATH=C:\Users\user\AppData\Local\Programs\Webots\projects\default\libraries\vehicle;C:\Users\user\AppData\Local\Programs\Webots\resources\projects\libraries\qt_utils;C:\Users\user\AppData\Local\Programs\Webots\msys64\mingw64\bin;Path=C:\Users\user\AppData\Local\Programs\Webots\msys64\mingw64\bin;C:\Users\user\AppData\Local\Programs\Webots\msys64\usr\bin;C:\ProgramData\Oracle\Java\javapath;C:\Program Files (x86)\Lenovo\FusionEngine;C:\WINDOWS\system32;C:\WINDOWS;C:\WINDOWS\System32\Wbem;C:\WINDOWS\System32\WindowsPowerShell\v1.0\;C:\Program Files (x86)\Common Files\lenovo\easyplussdk\bin;C:\Program Files\Microsoft SQL Server\Client SDK\ODBC\130\Tools\Binn\;C:\Program Files (x86)\Microsoft SQL Server\130\Tools\Binn\;C:\Program Files\Microsoft SQL Server\130\Tools\Binn\;C:\Program Files\Microsoft SQL Server\130\DTS\Binn\;C:\Program Files (x86)\Microsoft SQL Server\Client SDK\ODBC\130\Tools\Binn\;C:\Program Files (x86)\Microsoft SQL Server\140\Tools\Binn\;C:\Program Files (x86)\Microsoft SQL Server\140\DTS\Binn\;C:\Program Files (x86)\Microsoft SQL Server\140\Tools\Binn\ManagementStudio\;C:\Program Files\Java\jdk1.8.0_101\bin;C:\cygwin\bin;C:\MinGW;C:\WINDOWS\System32\OpenSSH\;C:\Program Files\Git\cmd;C:\Program Files\Gemalto\Classic Client\BIN;C:\Program Files (x86)\Gemalto\Classic Client\BIN;C:\Users\user\AppData\Local\Programs\Python\Python37-32\Scripts\;C:\Users\user\AppData\Local\Programs\Python\Python37-32\;C:\Users\user\AppData\Local\Programs\Python\Python36\Scripts\;C:\Users\user\AppData\Local\Programs\Python\Python36\;C:\Users\user\AppData\Local\Microsoft\WindowsApps;C:\Users\user\AppData\Local\GitHubDesktop\bin;C:\Program Files\Java\jre1.8.0_144\bin;C:\Users\user\AppData\Local\Microsoft\WindowsApps;C:\Users\user\AppData\Local\Programs\Microsoft VS Code\bin;;C:\Users\user\AppData\Local\Programs\Webots\lib\controller\
USERNAME=user
OS=Windows_NT
PROCESSOR_IDENTIFIER=Intel64 Family 6 Model 61 Stepping 4, GenuineIntel



---------------  S Y S T E M  ---------------

OS: Windows 10.0 , 64 bit Build 18362 (10.0.18362.329)

CPU:total 4 (initial active 4) (2 cores per cpu, 2 threads per core) family 6 model 61 stepping 4, cmov, cx8, fxsr, mmx, sse, sse2, sse3, ssse3, sse4.1, sse4.2, popcnt, avx, avx2, aes, clmul, erms, 3dnowpref, lzcnt, ht, tsc, tscinvbit, bmi1, bmi2, adx

Memory: 4k page, physical 8301580k(3145900k free), swap 13300112k(4848952k free)

vm_info: Java HotSpot(TM) 64-Bit Server VM (25.144-b01) for windows-amd64 JRE (1.8.0_144-b01), built on Jul 21 2017 21:57:33 by "java_re" with MS VC++ 10.0 (VS2010)

time: Sat Jul 04 17:42:38 2020
elapsed time: 127 seconds (0d 0h 2m 7s)

