#
# A fatal error has been detected by the Java Runtime Environment:
#
#  EXCEPTION_ACCESS_VIOLATION (0xc0000005) at pc=0x00007ffe599ad320, pid=6168, tid=0x0000000000003df0
#
# JRE version: Java(TM) SE Runtime Environment (8.0_101-b13) (build 1.8.0_101-b13)
# Java VM: Java HotSpot(TM) 64-Bit Server VM (25.101-b13 mixed mode windows-amd64 compressed oops)
# Problematic frame:
# C  [msvcrt.dll+0x5d320]
#
# Failed to write core dump. Minidumps are not enabled by default on client versions of Windows
#
# If you would like to submit a bug report, please visit:
#   http://bugreport.java.com/bugreport/crash.jsp
# The crash happened outside the Java Virtual Machine in native code.
# See problematic frame for where to report the bug.
#

---------------  T H R E A D  ---------------

Current thread (0x000000000074e000):  JavaThread "main" [_thread_in_native, id=15856, stack(0x0000000002340000,0x0000000002440000)]

siginfo: ExceptionCode=0xc0000005, reading address 0x0000000000000000

Registers:
RAX=0x0000000019195590, RBX=0x0000000000d2ef40, RCX=0x0000000000000000, RDX=0x0000000019190590
RSP=0x000000000243ed58, RBP=0x00000000191969e0, RSI=0x00000000000002ea, RDI=0x0000000019195590
R8 =0x00000000191969e0, R9 =0x0000000019195590, R10=0x0000000000000000, R11=0x8101010101010100
R12=0x0000000000000000, R13=0x00000000000002ea, R14=0x000000000000001c, R15=0x000000000074e000
RIP=0x00007ffe599ad320, EFLAGS=0x0000000000010293

Top of Stack: (sp=0x000000000243ed58)
0x000000000243ed58:   000000006aa5e359 00000000191954d0
0x000000000243ed68:   0000000000000027 00007ffe5a842000
0x000000000243ed78:   000000006aa57ea8 00000000191969e0
0x000000000243ed88:   0000000000000000 00007ffe5a842000
0x000000000243ed98:   00007ffe5a841f80 00000000191954d0
0x000000000243eda8:   000000006aa5eca8 0000000000000027
0x000000000243edb8:   0000000000001000 0000000000d2e480
0x000000000243edc8:   000000006aa5b228 0000000000000000
0x000000000243edd8:   0000000000000000 000000006aa99560
0x000000000243ede8:   000000006aaa4008 000000006aa99560
0x000000000243edf8:   00000000191954d0 000000000243f0b8
0x000000000243ee08:   000000006aa5956b 000000006aa99560
0x000000000243ee18:   0000000000000000 0000000000000000
0x000000000243ee28:   00000000000003ac 000000000000002f
0x000000000243ee38:   0000000000000053 00000000ffffffd0
0x000000000243ee48:   000000000243ef70 0000000019195030 

Instructions: (pc=0x00007ffe599ad320)
0x00007ffe599ad300:   00 00 00 75 e6 90 49 bb 00 01 01 01 01 01 01 81
0x00007ffe599ad310:   49 8d 14 09 66 81 e2 ff 0f 66 81 fa f8 0f 77 cb
0x00007ffe599ad320:   48 8b 01 49 8b 14 09 48 3b c2 75 bf 49 ba ff fe
0x00007ffe599ad330:   fe fe fe fe fe 7e 4c 03 d2 48 83 f0 ff 48 83 c1 


Register to memory mapping:

RAX=0x0000000019195590 is an unknown value
RBX=0x0000000000d2ef40 is an unknown value
RCX=0x0000000000000000 is an unknown value
RDX=0x0000000019190590 is an unknown value
RSP=0x000000000243ed58 is pointing into the stack for thread: 0x000000000074e000
RBP=0x00000000191969e0 is an unknown value
RSI=0x00000000000002ea is an unknown value
RDI=0x0000000019195590 is an unknown value
R8 =0x00000000191969e0 is an unknown value
R9 =0x0000000019195590 is an unknown value
R10=0x0000000000000000 is an unknown value
R11=0x8101010101010100 is an unknown value
R12=0x0000000000000000 is an unknown value
R13=0x00000000000002ea is an unknown value
R14=0x000000000000001c is an unknown value
R15=0x000000000074e000 is a thread


Stack: [0x0000000002340000,0x0000000002440000],  sp=0x000000000243ed58,  free space=1019k
Native frames: (J=compiled Java code, j=interpreted, Vv=VM code, C=native code)
C  [msvcrt.dll+0x5d320]
C  [Controller.dll+0x1e359]
C  [Controller.dll+0x1eca8]
C  [Controller.dll+0x1956b]
C  [Controller.dll+0x1a5b9]
C  [Controller.dll+0x220e9]
C  [CppController.dll+0x359d]
C  [JavaController.dll+0x9f1f]
C  0x0000000002617f54

Java frames: (J=compiled Java code, j=interpreted, Vv=VM code)
j  com.cyberbotics.webots.controller.wrapperJNI.Field_importMFNodeFromString(JLcom/cyberbotics/webots/controller/Field;ILjava/lang/String;)V+0
j  com.cyberbotics.webots.controller.Field.importMFNodeFromString(ILjava/lang/String;)V+7
j  MyRobot.createCell(II)V+223
j  MyRobot.releasePheromone(I)V+161
j  GoToNest.action()V+299
J 58% C1 lejos.robotics.subsumption.Arbitrator.start()V (108 bytes) @ 0x00000000027279ac [0x0000000002727560+0x44c]
j  ForagingControllerKhepera.main([Ljava/lang/String;)V+151
v  ~StubRoutines::call_stub

---------------  P R O C E S S  ---------------

Java Threads: ( => current thread )
  0x0000000018bde000 JavaThread "Thread-0" daemon [_thread_in_native, id=668, stack(0x0000000019280000,0x0000000019380000)]
  0x0000000018afb000 JavaThread "Service Thread" daemon [_thread_blocked, id=15256, stack(0x0000000018ed0000,0x0000000018fd0000)]
  0x000000001717c000 JavaThread "C1 CompilerThread2" daemon [_thread_blocked, id=7092, stack(0x00000000189d0000,0x0000000018ad0000)]
  0x0000000017179000 JavaThread "C2 CompilerThread1" daemon [_thread_blocked, id=15060, stack(0x00000000188d0000,0x00000000189d0000)]
  0x0000000017172000 JavaThread "C2 CompilerThread0" daemon [_thread_blocked, id=12688, stack(0x00000000187d0000,0x00000000188d0000)]
  0x0000000017171000 JavaThread "Attach Listener" daemon [_thread_blocked, id=6820, stack(0x00000000186d0000,0x00000000187d0000)]
  0x000000001716d800 JavaThread "Signal Dispatcher" daemon [_thread_blocked, id=13864, stack(0x00000000185d0000,0x00000000186d0000)]
  0x000000001715a800 JavaThread "Finalizer" daemon [_thread_blocked, id=10988, stack(0x00000000183d0000,0x00000000184d0000)]
  0x00000000025f1800 JavaThread "Reference Handler" daemon [_thread_blocked, id=1864, stack(0x00000000182d0000,0x00000000183d0000)]
=>0x000000000074e000 JavaThread "main" [_thread_in_native, id=15856, stack(0x0000000002340000,0x0000000002440000)]

Other Threads:
  0x0000000017137800 VMThread [stack: 0x00000000181d0000,0x00000000182d0000] [id=7580]
  0x0000000018afd000 WatcherThread [stack: 0x0000000018fd0000,0x00000000190d0000] [id=1348]

VM state:not at safepoint (normal execution)

VM Mutex/Monitor currently owned by a thread: None

Heap:
 PSYoungGen      total 38400K, used 4690K [0x00000000d5c00000, 0x00000000d8680000, 0x0000000100000000)
  eden space 33280K, 14% used [0x00000000d5c00000,0x00000000d6094b68,0x00000000d7c80000)
  from space 5120K, 0% used [0x00000000d8180000,0x00000000d8180000,0x00000000d8680000)
  to   space 5120K, 0% used [0x00000000d7c80000,0x00000000d7c80000,0x00000000d8180000)
 ParOldGen       total 87552K, used 0K [0x0000000081400000, 0x0000000086980000, 0x00000000d5c00000)
  object space 87552K, 0% used [0x0000000081400000,0x0000000081400000,0x0000000086980000)
 Metaspace       used 3809K, capacity 4874K, committed 5120K, reserved 1056768K
  class space    used 411K, capacity 434K, committed 512K, reserved 1048576K

Card table byte_map: [0x00000000119c0000,0x0000000011dc0000] byte_map_base: 0x00000000115b6000

Marking Bits: (ParMarkBitMap*) 0x0000000064f5a6d0
 Begin Bits: [0x0000000012470000, 0x0000000014420000)
 End Bits:   [0x0000000014420000, 0x00000000163d0000)

Polling page: 0x0000000000730000

CodeCache: size=245760Kb used=1353Kb max_used=1361Kb free=244406Kb
 bounds [0x0000000002600000, 0x0000000002870000, 0x0000000011600000]
 total_blobs=435 nmethods=154 adapters=194
 compilation: enabled

Compilation events (10 events):
Event: 16.898 Thread 0x000000001717c000  150       3       java.util.concurrent.ConcurrentHashMap::get (162 bytes)
Event: 16.898 Thread 0x0000000017172000  151       4       java.lang.String::hashCode (55 bytes)
Event: 16.901 Thread 0x000000001717c000 nmethod 150 0x0000000002752150 code [0x0000000002752360, 0x0000000002752ed8]
Event: 16.905 Thread 0x0000000017172000 nmethod 151 0x0000000002750910 code [0x0000000002750a40, 0x0000000002750b98]
Event: 17.800 Thread 0x000000001717c000  152       1       java.util.Formatter$Flags::valueOf (5 bytes)
Event: 17.801 Thread 0x000000001717c000 nmethod 152 0x0000000002750650 code [0x00000000027507a0, 0x00000000027508b0]
Event: 17.801 Thread 0x000000001717c000  153       3       java.lang.Math::max (11 bytes)
Event: 17.801 Thread 0x000000001717c000 nmethod 153 0x0000000002751e10 code [0x0000000002751f60, 0x00000000027520f0]
Event: 18.585 Thread 0x000000001717c000  154       3       java.util.HashMap::get (23 bytes)
Event: 18.586 Thread 0x000000001717c000 nmethod 154 0x0000000002751710 code [0x00000000027518a0, 0x0000000002751c98]

GC Heap History (0 events):
No events

Deoptimization events (1 events):
Event: 10.241 Thread 0x000000000074e000 Uncommon trap: reason=unstable_if action=reinterpret pc=0x000000000272fb40 method=MyRobot.turningAngle(DD)D @ 14

Internal exceptions (6 events):
Event: 0.080 Thread 0x000000000074e000 Exception <a 'java/lang/NoSuchMethodError': Method sun.misc.Unsafe.defineClass(Ljava/lang/String;[BII)Ljava/lang/Class; name or signature does not match> (0x00000000d5c07cc0) thrown at [C:\re\workspace\8-2-build-windows-amd64-cygwin\jdk8u101\7261\hotspot\s7¼ÅhÂ›´?
Event: 0.081 Thread 0x000000000074e000 Exception <a 'java/lang/NoSuchMethodError': Method sun.misc.Unsafe.prefetchRead(Ljava/lang/Object;J)V name or signature does not match> (0x00000000d5c07fa8) thrown at [C:\re\workspace\8-2-build-windows-amd64-cygwin\jdk8u101\7261\hotspot\src\share\vm\prims\öpÿÁ•$@
Event: 10.292 Thread 0x000000000074e000 Exception <a 'java/security/PrivilegedActionException'> (0x00000000d5f4f220) thrown at [C:\re\workspace\8-2-build-windows-amd64-cygwin\jdk8u101\7261\hotspot\src\share\vm\prims\jvm.cpp, line 1386]
Event: 10.293 Thread 0x000000000074e000 Exception <a 'java/security/PrivilegedActionException'> (0x00000000d5f4f618) thrown at [C:\re\workspace\8-2-build-windows-amd64-cygwin\jdk8u101\7261\hotspot\src\share\vm\prims\jvm.cpp, line 1386]
Event: 10.295 Thread 0x000000000074e000 Exception <a 'java/security/PrivilegedActionException'> (0x00000000d5f538d0) thrown at [C:\re\workspace\8-2-build-windows-amd64-cygwin\jdk8u101\7261\hotspot\src\share\vm\prims\jvm.cpp, line 1386]
Event: 10.295 Thread 0x000000000074e000 Exception <a 'java/security/PrivilegedActionException'> (0x00000000d5f53cc8) thrown at [C:\re\workspace\8-2-build-windows-amd64-cygwin\jdk8u101\7261\hotspot\src\share\vm\prims\jvm.cpp, line 1386]

Events (10 events):
Event: 10.319 loading class java/util/Formatter$FormatString done
Event: 10.319 loading class java/util/Formatter$FixedString done
Event: 10.319 loading class java/util/Formatter$FormatSpecifier
Event: 10.319 loading class java/util/Formatter$FormatSpecifier done
Event: 10.320 loading class java/util/Formatter$Flags
Event: 10.320 loading class java/util/Formatter$Flags done
Event: 10.320 loading class java/util/Formatter$Conversion
Event: 10.320 loading class java/util/Formatter$Conversion done
Event: 10.321 loading class sun/misc/FDBigInteger
Event: 10.321 loading class sun/misc/FDBigInteger done


Dynamic libraries:
0x00007ff6247b0000 - 0x00007ff6247e7000 	C:\Program Files\Java\jdk1.8.0_101\bin\javaw.exe
0x00007ffe5b7e0000 - 0x00007ffe5b9d0000 	C:\WINDOWS\SYSTEM32\ntdll.dll
0x00007ffe5a820000 - 0x00007ffe5a8d2000 	C:\WINDOWS\System32\KERNEL32.DLL
0x00007ffe58930000 - 0x00007ffe58bd3000 	C:\WINDOWS\System32\KERNELBASE.dll
0x00007ffe5b570000 - 0x00007ffe5b613000 	C:\WINDOWS\System32\ADVAPI32.dll
0x00007ffe59950000 - 0x00007ffe599ee000 	C:\WINDOWS\System32\msvcrt.dll
0x00007ffe5ad50000 - 0x00007ffe5ade7000 	C:\WINDOWS\System32\sechost.dll
0x00007ffe5b620000 - 0x00007ffe5b740000 	C:\WINDOWS\System32\RPCRT4.dll
0x00007ffe5a3a0000 - 0x00007ffe5a534000 	C:\WINDOWS\System32\USER32.dll
0x00007ffe58be0000 - 0x00007ffe58c01000 	C:\WINDOWS\System32\win32u.dll
0x00007ffe5a610000 - 0x00007ffe5a636000 	C:\WINDOWS\System32\GDI32.dll
0x00007ffe58790000 - 0x00007ffe58924000 	C:\WINDOWS\System32\gdi32full.dll
0x00007ffe58d70000 - 0x00007ffe58e0e000 	C:\WINDOWS\System32\msvcp_win.dll
0x00007ffe58c70000 - 0x00007ffe58d6a000 	C:\WINDOWS\System32\ucrtbase.dll
0x00007ffe48890000 - 0x00007ffe48b15000 	C:\WINDOWS\WinSxS\amd64_microsoft.windows.common-controls_6595b64144ccf1df_6.0.18362.476_none_e6c4b11b130f2595\COMCTL32.dll
0x00007ffe59e90000 - 0x00007ffe5a1c6000 	C:\WINDOWS\System32\combase.dll
0x00007ffe59810000 - 0x00007ffe59890000 	C:\WINDOWS\System32\bcryptPrimitives.dll
0x00007ffe59be0000 - 0x00007ffe59c0e000 	C:\WINDOWS\System32\IMM32.DLL
0x0000000065690000 - 0x0000000065762000 	C:\Program Files\Java\jdk1.8.0_101\jre\bin\msvcr100.dll
0x0000000064740000 - 0x0000000064fda000 	C:\Program Files\Java\jdk1.8.0_101\jre\bin\server\jvm.dll
0x00007ffe59940000 - 0x00007ffe59948000 	C:\WINDOWS\System32\PSAPI.DLL
0x00007ffe552c0000 - 0x00007ffe552e4000 	C:\WINDOWS\SYSTEM32\WINMM.dll
0x00007ffe46d90000 - 0x00007ffe46d99000 	C:\WINDOWS\SYSTEM32\WSOCK32.dll
0x00007ffe5a750000 - 0x00007ffe5a7bf000 	C:\WINDOWS\System32\WS2_32.dll
0x00007ffe4ee90000 - 0x00007ffe4ee9a000 	C:\WINDOWS\SYSTEM32\VERSION.dll
0x00007ffe55290000 - 0x00007ffe552bd000 	C:\WINDOWS\SYSTEM32\WINMMBASE.dll
0x00007ffe59010000 - 0x00007ffe5905a000 	C:\WINDOWS\System32\cfgmgr32.dll
0x00000000669a0000 - 0x00000000669af000 	C:\Program Files\Java\jdk1.8.0_101\jre\bin\verify.dll
0x0000000064710000 - 0x0000000064739000 	C:\Program Files\Java\jdk1.8.0_101\jre\bin\java.dll
0x00000000646f0000 - 0x0000000064706000 	C:\Program Files\Java\jdk1.8.0_101\jre\bin\zip.dll
0x00007ffe5ae70000 - 0x00007ffe5b555000 	C:\WINDOWS\System32\SHELL32.dll
0x00007ffe59b30000 - 0x00007ffe59bd9000 	C:\WINDOWS\System32\shcore.dll
0x00007ffe59090000 - 0x00007ffe5980e000 	C:\WINDOWS\System32\windows.storage.dll
0x00007ffe58700000 - 0x00007ffe5871f000 	C:\WINDOWS\System32\profapi.dll
0x00007ffe58720000 - 0x00007ffe5876a000 	C:\WINDOWS\System32\powrprof.dll
0x00007ffe586b0000 - 0x00007ffe586c0000 	C:\WINDOWS\System32\UMPDC.dll
0x00007ffe5b740000 - 0x00007ffe5b792000 	C:\WINDOWS\System32\shlwapi.dll
0x00007ffe586e0000 - 0x00007ffe586f1000 	C:\WINDOWS\System32\kernel.appcore.dll
0x00007ffe58770000 - 0x00007ffe58787000 	C:\WINDOWS\System32\cryptsp.dll
0x000000006e780000 - 0x000000006e7f1000 	C:\Program Files\Webots\lib\controller\java\JavaController.dll
0x0000000061440000 - 0x000000006145c000 	C:\Program Files\Webots\msys64\mingw64\bin\libgcc_s_seh-1.dll
0x000000006fc40000 - 0x000000006fdf3000 	C:\Program Files\Webots\msys64\mingw64\bin\libstdc++-6.dll
0x0000000002470000 - 0x0000000002486000 	C:\Program Files\Webots\msys64\mingw64\bin\libwinpthread-1.dll
0x00000000190d0000 - 0x0000000019175000 	C:\Program Files\Webots\lib\controller\CppController.dll
0x000000006aa40000 - 0x000000006aabf000 	C:\Program Files\Webots\lib\controller\Controller.dll
0x0000000063e00000 - 0x0000000063e0e000 	C:\PROGRA~1\Webots\RESOUR~1\projects\plugins\ROBOT_~1\generic\generic.dll
0x00007ffe56c30000 - 0x00007ffe56e24000 	C:\WINDOWS\SYSTEM32\dbghelp.dll

VM Arguments:
jvm_args: -Djava.library.path=C:/Program Files/Webots/lib/controller/java 
java_command: ForagingControllerKhepera
java_class_path (initial): C:/Program Files/Webots/lib/controller/java\Controller.jar;C:/Users/user/DOCUME~1/GitHub/FORAGI~1/CONTRO~1/FORAGI~1/
Launcher Type: SUN_STANDARD

Environment Variables:
JAVA_HOME=C:\Program Files\Java\jdk1.8.0_101
PATH=C:\Program Files\Webots\projects\default\libraries\vehicle;C:\Program Files\Webots\resources\projects\libraries\qt_utils;C:\Program Files\Webots\msys64\mingw64\bin;Path=C:\Program Files\Webots\msys64\mingw64\bin;C:\Program Files\Webots\msys64\usr\bin;C:\Program Files (x86)\Lenovo\FusionEngine;C:\WINDOWS\system32;C:\WINDOWS;C:\WINDOWS\System32\Wbem;C:\WINDOWS\System32\WindowsPowerShell\v1.0\;C:\Program Files (x86)\Common Files\lenovo\easyplussdk\bin;C:\Program Files\Microsoft SQL Server\Client SDK\ODBC\130\Tools\Binn\;C:\Program Files (x86)\Microsoft SQL Server\130\Tools\Binn\;C:\Program Files\Microsoft SQL Server\130\Tools\Binn\;C:\Program Files\Microsoft SQL Server\130\DTS\Binn\;C:\Program Files (x86)\Microsoft SQL Server\Client SDK\ODBC\130\Tools\Binn\;C:\Program Files (x86)\Microsoft SQL Server\140\Tools\Binn\;C:\Program Files (x86)\Microsoft SQL Server\140\DTS\Binn\;C:\Program Files (x86)\Microsoft SQL Server\140\Tools\Binn\ManagementStudio\;C:\Program Files\Java\jdk1.8.0_101\bin;C:\cygwin\bin;C:\MinGW;C:\WINDOWS\System32\OpenSSH\;C:\Program Files\Git\cmd;C:\Program Files\Gemalto\Classic Client\BIN;C:\Program Files (x86)\Gemalto\Classic Client\BIN;C:\Users\user\AppData\Local\Programs\Python\Python37-32\Scripts\;C:\Users\user\AppData\Local\Programs\Python\Python37-32\;C:\Users\user\AppData\Local\Programs\Python\Python36\Scripts\;C:\Users\user\AppData\Local\Programs\Python\Python36\;C:\Users\user\AppData\Local\Microsoft\WindowsApps;C:\Users\user\AppData\Local\GitHubDesktop\bin;C:\Users\user\AppData\Local\Microsoft\WindowsApps;C:\Users\user\AppData\Local\Programs\Microsoft VS Code\bin;C:\Program Files\Webots\lib\controller\
USERNAME=user
OS=Windows_NT
PROCESSOR_IDENTIFIER=Intel64 Family 6 Model 61 Stepping 4, GenuineIntel



---------------  S Y S T E M  ---------------

OS: Windows 10.0 , 64 bit Build 18362 (10.0.18362.329)

CPU:total 4 (2 cores per cpu, 2 threads per core) family 6 model 61 stepping 4, cmov, cx8, fxsr, mmx, sse, sse2, sse3, ssse3, sse4.1, sse4.2, popcnt, avx, avx2, aes, clmul, erms, 3dnowpref, lzcnt, ht, tsc, tscinvbit, bmi1, bmi2, adx

Memory: 4k page, physical 8301580k(3396776k free), swap 12364812k(5925040k free)

vm_info: Java HotSpot(TM) 64-Bit Server VM (25.101-b13) for windows-amd64 JRE (1.8.0_101-b13), built on Jun 22 2016 01:21:29 by "java_re" with MS VC++ 10.0 (VS2010)

time: Mon Jul 06 22:09:54 2020
elapsed time: 19 seconds (0d 0h 0m 19s)

