#
# A fatal error has been detected by the Java Runtime Environment:
#
#  EXCEPTION_ACCESS_VIOLATION (0xc0000005) at pc=0x00007fffcf62d323, pid=9744, tid=0x0000000000002d7c
#
# JRE version: Java(TM) SE Runtime Environment (8.0_144-b01) (build 1.8.0_144-b01)
# Java VM: Java HotSpot(TM) 64-Bit Server VM (25.144-b01 mixed mode windows-amd64 compressed oops)
# Problematic frame:
# C  [msvcrt.dll+0x5d323]
#
# Failed to write core dump. Minidumps are not enabled by default on client versions of Windows
#
# If you would like to submit a bug report, please visit:
#   http://bugreport.java.com/bugreport/crash.jsp
# The crash happened outside the Java Virtual Machine in native code.
# See problematic frame for where to report the bug.
#

---------------  T H R E A D  ---------------

Current thread (0x00000000026bd800):  JavaThread "main" [_thread_in_native, id=11644, stack(0x00000000028b0000,0x00000000029b0000)]

siginfo: ExceptionCode=0xc0000005, reading address 0x0000000000000000

Registers:
RAX=0x00000065756c6176, RBX=0x00000000029af1f0, RCX=0x00000000029af1f0, RDX=0x0000000000000000
RSP=0x00000000029af138, RBP=0x00000000029af1b0, RSI=0x000000000000024e, RDI=0x00000000029bef26
R8 =0x00000000029af098, R9 =0xfffffffffd650e10, R10=0x0000000000000000, R11=0x8101010101010100
R12=0x0000000019584b10, R13=0x000000001709bda0, R14=0x00000000029af2f0, R15=0x00000000026bd800
RIP=0x00007fffcf62d323, EFLAGS=0x0000000000010293

Top of Stack: (sp=0x00000000029af138)
0x00000000029af138:   000000006aa60ac9 00000000029af1f0
0x00000000029af148:   00000000029bef20 0000000000000000
0x00000000029af158:   00000000000003b0 00000000026bd9f8
0x00000000029af168:   00000000029bef20 00000000029af2d8
0x00000000029af178:   0000000064f44de3 00000000029bef20
0x00000000029af188:   000000006cf912b1 0000000000000000
0x00000000029af198:   0000000000000005 00000000026bd9f8
0x00000000029af1a8:   00000000029bef20 0000000000e6a160
0x00000000029af1b8:   000000006e78a00c 0000000000e6a160
0x00000000029af1c8:   00000000029af1e0 00000000029af2d8
0x00000000029af1d8:   00000000026bd9f8 00000000029af1f0
0x00000000029af1e8:   0000000000000005 00000065756c6176
0x00000000029af1f8:   00000000d5da07e8 000000001709bda0
0x00000000029af208:   0000000000e6a186 0000000016f08df8
0x00000000029af218:   00000000029af2b8 0000000000000000
0x00000000029af228:   0000000002ac7f74 0000000016d60ca6 

Instructions: (pc=0x00007fffcf62d323)
0x00007fffcf62d303:   75 e6 90 49 bb 00 01 01 01 01 01 01 81 49 8d 14
0x00007fffcf62d313:   09 66 81 e2 ff 0f 66 81 fa f8 0f 77 cb 48 8b 01
0x00007fffcf62d323:   49 8b 14 09 48 3b c2 75 bf 49 ba ff fe fe fe fe
0x00007fffcf62d333:   fe fe 7e 4c 03 d2 48 83 f0 ff 48 83 c1 08 49 33 


Register to memory mapping:

RAX=0x00000065756c6176 is an unknown value
RBX=0x00000000029af1f0 is pointing into the stack for thread: 0x00000000026bd800
RCX=0x00000000029af1f0 is pointing into the stack for thread: 0x00000000026bd800
RDX=0x0000000000000000 is an unknown value
RSP=0x00000000029af138 is pointing into the stack for thread: 0x00000000026bd800
RBP=0x00000000029af1b0 is pointing into the stack for thread: 0x00000000026bd800
RSI=0x000000000000024e is an unknown value
RDI=0x00000000029bef26 is an unknown value
R8 =0x00000000029af098 is pointing into the stack for thread: 0x00000000026bd800
R9 =0xfffffffffd650e10 is an unknown value
R10=0x0000000000000000 is an unknown value
R11=0x8101010101010100 is an unknown value
R12=0x0000000019584b10 is an unknown value
R13={method} {0x000000001709bda8} 'Node_getFieldPrivate' '(JLcom/cyberbotics/webots/controller/Node;Ljava/lang/String;)J' in 'com/cyberbotics/webots/controller/wrapperJNI'
R14=0x00000000029af2f0 is pointing into the stack for thread: 0x00000000026bd800
R15=0x00000000026bd800 is a thread


Stack: [0x00000000028b0000,0x00000000029b0000],  sp=0x00000000029af138,  free space=1020k
Native frames: (J=compiled Java code, j=interpreted, Vv=VM code, C=native code)
C  [msvcrt.dll+0x5d323]
C  [Controller.dll+0x20ac9]
C  [CppController.dll+0x4de3]
C  [JavaController.dll+0xa00c]
C  0x0000000002ac7f74

Java frames: (J=compiled Java code, j=interpreted, Vv=VM code)
j  com.cyberbotics.webots.controller.wrapperJNI.Node_getFieldPrivate(JLcom/cyberbotics/webots/controller/Node;Ljava/lang/String;)J+0
j  com.cyberbotics.webots.controller.Node.getField(Ljava/lang/String;)Lcom/cyberbotics/webots/controller/Field;+6
j  UnloadFood.action()V+13
j  lejos.robotics.subsumption.Arbitrator.start()V+92
j  ForagingControllerKhepera.main([Ljava/lang/String;)V+106
v  ~StubRoutines::call_stub

---------------  P R O C E S S  ---------------

Java Threads: ( => current thread )
  0x0000000018f98800 JavaThread "Thread-0" daemon [_thread_in_native, id=15492, stack(0x0000000019770000,0x0000000019870000)]
  0x0000000018f9b800 JavaThread "pool-1-thread-1" [_thread_blocked, id=10732, stack(0x0000000019670000,0x0000000019770000)]
  0x0000000018f9a800 JavaThread "Service Thread" daemon [_thread_blocked, id=3980, stack(0x0000000019370000,0x0000000019470000)]
  0x000000001762c000 JavaThread "C1 CompilerThread2" daemon [_thread_blocked, id=21512, stack(0x0000000018e70000,0x0000000018f70000)]
  0x0000000017623000 JavaThread "C2 CompilerThread1" daemon [_thread_blocked, id=9924, stack(0x0000000018d70000,0x0000000018e70000)]
  0x0000000017620800 JavaThread "C2 CompilerThread0" daemon [_thread_blocked, id=21500, stack(0x0000000018c70000,0x0000000018d70000)]
  0x000000001761c800 JavaThread "Attach Listener" daemon [_thread_blocked, id=4612, stack(0x0000000018b70000,0x0000000018c70000)]
  0x0000000017619800 JavaThread "Signal Dispatcher" daemon [_thread_blocked, id=12676, stack(0x0000000018a70000,0x0000000018b70000)]
  0x0000000002aaa800 JavaThread "Finalizer" daemon [_thread_blocked, id=14912, stack(0x0000000018870000,0x0000000018970000)]
  0x0000000002a9f800 JavaThread "Reference Handler" daemon [_thread_blocked, id=15576, stack(0x0000000018770000,0x0000000018870000)]
=>0x00000000026bd800 JavaThread "main" [_thread_in_native, id=11644, stack(0x00000000028b0000,0x00000000029b0000)]

Other Threads:
  0x00000000175e8000 VMThread [stack: 0x0000000018670000,0x0000000018770000] [id=22312]
  0x0000000018fa3800 WatcherThread [stack: 0x0000000019470000,0x0000000019570000] [id=20200]

VM state:not at safepoint (normal execution)

VM Mutex/Monitor currently owned by a thread: None

Heap:
 PSYoungGen      total 38400K, used 7324K [0x00000000d5c00000, 0x00000000d8680000, 0x0000000100000000)
  eden space 33280K, 22% used [0x00000000d5c00000,0x00000000d6327378,0x00000000d7c80000)
  from space 5120K, 0% used [0x00000000d8180000,0x00000000d8180000,0x00000000d8680000)
  to   space 5120K, 0% used [0x00000000d7c80000,0x00000000d7c80000,0x00000000d8180000)
 ParOldGen       total 87552K, used 0K [0x0000000081400000, 0x0000000086980000, 0x00000000d5c00000)
  object space 87552K, 0% used [0x0000000081400000,0x0000000081400000,0x0000000086980000)
 Metaspace       used 3563K, capacity 4792K, committed 5120K, reserved 1056768K
  class space    used 389K, capacity 424K, committed 512K, reserved 1048576K

Card table byte_map: [0x0000000011e70000,0x0000000012270000] byte_map_base: 0x0000000011a66000

Marking Bits: (ParMarkBitMap*) 0x000000006d66d850
 Begin Bits: [0x0000000012920000, 0x00000000148d0000)
 End Bits:   [0x00000000148d0000, 0x0000000016880000)

Polling page: 0x0000000000dd0000

CodeCache: size=245760Kb used=1588Kb max_used=1599Kb free=244171Kb
 bounds [0x0000000002ab0000, 0x0000000002d20000, 0x0000000011ab0000]
 total_blobs=491 nmethods=209 adapters=195
 compilation: enabled

Compilation events (10 events):
Event: 169.201 Thread 0x0000000017620800  205       4       java.lang.Math::atan2 (6 bytes)
Event: 169.202 Thread 0x0000000017620800 nmethod 205 0x0000000002c3db10 code [0x0000000002c3dc60, 0x0000000002c3dcc8]
Event: 173.045 Thread 0x0000000017623000  206       4       MyRobot::computeAbsV (20 bytes)
Event: 173.045 Thread 0x0000000017620800  207       4       MyRobot::turningAngle (37 bytes)
Event: 173.045 Thread 0x0000000017623000 nmethod 206 0x0000000002c3d910 code [0x0000000002c3da40, 0x0000000002c3dab8]
Event: 173.046 Thread 0x0000000017620800 nmethod 207 0x0000000002c3b550 code [0x0000000002c3b6c0, 0x0000000002c3b7f8]
Event: 173.050 Thread 0x0000000017623000  208       4       MyRobot::currentPosition (27 bytes)
Event: 173.054 Thread 0x0000000017623000 nmethod 208 0x0000000002c3d510 code [0x0000000002c3d660, 0x0000000002c3d7a8]
Event: 176.455 Thread 0x0000000017620800  209       4       java.lang.Math::signum (23 bytes)
Event: 176.458 Thread 0x0000000017620800 nmethod 209 0x0000000002c35690 code [0x0000000002c35800, 0x0000000002c358d8]

GC Heap History (0 events):
No events

Deoptimization events (2 events):
Event: 8.419 Thread 0x0000000018f9b800 Uncommon trap: reason=unstable_if action=reinterpret pc=0x0000000002c12974 method=sun.misc.FloatingDecimal$BinaryToASCIIBuffer.estimateDecExp(JI)I @ 66
Event: 51.981 Thread 0x00000000026bd800 Uncommon trap: reason=unstable_if action=reinterpret pc=0x0000000002c2b000 method=sun.misc.FloatingDecimal$BinaryToASCIIBuffer.estimateDecExp(JI)I @ 169

Internal exceptions (2 events):
Event: 0.088 Thread 0x00000000026bd800 Exception <a 'java/lang/NoSuchMethodError': Method sun.misc.Unsafe.defineClass(Ljava/lang/String;[BII)Ljava/lang/Class; name or signature does not match> (0x00000000d5c07ca8) thrown at [C:\re\workspace\8-2-build-windows-amd64-cygwin\jdk8u144\9417\hotspot\
Event: 0.088 Thread 0x00000000026bd800 Exception <a 'java/lang/NoSuchMethodError': Method sun.misc.Unsafe.prefetchRead(Ljava/lang/Object;J)V name or signature does not match> (0x00000000d5c07f90) thrown at [C:\re\workspace\8-2-build-windows-amd64-cygwin\jdk8u144\9417\hotspot\src\share\vm\prims

Events (10 events):
Event: 8.415 loading class java/lang/Math$RandomNumberGeneratorHolder
Event: 8.416 loading class java/lang/Math$RandomNumberGeneratorHolder done
Event: 8.416 loading class java/util/Random
Event: 8.416 loading class java/util/Random done
Event: 8.418 Thread 0x0000000018f9b800 Uncommon trap: trap_request=0xffffff65 fr.pc=0x0000000002c12974
Event: 8.419 Thread 0x0000000018f9b800 DEOPT PACKING pc=0x0000000002c12974 sp=0x000000001976f0a0
Event: 8.419 Thread 0x0000000018f9b800 DEOPT UNPACKING pc=0x0000000002af582a sp=0x000000001976eeb0 mode 2
Event: 51.981 Thread 0x00000000026bd800 Uncommon trap: trap_request=0xffffff65 fr.pc=0x0000000002c2b000
Event: 51.981 Thread 0x00000000026bd800 DEOPT PACKING pc=0x0000000002c2b000 sp=0x00000000029af180
Event: 51.981 Thread 0x00000000026bd800 DEOPT UNPACKING pc=0x0000000002af582a sp=0x00000000029aef90 mode 2


Dynamic libraries:
0x00007ff6a89b0000 - 0x00007ff6a89e7000 	C:\ProgramData\Oracle\Java\javapath\javaw.exe
0x00007fffd0280000 - 0x00007fffd0470000 	C:\WINDOWS\SYSTEM32\ntdll.dll
0x00007fffcf670000 - 0x00007fffcf722000 	C:\WINDOWS\System32\KERNEL32.DLL
0x00007fffce000000 - 0x00007fffce2a3000 	C:\WINDOWS\System32\KERNELBASE.dll
0x00007fffcf520000 - 0x00007fffcf5c3000 	C:\WINDOWS\System32\ADVAPI32.dll
0x00007fffcf5d0000 - 0x00007fffcf66e000 	C:\WINDOWS\System32\msvcrt.dll
0x00007fffce820000 - 0x00007fffce8b7000 	C:\WINDOWS\System32\sechost.dll
0x00007fffcec20000 - 0x00007fffced40000 	C:\WINDOWS\System32\RPCRT4.dll
0x00007fffce8c0000 - 0x00007fffcea54000 	C:\WINDOWS\System32\USER32.dll
0x00007fffcd370000 - 0x00007fffcd391000 	C:\WINDOWS\System32\win32u.dll
0x00007fffd0070000 - 0x00007fffd0096000 	C:\WINDOWS\System32\GDI32.dll
0x00007fffcd3a0000 - 0x00007fffcd534000 	C:\WINDOWS\System32\gdi32full.dll
0x00007fffcd540000 - 0x00007fffcd5de000 	C:\WINDOWS\System32\msvcp_win.dll
0x00007fffcdd60000 - 0x00007fffcde5a000 	C:\WINDOWS\System32\ucrtbase.dll
0x00007fffbee90000 - 0x00007fffbf115000 	C:\WINDOWS\WinSxS\amd64_microsoft.windows.common-controls_6595b64144ccf1df_6.0.18362.476_none_e6c4b11b130f2595\COMCTL32.dll
0x00007fffce4e0000 - 0x00007fffce816000 	C:\WINDOWS\System32\combase.dll
0x00007fffcd2c0000 - 0x00007fffcd340000 	C:\WINDOWS\System32\bcryptPrimitives.dll
0x00007fffcfe20000 - 0x00007fffcfe4e000 	C:\WINDOWS\System32\IMM32.DLL
0x000000006d6f0000 - 0x000000006d7c2000 	C:\Program Files\Java\jre1.8.0_144\bin\msvcr100.dll
0x000000006ce50000 - 0x000000006d6ed000 	C:\Program Files\Java\jre1.8.0_144\bin\server\jvm.dll
0x00007fffcec10000 - 0x00007fffcec18000 	C:\WINDOWS\System32\PSAPI.DLL
0x00007fffba730000 - 0x00007fffba739000 	C:\WINDOWS\SYSTEM32\WSOCK32.dll
0x00007fffd01d0000 - 0x00007fffd023f000 	C:\WINDOWS\System32\WS2_32.dll
0x00007fffcade0000 - 0x00007fffcae04000 	C:\WINDOWS\SYSTEM32\WINMM.dll
0x00007fffc3be0000 - 0x00007fffc3bea000 	C:\WINDOWS\SYSTEM32\VERSION.dll
0x00007fffcadb0000 - 0x00007fffcaddd000 	C:\WINDOWS\SYSTEM32\WINMMBASE.dll
0x00007fffcdfb0000 - 0x00007fffcdffa000 	C:\WINDOWS\System32\cfgmgr32.dll
0x0000000070200000 - 0x000000007020f000 	C:\Program Files\Java\jre1.8.0_144\bin\verify.dll
0x00000000701d0000 - 0x00000000701f9000 	C:\Program Files\Java\jre1.8.0_144\bin\java.dll
0x00000000701b0000 - 0x00000000701c6000 	C:\Program Files\Java\jre1.8.0_144\bin\zip.dll
0x00007fffcf730000 - 0x00007fffcfe15000 	C:\WINDOWS\System32\SHELL32.dll
0x00007fffcfed0000 - 0x00007fffcff79000 	C:\WINDOWS\System32\shcore.dll
0x00007fffcd5e0000 - 0x00007fffcdd5e000 	C:\WINDOWS\System32\windows.storage.dll
0x00007fffcd1f0000 - 0x00007fffcd20f000 	C:\WINDOWS\System32\profapi.dll
0x00007fffcd160000 - 0x00007fffcd1aa000 	C:\WINDOWS\System32\powrprof.dll
0x00007fffcd150000 - 0x00007fffcd160000 	C:\WINDOWS\System32\UMPDC.dll
0x00007fffcebb0000 - 0x00007fffcec02000 	C:\WINDOWS\System32\shlwapi.dll
0x00007fffcd1b0000 - 0x00007fffcd1c1000 	C:\WINDOWS\System32\kernel.appcore.dll
0x00007fffce310000 - 0x00007fffce327000 	C:\WINDOWS\System32\cryptsp.dll
0x000000006e780000 - 0x000000006e7f1000 	C:\Users\user\AppData\Local\Programs\Webots\lib\controller\java\JavaController.dll
0x0000000061440000 - 0x000000006145c000 	C:\Users\user\AppData\Local\Programs\Webots\msys64\mingw64\bin\libgcc_s_seh-1.dll
0x000000006fc40000 - 0x000000006fdf3000 	C:\Users\user\AppData\Local\Programs\Webots\msys64\mingw64\bin\libstdc++-6.dll
0x0000000064940000 - 0x0000000064956000 	C:\Users\user\AppData\Local\Programs\Webots\msys64\mingw64\bin\libwinpthread-1.dll
0x0000000064f40000 - 0x0000000064fe5000 	C:\Users\user\AppData\Local\Programs\Webots\lib\controller\CppController.dll
0x000000006aa40000 - 0x000000006aabf000 	C:\Users\user\AppData\Local\Programs\Webots\lib\controller\Controller.dll
0x0000000063e00000 - 0x0000000063e0e000 	C:\Users\user\AppData\Local\Programs\Webots\RESOUR~1\projects\plugins\ROBOT_~1\generic\generic.dll
0x00007fffc37d0000 - 0x00007fffc39c4000 	C:\WINDOWS\SYSTEM32\dbghelp.dll

VM Arguments:
jvm_args: -Djava.library.path=C:/Users/user/AppData/Local/Programs/Webots/lib/controller/java 
java_command: ForagingControllerKhepera
java_class_path (initial): C:/Users/user/AppData/Local/Programs/Webots/lib/controller/java\Controller.jar;C:/Users/user/DOCUME~1/FORAGI~1/CONTRO~1/FORAGI~1/
Launcher Type: SUN_STANDARD

Environment Variables:
JAVA_HOME=C:\Program Files\Java\jdk1.8.0_101
JRE_HOME=C:\Program Files\Java\jre1.8.0_144
PATH=C:\Users\user\AppData\Local\Programs\Webots\projects\default\libraries\vehicle;C:\Users\user\AppData\Local\Programs\Webots\resources\projects\libraries\qt_utils;C:\Users\user\AppData\Local\Programs\Webots\msys64\mingw64\bin;Path=C:\Users\user\AppData\Local\Programs\Webots\msys64\mingw64\bin;C:\Users\user\AppData\Local\Programs\Webots\msys64\usr\bin;C:\ProgramData\Oracle\Java\javapath;C:\Program Files (x86)\Lenovo\FusionEngine;C:\WINDOWS\system32;C:\WINDOWS;C:\WINDOWS\System32\Wbem;C:\WINDOWS\System32\WindowsPowerShell\v1.0\;C:\Program Files (x86)\Common Files\lenovo\easyplussdk\bin;C:\Program Files\Microsoft SQL Server\Client SDK\ODBC\130\Tools\Binn\;C:\Program Files (x86)\Microsoft SQL Server\130\Tools\Binn\;C:\Program Files\Microsoft SQL Server\130\Tools\Binn\;C:\Program Files\Microsoft SQL Server\130\DTS\Binn\;C:\Program Files (x86)\Microsoft SQL Server\Client SDK\ODBC\130\Tools\Binn\;C:\Program Files (x86)\Microsoft SQL Server\140\Tools\Binn\;C:\Program Files (x86)\Microsoft SQL Server\140\DTS\Binn\;C:\Program Files (x86)\Microsoft SQL Server\140\Tools\Binn\ManagementStudio\;C:\Program Files\Java\jdk1.8.0_101\bin;C:\cygwin\bin;C:\MinGW;C:\WINDOWS\System32\OpenSSH\;C:\Program Files\Git\cmd;C:\Program Files\Gemalto\Classic Client\BIN;C:\Program Files (x86)\Gemalto\Classic Client\BIN;C:\Users\user\AppData\Local\Programs\Python\Python37-32\Scripts\;C:\Users\user\AppData\Local\Programs\Python\Python37-32\;C:\Users\user\AppData\Local\Programs\Python\Python36\Scripts\;C:\Users\user\AppData\Local\Programs\Python\Python36\;C:\Users\user\AppData\Local\Microsoft\WindowsApps;C:\Users\user\AppData\Local\GitHubDesktop\bin;C:\Program Files\Java\jre1.8.0_144\bin;C:\Users\user\AppData\Local\Microsoft\WindowsApps;C:\Users\user\AppData\Local\Programs\Microsoft VS Code\bin;;C:\Users\user\AppData\Local\Programs\Webots\lib\controller\
USERNAME=user
OS=Windows_NT
PROCESSOR_IDENTIFIER=Intel64 Family 6 Model 61 Stepping 4, GenuineIntel



---------------  S Y S T E M  ---------------

OS: Windows 10.0 , 64 bit Build 18362 (10.0.18362.329)

CPU:total 4 (initial active 4) (2 cores per cpu, 2 threads per core) family 6 model 61 stepping 4, cmov, cx8, fxsr, mmx, sse, sse2, sse3, ssse3, sse4.1, sse4.2, popcnt, avx, avx2, aes, clmul, erms, 3dnowpref, lzcnt, ht, tsc, tscinvbit, bmi1, bmi2, adx

Memory: 4k page, physical 8301580k(1871532k free), swap 17830220k(7636552k free)

vm_info: Java HotSpot(TM) 64-Bit Server VM (25.144-b01) for windows-amd64 JRE (1.8.0_144-b01), built on Jul 21 2017 21:57:33 by "java_re" with MS VC++ 10.0 (VS2010)

time: Wed Jun 24 23:59:22 2020
elapsed time: 185 seconds (0d 0h 3m 5s)

