#
# A fatal error has been detected by the Java Runtime Environment:
#
#  EXCEPTION_ACCESS_VIOLATION (0xc0000005) at pc=0x00007ffad756d320, pid=15484, tid=0x0000000000004094
#
# JRE version: Java(TM) SE Runtime Environment (8.0_101-b13) (build 1.8.0_101-b13)
# Java VM: Java HotSpot(TM) 64-Bit Server VM (25.101-b13 mixed mode windows-amd64 compressed oops)
# Problematic frame:
# C  [msvcrt.dll+0x5d320]
#
# Failed to write core dump. Minidumps are not enabled by default on client versions of Windows
#
# If you would like to submit a bug report, please visit:
#   http://bugreport.java.com/bugreport/crash.jsp
# The crash happened outside the Java Virtual Machine in native code.
# See problematic frame for where to report the bug.
#

---------------  T H R E A D  ---------------

Current thread (0x0000000002f5e000):  JavaThread "main" [_thread_in_native, id=16532, stack(0x0000000002f70000,0x0000000003070000)]

siginfo: ExceptionCode=0xc0000005, reading address 0x0000000000000000

Registers:
RAX=0x0000000019c88600, RBX=0x0000000001769ab0, RCX=0x0000000000000000, RDX=0x0000000019c80600
RSP=0x000000000306ec18, RBP=0x0000000019c885f0, RSI=0x0000000000000000, RDI=0x0000000019c88600
R8 =0x0000000019c885f0, R9 =0x0000000019c88600, R10=0x0000000000000040, R11=0x8101010101010100
R12=0x0000000000000000, R13=0x0000000000000000, R14=0x000000000306ef78, R15=0x0000000002f5e000
RIP=0x00007ffad756d320, EFLAGS=0x0000000000010293

Top of Stack: (sp=0x000000000306ec18)
0x000000000306ec18:   000000006aa5e359 0000000019c85730
0x000000000306ec28:   0000000000000020 00007ffad6a92000
0x000000000306ec38:   000000006aa57ea8 0000000019c885f0
0x000000000306ec48:   000000006aaa4008 00007ffad6a92000
0x000000000306ec58:   00007ffad6a91f80 0000000019c85730
0x000000000306ec68:   000000006aa5e739 0000000000000013
0x000000000306ec78:   0000000000001000 00000000177813c0
0x000000000306ec88:   000000006aa5b228 0000000000000000
0x000000000306ec98:   000000006aa52be5 000000006aa99560
0x000000000306eca8:   000000006aaa4008 000000006aa99560
0x000000000306ecb8:   0000000019c85730 000000000306ef78
0x000000000306ecc8:   000000006aa5956b 000000006aa99560
0x000000000306ecd8:   0000000000000000 0000000000000000
0x000000000306ece8:   000000000000039c 0000000000000000
0x000000000306ecf8:   00000000ffffffff 000000000306ee10
0x000000000306ed08:   000000000306ee90 0000000019c850f0 

Instructions: (pc=0x00007ffad756d320)
0x00007ffad756d300:   00 00 00 75 e6 90 49 bb 00 01 01 01 01 01 01 81
0x00007ffad756d310:   49 8d 14 09 66 81 e2 ff 0f 66 81 fa f8 0f 77 cb
0x00007ffad756d320:   48 8b 01 49 8b 14 09 48 3b c2 75 bf 49 ba ff fe
0x00007ffad756d330:   fe fe fe fe fe 7e 4c 03 d2 48 83 f0 ff 48 83 c1 


Register to memory mapping:

RAX=0x0000000019c88600 is an unknown value
RBX=0x0000000001769ab0 is an unknown value
RCX=0x0000000000000000 is an unknown value
RDX=0x0000000019c80600 is an unknown value
RSP=0x000000000306ec18 is pointing into the stack for thread: 0x0000000002f5e000
RBP=0x0000000019c885f0 is an unknown value
RSI=0x0000000000000000 is an unknown value
RDI=0x0000000019c88600 is an unknown value
R8 =0x0000000019c885f0 is an unknown value
R9 =0x0000000019c88600 is an unknown value
R10=0x0000000000000040 is an unknown value
R11=0x8101010101010100 is an unknown value
R12=0x0000000000000000 is an unknown value
R13=0x0000000000000000 is an unknown value
R14=0x000000000306ef78 is pointing into the stack for thread: 0x0000000002f5e000
R15=0x0000000002f5e000 is a thread


Stack: [0x0000000002f70000,0x0000000003070000],  sp=0x000000000306ec18,  free space=1019k
Native frames: (J=compiled Java code, j=interpreted, Vv=VM code, C=native code)
C  [msvcrt.dll+0x5d320]
C  [Controller.dll+0x1e359]
C  [Controller.dll+0x1e739]
C  [Controller.dll+0x1956b]
C  [Controller.dll+0x1a5b9]
C  [Controller.dll+0x1e5c5]
C  [Controller.dll+0x24579]
C  [CppController.dll+0x2cfb]
C  [JavaController.dll+0x2c6a]
C  0x0000000003187f54

Java frames: (J=compiled Java code, j=interpreted, Vv=VM code)
j  com.cyberbotics.webots.controller.wrapperJNI.Field_getSFInt32(JLcom/cyberbotics/webots/controller/Field;)I+0
J 167 C1 MyRobot.pheromoneValue(II)I (87 bytes) @ 0x00000000032d5a1c [0x00000000032d4c20+0xdfc]
j  FollowTrail.action()V+164
j  lejos.robotics.subsumption.Arbitrator.start()V+92
j  ForagingControllerKhepera.main([Ljava/lang/String;)V+69
v  ~StubRoutines::call_stub

---------------  P R O C E S S  ---------------

Java Threads: ( => current thread )
  0x000000001970b000 JavaThread "Thread-0" daemon [_thread_in_native, id=13936, stack(0x0000000019d70000,0x0000000019e70000)]
  0x0000000017d6e000 JavaThread "Service Thread" daemon [_thread_blocked, id=17592, stack(0x0000000019a70000,0x0000000019b70000)]
  0x0000000017d11800 JavaThread "C1 CompilerThread2" daemon [_thread_blocked, id=13912, stack(0x0000000019570000,0x0000000019670000)]
  0x0000000017d0e000 JavaThread "C2 CompilerThread1" daemon [_thread_blocked, id=4952, stack(0x0000000019470000,0x0000000019570000)]
  0x0000000017d1a800 JavaThread "C2 CompilerThread0" daemon [_thread_blocked, id=10484, stack(0x0000000019370000,0x0000000019470000)]
  0x0000000017d19000 JavaThread "Attach Listener" daemon [_thread_blocked, id=11788, stack(0x0000000019270000,0x0000000019370000)]
  0x0000000017d15800 JavaThread "Signal Dispatcher" daemon [_thread_blocked, id=6952, stack(0x0000000019170000,0x0000000019270000)]
  0x0000000017cfa000 JavaThread "Finalizer" daemon [_thread_blocked, id=17128, stack(0x0000000018f60000,0x0000000019060000)]
  0x000000000315f800 JavaThread "Reference Handler" daemon [_thread_blocked, id=8708, stack(0x0000000018e60000,0x0000000018f60000)]
=>0x0000000002f5e000 JavaThread "main" [_thread_in_native, id=16532, stack(0x0000000002f70000,0x0000000003070000)]

Other Threads:
  0x0000000017cd7800 VMThread [stack: 0x0000000018d60000,0x0000000018e60000] [id=11216]
  0x000000001969e000 WatcherThread [stack: 0x0000000019b70000,0x0000000019c70000] [id=8332]

VM state:not at safepoint (normal execution)

VM Mutex/Monitor currently owned by a thread: None

Heap:
 PSYoungGen      total 38400K, used 3359K [0x00000000d5c00000, 0x00000000d8680000, 0x0000000100000000)
  eden space 33280K, 10% used [0x00000000d5c00000,0x00000000d5f47dd0,0x00000000d7c80000)
  from space 5120K, 0% used [0x00000000d8180000,0x00000000d8180000,0x00000000d8680000)
  to   space 5120K, 0% used [0x00000000d7c80000,0x00000000d7c80000,0x00000000d8180000)
 ParOldGen       total 87552K, used 0K [0x0000000081400000, 0x0000000086980000, 0x00000000d5c00000)
  object space 87552K, 0% used [0x0000000081400000,0x0000000081400000,0x0000000086980000)
 Metaspace       used 3765K, capacity 4870K, committed 5120K, reserved 1056768K
  class space    used 405K, capacity 430K, committed 512K, reserved 1048576K

Card table byte_map: [0x0000000012530000,0x0000000012930000] byte_map_base: 0x0000000012126000

Marking Bits: (ParMarkBitMap*) 0x000000005a77a6d0
 Begin Bits: [0x0000000012fe0000, 0x0000000014f90000)
 End Bits:   [0x0000000014f90000, 0x0000000016f40000)

Polling page: 0x0000000001750000

CodeCache: size=245760Kb used=1443Kb max_used=1450Kb free=244316Kb
 bounds [0x0000000003170000, 0x00000000033e0000, 0x0000000012170000]
 total_blobs=462 nmethods=186 adapters=189
 compilation: enabled

Compilation events (10 events):
Event: 7.352 Thread 0x0000000017d1a800  182       4       java.nio.Buffer::position (43 bytes)
Event: 7.354 Thread 0x0000000017d1a800 nmethod 182 0x00000000032d7550 code [0x00000000032d7680, 0x00000000032d7738]
Event: 7.469 Thread 0x0000000017d0e000  183       4       java.lang.Math::signum (23 bytes)
Event: 7.471 Thread 0x0000000017d0e000 nmethod 183 0x00000000032d6d50 code [0x00000000032d6ec0, 0x00000000032d6f98]
Event: 7.567 Thread 0x0000000017d1a800  184       4       MyRobot::currentDirection (20 bytes)
Event: 7.569 Thread 0x0000000017d1a800 nmethod 184 0x00000000032d6950 code [0x00000000032d6aa0, 0x00000000032d6b98]
Event: 7.591 Thread 0x0000000017d0e000  185       4       MyRobot::turningAngle (37 bytes)
Event: 7.604 Thread 0x0000000017d0e000 nmethod 185 0x00000000032da250 code [0x00000000032da3c0, 0x00000000032da4f8]
Event: 8.587 Thread 0x0000000017d11800  186       3       com.cyberbotics.webots.controller.Field::findField (60 bytes)
Event: 8.589 Thread 0x0000000017d11800 nmethod 186 0x00000000032d9450 code [0x00000000032d9620, 0x00000000032d9eb8]

GC Heap History (0 events):
No events

Deoptimization events (0 events):
No events

Internal exceptions (6 events):
Event: 0.104 Thread 0x0000000002f5e000 Exception <a 'java/lang/NoSuchMethodError': Method sun.misc.Unsafe.defineClass(Ljava/lang/String;[BII)Ljava/lang/Class; name or signature does not match> (0x00000000d5c07cc0) thrown at [C:\re\workspace\8-2-build-windows-amd64-cygwin\jdk8u101\7261\hotspot\súùV≠¥∫?
Event: 0.104 Thread 0x0000000002f5e000 Exception <a 'java/lang/NoSuchMethodError': Method sun.misc.Unsafe.prefetchRead(Ljava/lang/Object;J)V name or signature does not match> (0x00000000d5c07fa8) thrown at [C:\re\workspace\8-2-build-windows-amd64-cygwin\jdk8u101\7261\hotspot\src\share\vm\prims\W€c3v·?
Event: 0.546 Thread 0x0000000002f5e000 Exception <a 'java/security/PrivilegedActionException'> (0x00000000d5db6460) thrown at [C:\re\workspace\8-2-build-windows-amd64-cygwin\jdk8u101\7261\hotspot\src\share\vm\prims\jvm.cpp, line 1386]
Event: 0.546 Thread 0x0000000002f5e000 Exception <a 'java/security/PrivilegedActionException'> (0x00000000d5db6858) thrown at [C:\re\workspace\8-2-build-windows-amd64-cygwin\jdk8u101\7261\hotspot\src\share\vm\prims\jvm.cpp, line 1386]
Event: 0.548 Thread 0x0000000002f5e000 Exception <a 'java/security/PrivilegedActionException'> (0x00000000d5dba928) thrown at [C:\re\workspace\8-2-build-windows-amd64-cygwin\jdk8u101\7261\hotspot\src\share\vm\prims\jvm.cpp, line 1386]
Event: 0.548 Thread 0x0000000002f5e000 Exception <a 'java/security/PrivilegedActionException'> (0x00000000d5dbad20) thrown at [C:\re\workspace\8-2-build-windows-amd64-cygwin\jdk8u101\7261\hotspot\src\share\vm\prims\jvm.cpp, line 1386]

Events (10 events):
Event: 0.593 loading class java/util/Formatter$FormatString done
Event: 0.593 loading class java/util/Formatter$FixedString done
Event: 0.593 loading class java/util/Formatter$FormatSpecifier
Event: 0.593 loading class java/util/Formatter$FormatSpecifier done
Event: 0.594 loading class java/util/Formatter$Flags
Event: 0.595 loading class java/util/Formatter$Flags done
Event: 0.596 loading class java/util/Formatter$Conversion
Event: 0.596 loading class java/util/Formatter$Conversion done
Event: 4.250 Executing VM operation: EnableBiasedLocking
Event: 4.250 Executing VM operation: EnableBiasedLocking done


Dynamic libraries:
0x00007ff7b3d60000 - 0x00007ff7b3d97000 	C:\Program Files\Java\jdk1.8.0_101\bin\javaw.exe
0x00007ffad7a40000 - 0x00007ffad7c30000 	C:\WINDOWS\SYSTEM32\ntdll.dll
0x00007ffad6a70000 - 0x00007ffad6b22000 	C:\WINDOWS\System32\KERNEL32.DLL
0x00007ffad5650000 - 0x00007ffad58f3000 	C:\WINDOWS\System32\KERNELBASE.dll
0x00007ffad7950000 - 0x00007ffad79f3000 	C:\WINDOWS\System32\ADVAPI32.dll
0x00007ffad7510000 - 0x00007ffad75ae000 	C:\WINDOWS\System32\msvcrt.dll
0x00007ffad69d0000 - 0x00007ffad6a67000 	C:\WINDOWS\System32\sechost.dll
0x00007ffad7830000 - 0x00007ffad7950000 	C:\WINDOWS\System32\RPCRT4.dll
0x00007ffad6b30000 - 0x00007ffad6cc4000 	C:\WINDOWS\System32\USER32.dll
0x00007ffad4bf0000 - 0x00007ffad4c11000 	C:\WINDOWS\System32\win32u.dll
0x00007ffad6cd0000 - 0x00007ffad6cf6000 	C:\WINDOWS\System32\GDI32.dll
0x00007ffad49d0000 - 0x00007ffad4b64000 	C:\WINDOWS\System32\gdi32full.dll
0x00007ffad5a50000 - 0x00007ffad5aee000 	C:\WINDOWS\System32\msvcp_win.dll
0x00007ffad5950000 - 0x00007ffad5a4a000 	C:\WINDOWS\System32\ucrtbase.dll
0x00007ffac4cf0000 - 0x00007ffac4f75000 	C:\WINDOWS\WinSxS\amd64_microsoft.windows.common-controls_6595b64144ccf1df_6.0.18362.476_none_e6c4b11b130f2595\COMCTL32.dll
0x00007ffad5b50000 - 0x00007ffad5e86000 	C:\WINDOWS\System32\combase.dll
0x00007ffad4b70000 - 0x00007ffad4bf0000 	C:\WINDOWS\System32\bcryptPrimitives.dll
0x00007ffad6d80000 - 0x00007ffad6dae000 	C:\WINDOWS\System32\IMM32.DLL
0x000000005a800000 - 0x000000005a8d2000 	C:\Program Files\Java\jdk1.8.0_101\jre\bin\msvcr100.dll
0x0000000059f60000 - 0x000000005a7fa000 	C:\Program Files\Java\jdk1.8.0_101\jre\bin\server\jvm.dll
0x00007ffad74a0000 - 0x00007ffad74a8000 	C:\WINDOWS\System32\PSAPI.DLL
0x00007ffac3f00000 - 0x00007ffac3f09000 	C:\WINDOWS\SYSTEM32\WSOCK32.dll
0x00007ffad75b0000 - 0x00007ffad761f000 	C:\WINDOWS\System32\WS2_32.dll
0x00007ffacae60000 - 0x00007ffacae6a000 	C:\WINDOWS\SYSTEM32\VERSION.dll
0x00007ffad23d0000 - 0x00007ffad23f4000 	C:\WINDOWS\SYSTEM32\WINMM.dll
0x00007ffad23a0000 - 0x00007ffad23cd000 	C:\WINDOWS\SYSTEM32\WINMMBASE.dll
0x00007ffad5900000 - 0x00007ffad594a000 	C:\WINDOWS\System32\cfgmgr32.dll
0x000000005d3c0000 - 0x000000005d3cf000 	C:\Program Files\Java\jdk1.8.0_101\jre\bin\verify.dll
0x000000005d390000 - 0x000000005d3b9000 	C:\Program Files\Java\jdk1.8.0_101\jre\bin\java.dll
0x000000005d370000 - 0x000000005d386000 	C:\Program Files\Java\jdk1.8.0_101\jre\bin\zip.dll
0x00007ffad6db0000 - 0x00007ffad7495000 	C:\WINDOWS\System32\SHELL32.dll
0x00007ffad5ea0000 - 0x00007ffad5f49000 	C:\WINDOWS\System32\shcore.dll
0x00007ffad4c80000 - 0x00007ffad53fe000 	C:\WINDOWS\System32\windows.storage.dll
0x00007ffad49b0000 - 0x00007ffad49cf000 	C:\WINDOWS\System32\profapi.dll
0x00007ffad4960000 - 0x00007ffad49aa000 	C:\WINDOWS\System32\powrprof.dll
0x00007ffad4910000 - 0x00007ffad4920000 	C:\WINDOWS\System32\UMPDC.dll
0x00007ffad74b0000 - 0x00007ffad7502000 	C:\WINDOWS\System32\shlwapi.dll
0x00007ffad4940000 - 0x00007ffad4951000 	C:\WINDOWS\System32\kernel.appcore.dll
0x00007ffad5630000 - 0x00007ffad5647000 	C:\WINDOWS\System32\cryptsp.dll
0x000000006e780000 - 0x000000006e7f1000 	C:\Program Files\Webots\lib\controller\java\JavaController.dll
0x0000000061440000 - 0x000000006145c000 	C:\Program Files\Webots\msys64\mingw64\bin\libgcc_s_seh-1.dll
0x000000006fc40000 - 0x000000006fdf3000 	C:\Program Files\Webots\msys64\mingw64\bin\libstdc++-6.dll
0x0000000064940000 - 0x0000000064956000 	C:\Program Files\Webots\msys64\mingw64\bin\libwinpthread-1.dll
0x0000000064f40000 - 0x0000000064fe5000 	C:\Program Files\Webots\lib\controller\CppController.dll
0x000000006aa40000 - 0x000000006aabf000 	C:\Program Files\Webots\lib\controller\Controller.dll
0x0000000063e00000 - 0x0000000063e0e000 	C:\PROGRA~1\Webots\RESOUR~1\projects\plugins\ROBOT_~1\generic\generic.dll
0x00007ffad2e50000 - 0x00007ffad3044000 	C:\WINDOWS\SYSTEM32\dbghelp.dll

VM Arguments:
jvm_args: -Djava.library.path=C:/Program Files/Webots/lib/controller/java 
java_command: ForagingControllerKhepera
java_class_path (initial): C:/Program Files/Webots/lib/controller/java\Controller.jar;C:/Users/user/DOCUME~1/GitHub/FORAGI~1/CONTRO~1/FORAGI~1/
Launcher Type: SUN_STANDARD

Environment Variables:
JAVA_HOME=C:\Program Files\Java\jdk1.8.0_101
PATH=C:\Program Files\Webots\projects\default\libraries\vehicle;C:\Program Files\Webots\resources\projects\libraries\qt_utils;C:\Program Files\Webots\msys64\mingw64\bin;Path=C:\Program Files\Webots\msys64\mingw64\bin;C:\Program Files\Webots\msys64\usr\bin;C:\Program Files (x86)\Lenovo\FusionEngine;C:\WINDOWS\system32;C:\WINDOWS;C:\WINDOWS\System32\Wbem;C:\WINDOWS\System32\WindowsPowerShell\v1.0\;C:\Program Files (x86)\Common Files\lenovo\easyplussdk\bin;C:\Program Files\Microsoft SQL Server\Client SDK\ODBC\130\Tools\Binn\;C:\Program Files (x86)\Microsoft SQL Server\130\Tools\Binn\;C:\Program Files\Microsoft SQL Server\130\Tools\Binn\;C:\Program Files\Microsoft SQL Server\130\DTS\Binn\;C:\Program Files (x86)\Microsoft SQL Server\Client SDK\ODBC\130\Tools\Binn\;C:\Program Files (x86)\Microsoft SQL Server\140\Tools\Binn\;C:\Program Files (x86)\Microsoft SQL Server\140\DTS\Binn\;C:\Program Files (x86)\Microsoft SQL Server\140\Tools\Binn\ManagementStudio\;C:\Program Files\Java\jdk1.8.0_101\bin;C:\cygwin\bin;C:\MinGW;C:\WINDOWS\System32\OpenSSH\;C:\Program Files\Git\cmd;C:\Program Files\Gemalto\Classic Client\BIN;C:\Program Files (x86)\Gemalto\Classic Client\BIN;C:\Users\user\AppData\Local\Programs\Python\Python37-32\Scripts\;C:\Users\user\AppData\Local\Programs\Python\Python37-32\;C:\Users\user\AppData\Local\Programs\Python\Python36\Scripts\;C:\Users\user\AppData\Local\Programs\Python\Python36\;C:\Users\user\AppData\Local\Microsoft\WindowsApps;C:\Users\user\AppData\Local\GitHubDesktop\bin;C:\Users\user\AppData\Local\Microsoft\WindowsApps;C:\Users\user\AppData\Local\Programs\Microsoft VS Code\bin;C:\Program Files\Webots\lib\controller\
USERNAME=user
OS=Windows_NT
PROCESSOR_IDENTIFIER=Intel64 Family 6 Model 61 Stepping 4, GenuineIntel



---------------  S Y S T E M  ---------------

OS: Windows 10.0 , 64 bit Build 18362 (10.0.18362.329)

CPU:total 4 (2 cores per cpu, 2 threads per core) family 6 model 61 stepping 4, cmov, cx8, fxsr, mmx, sse, sse2, sse3, ssse3, sse4.1, sse4.2, popcnt, avx, avx2, aes, clmul, erms, 3dnowpref, lzcnt, ht, tsc, tscinvbit, bmi1, bmi2, adx

Memory: 4k page, physical 8301580k(2876928k free), swap 12364812k(5533268k free)

vm_info: Java HotSpot(TM) 64-Bit Server VM (25.101-b13) for windows-amd64 JRE (1.8.0_101-b13), built on Jun 22 2016 01:21:29 by "java_re" with MS VC++ 10.0 (VS2010)

time: Mon Jul 06 20:39:14 2020
elapsed time: 9 seconds (0d 0h 0m 9s)

