#
# A fatal error has been detected by the Java Runtime Environment:
#
#  EXCEPTION_ACCESS_VIOLATION (0xc0000005) at pc=0x00007ffd31a9d323, pid=2256, tid=0x0000000000000500
#
# JRE version: Java(TM) SE Runtime Environment (8.0_144-b01) (build 1.8.0_144-b01)
# Java VM: Java HotSpot(TM) 64-Bit Server VM (25.144-b01 mixed mode windows-amd64 compressed oops)
# Problematic frame:
# C  [msvcrt.dll+0x5d323]
#
# Failed to write core dump. Minidumps are not enabled by default on client versions of Windows
#
# If you would like to submit a bug report, please visit:
#   http://bugreport.java.com/bugreport/crash.jsp
# The crash happened outside the Java Virtual Machine in native code.
# See problematic frame for where to report the bug.
#

---------------  T H R E A D  ---------------

Current thread (0x000000000289d800):  JavaThread "main" [_thread_in_native, id=1280, stack(0x00000000028a0000,0x00000000029a0000)]

siginfo: ExceptionCode=0xc0000005, reading address 0x0000000000000000

Registers:
RAX=0x00000065756c6176, RBX=0x000000000299f410, RCX=0x000000000299f410, RDX=0x0000000000000000
RSP=0x000000000299f358, RBP=0x000000000299f3d0, RSI=0x0000000000000335, RDI=0x0000000002a1f056
R8 =0x000000000299f2b8, R9 =0xfffffffffd660bf0, R10=0x0000000000000000, R11=0x8101010101010100
R12=0x0000000019604890, R13=0x00000000d685fa58, R14=0x000000000299f4a8, R15=0x000000000289d800
RIP=0x00007ffd31a9d323, EFLAGS=0x0000000000010293

Top of Stack: (sp=0x000000000299f358)
0x000000000299f358:   000000006aa60ac9 000000000299f410
0x000000000299f368:   0000000002a1f050 0000000000000000
0x000000000299f378:   00000000000003b8 000000000289d9f8
0x000000000299f388:   0000000002a1f050 000000000299f488
0x000000000299f398:   0000000064f44de3 0000000002a1f050
0x000000000299f3a8:   000000006c4412b1 0000000000000000
0x000000000299f3b8:   0000000000000005 000000000289d9f8
0x000000000299f3c8:   0000000002a1f050 00000000196089e0
0x000000000299f3d8:   000000006e78a00c 00000000196089e0
0x000000000299f3e8:   000000000299f400 000000000299f488
0x000000000299f3f8:   000000000289d9f8 000000000299f410
0x000000000299f408:   0000000000000005 00000065756c6176
0x000000000299f418:   00000000d685fa78 00000000000005e2
0x000000000299f428:   00000000000001a8 00000000000002f4
0x000000000299f438:   000000000299f4c0 0000000000000000
0x000000000299f448:   0000000002ce3e6c 00000000d685fa58 

Instructions: (pc=0x00007ffd31a9d323)
0x00007ffd31a9d303:   75 e6 90 49 bb 00 01 01 01 01 01 01 81 49 8d 14
0x00007ffd31a9d313:   09 66 81 e2 ff 0f 66 81 fa f8 0f 77 cb 48 8b 01
0x00007ffd31a9d323:   49 8b 14 09 48 3b c2 75 bf 49 ba ff fe fe fe fe
0x00007ffd31a9d333:   fe fe 7e 4c 03 d2 48 83 f0 ff 48 83 c1 08 49 33 


Register to memory mapping:

RAX=0x00000065756c6176 is an unknown value
RBX=0x000000000299f410 is pointing into the stack for thread: 0x000000000289d800
RCX=0x000000000299f410 is pointing into the stack for thread: 0x000000000289d800
RDX=0x0000000000000000 is an unknown value
RSP=0x000000000299f358 is pointing into the stack for thread: 0x000000000289d800
RBP=0x000000000299f3d0 is pointing into the stack for thread: 0x000000000289d800
RSI=0x0000000000000335 is an unknown value
RDI=0x0000000002a1f056 is an unknown value
R8 =0x000000000299f2b8 is pointing into the stack for thread: 0x000000000289d800
R9 =0xfffffffffd660bf0 is an unknown value
R10=0x0000000000000000 is an unknown value
R11=0x8101010101010100 is an unknown value
R12=0x0000000019604890 is an unknown value
R13=0x00000000d685fa58 is an oop
[C 
 - klass: {type array char}
 - length: 8
R14=0x000000000299f4a8 is pointing into the stack for thread: 0x000000000289d800
R15=0x000000000289d800 is a thread


Stack: [0x00000000028a0000,0x00000000029a0000],  sp=0x000000000299f358,  free space=1020k
Native frames: (J=compiled Java code, j=interpreted, Vv=VM code, C=native code)
C  [msvcrt.dll+0x5d323]
C  [Controller.dll+0x20ac9]
C  [CppController.dll+0x4de3]
C  [JavaController.dll+0xa00c]
C  0x0000000002ce3e6c

Java frames: (J=compiled Java code, j=interpreted, Vv=VM code)
J 349  com.cyberbotics.webots.controller.wrapperJNI.Node_getFieldPrivate(JLcom/cyberbotics/webots/controller/Node;Ljava/lang/String;)J (0 bytes) @ 0x0000000002ce3dee [0x0000000002ce3d80+0x6e]
J 307 C1 MyRobot.pheromoneValue(II)I (52 bytes) @ 0x0000000002cc365c [0x0000000002cc2640+0x101c]
j  FollowTrail.action()V+182
j  lejos.robotics.subsumption.Arbitrator.start()V+92
j  ForagingControllerKhepera.main([Ljava/lang/String;)V+140
v  ~StubRoutines::call_stub

---------------  P R O C E S S  ---------------

Java Threads: ( => current thread )
  0x00000000190a6800 JavaThread "Thread-0" daemon [_thread_in_native, id=4176, stack(0x00000000197f0000,0x00000000198f0000)]
  0x00000000190a9800 JavaThread "pool-1-thread-1" [_thread_blocked, id=12200, stack(0x00000000196f0000,0x00000000197f0000)]
  0x00000000176de800 JavaThread "Service Thread" daemon [_thread_blocked, id=2596, stack(0x00000000193f0000,0x00000000194f0000)]
  0x000000001768b800 JavaThread "C1 CompilerThread2" daemon [_thread_blocked, id=14012, stack(0x0000000018ef0000,0x0000000018ff0000)]
  0x0000000017686000 JavaThread "C2 CompilerThread1" daemon [_thread_blocked, id=2536, stack(0x0000000018df0000,0x0000000018ef0000)]
  0x0000000017681000 JavaThread "C2 CompilerThread0" daemon [_thread_blocked, id=8872, stack(0x0000000018cf0000,0x0000000018df0000)]
  0x000000001767c800 JavaThread "Attach Listener" daemon [_thread_blocked, id=19908, stack(0x0000000018bf0000,0x0000000018cf0000)]
  0x000000001767b800 JavaThread "Signal Dispatcher" daemon [_thread_blocked, id=17328, stack(0x0000000018af0000,0x0000000018bf0000)]
  0x0000000002b0a800 JavaThread "Finalizer" daemon [_thread_blocked, id=18300, stack(0x00000000188f0000,0x00000000189f0000)]
  0x0000000002aff800 JavaThread "Reference Handler" daemon [_thread_blocked, id=884, stack(0x00000000187f0000,0x00000000188f0000)]
=>0x000000000289d800 JavaThread "main" [_thread_in_native, id=1280, stack(0x00000000028a0000,0x00000000029a0000)]

Other Threads:
  0x0000000017648800 VMThread [stack: 0x00000000186f0000,0x00000000187f0000] [id=3604]
  0x000000001901f800 WatcherThread [stack: 0x00000000194f0000,0x00000000195f0000] [id=18156]

VM state:not at safepoint (normal execution)

VM Mutex/Monitor currently owned by a thread: None

Heap:
 PSYoungGen      total 38400K, used 13313K [0x00000000d5c00000, 0x00000000d8680000, 0x0000000100000000)
  eden space 33280K, 40% used [0x00000000d5c00000,0x00000000d69004f0,0x00000000d7c80000)
  from space 5120K, 0% used [0x00000000d8180000,0x00000000d8180000,0x00000000d8680000)
  to   space 5120K, 0% used [0x00000000d7c80000,0x00000000d7c80000,0x00000000d8180000)
 ParOldGen       total 87552K, used 0K [0x0000000081400000, 0x0000000086980000, 0x00000000d5c00000)
  object space 87552K, 0% used [0x0000000081400000,0x0000000081400000,0x0000000086980000)
 Metaspace       used 4174K, capacity 5004K, committed 5120K, reserved 1056768K
  class space    used 458K, capacity 500K, committed 512K, reserved 1048576K

Card table byte_map: [0x0000000011ed0000,0x00000000122d0000] byte_map_base: 0x0000000011ac6000

Marking Bits: (ParMarkBitMap*) 0x000000006cb1d850
 Begin Bits: [0x0000000012980000, 0x0000000014930000)
 End Bits:   [0x0000000014930000, 0x00000000168e0000)

Polling page: 0x0000000002870000

CodeCache: size=245760Kb used=1985Kb max_used=2002Kb free=243774Kb
 bounds [0x0000000002b10000, 0x0000000002d80000, 0x0000000011b10000]
 total_blobs=664 nmethods=373 adapters=204
 compilation: enabled

Compilation events (10 events):
Event: 48.292 Thread 0x0000000017686000 nmethod 369 0x0000000002cf2250 code [0x0000000002cf23c0, 0x0000000002cf2778]
Event: 48.292 Thread 0x0000000017686000  370       4       java.util.Formatter$FormatSpecifier::printInteger (130 bytes)
Event: 48.295 Thread 0x0000000017686000 nmethod 370 0x0000000002cee590 code [0x0000000002cee700, 0x0000000002cee888]
Event: 48.333 Thread 0x0000000017681000 nmethod 368 0x0000000002cf7190 code [0x0000000002cf73a0, 0x0000000002cf8868]
Event: 48.441 Thread 0x0000000017681000  372   !   4       java.util.Formatter$FormatSpecifier::index (53 bytes)
Event: 48.441 Thread 0x0000000017686000  371       4       java.util.Formatter$FormatSpecifier::<init> (246 bytes)
Event: 48.443 Thread 0x0000000017681000 nmethod 372 0x0000000002cf2010 code [0x0000000002cf2140, 0x0000000002cf21b8]
Event: 48.604 Thread 0x0000000017686000 nmethod 371 0x0000000002cfa050 code [0x0000000002cfaa00, 0x0000000002cfd178]
Event: 49.111 Thread 0x0000000017681000  373   !   4       java.util.Formatter::format (271 bytes)
Event: 49.348 Thread 0x0000000017681000 nmethod 373 0x0000000002d009d0 code [0x0000000002d01020, 0x0000000002d03f70]

GC Heap History (0 events):
No events

Deoptimization events (1 events):
Event: 15.779 Thread 0x000000000289d800 Uncommon trap: reason=unstable_if action=reinterpret pc=0x0000000002c3e5c4 method=lejos.robotics.subsumption.Arbitrator.start()V @ 12

Internal exceptions (6 events):
Event: 0.050 Thread 0x000000000289d800 Exception <a 'java/lang/NoSuchMethodError': Method sun.misc.Unsafe.defineClass(Ljava/lang/String;[BII)Ljava/lang/Class; name or signature does not match> (0x00000000d5c07ca8) thrown at [C:\re\workspace\8-2-build-windows-amd64-cygwin\jdk8u144\9417\hotspot\
Event: 0.050 Thread 0x000000000289d800 Exception <a 'java/lang/NoSuchMethodError': Method sun.misc.Unsafe.prefetchRead(Ljava/lang/Object;J)V name or signature does not match> (0x00000000d5c07f90) thrown at [C:\re\workspace\8-2-build-windows-amd64-cygwin\jdk8u144\9417\hotspot\src\share\vm\prims
Event: 22.130 Thread 0x000000000289d800 Exception <a 'java/security/PrivilegedActionException'> (0x00000000d5f467d0) thrown at [C:\re\workspace\8-2-build-windows-amd64-cygwin\jdk8u144\9417\hotspot\src\share\vm\prims\jvm.cpp, line 1390]
Event: 22.130 Thread 0x000000000289d800 Exception <a 'java/security/PrivilegedActionException'> (0x00000000d5f46bc8) thrown at [C:\re\workspace\8-2-build-windows-amd64-cygwin\jdk8u144\9417\hotspot\src\share\vm\prims\jvm.cpp, line 1390]
Event: 22.132 Thread 0x000000000289d800 Exception <a 'java/security/PrivilegedActionException'> (0x00000000d5f4aa20) thrown at [C:\re\workspace\8-2-build-windows-amd64-cygwin\jdk8u144\9417\hotspot\src\share\vm\prims\jvm.cpp, line 1390]
Event: 22.132 Thread 0x000000000289d800 Exception <a 'java/security/PrivilegedActionException'> (0x00000000d5f4ae18) thrown at [C:\re\workspace\8-2-build-windows-amd64-cygwin\jdk8u144\9417\hotspot\src\share\vm\prims\jvm.cpp, line 1390]

Events (10 events):
Event: 22.186 loading class sun/misc/FloatingDecimal$PreparedASCIIToBinaryBuffer
Event: 22.186 loading class sun/misc/FloatingDecimal$ASCIIToBinaryConverter
Event: 22.186 loading class sun/misc/FloatingDecimal$ASCIIToBinaryConverter done
Event: 22.186 loading class sun/misc/FloatingDecimal$PreparedASCIIToBinaryBuffer done
Event: 22.186 loading class sun/misc/FDBigInteger
Event: 22.187 loading class sun/misc/FDBigInteger done
Event: 34.223 loading class java/lang/Math$RandomNumberGeneratorHolder
Event: 34.223 loading class java/lang/Math$RandomNumberGeneratorHolder done
Event: 34.223 loading class java/util/Random
Event: 34.223 loading class java/util/Random done


Dynamic libraries:
0x00007ff758730000 - 0x00007ff758767000 	C:\ProgramData\Oracle\Java\javapath\javaw.exe
0x00007ffd32e60000 - 0x00007ffd33050000 	C:\WINDOWS\SYSTEM32\ntdll.dll
0x00007ffd323c0000 - 0x00007ffd32472000 	C:\WINDOWS\System32\KERNEL32.DLL
0x00007ffd30130000 - 0x00007ffd303d3000 	C:\WINDOWS\System32\KERNELBASE.dll
0x00007ffd30f10000 - 0x00007ffd30fb3000 	C:\WINDOWS\System32\ADVAPI32.dll
0x00007ffd31a40000 - 0x00007ffd31ade000 	C:\WINDOWS\System32\msvcrt.dll
0x00007ffd327d0000 - 0x00007ffd32867000 	C:\WINDOWS\System32\sechost.dll
0x00007ffd31480000 - 0x00007ffd315a0000 	C:\WINDOWS\System32\RPCRT4.dll
0x00007ffd31230000 - 0x00007ffd313c4000 	C:\WINDOWS\System32\USER32.dll
0x00007ffd2ffe0000 - 0x00007ffd30001000 	C:\WINDOWS\System32\win32u.dll
0x00007ffd31a10000 - 0x00007ffd31a36000 	C:\WINDOWS\System32\GDI32.dll
0x00007ffd2fdf0000 - 0x00007ffd2ff84000 	C:\WINDOWS\System32\gdi32full.dll
0x00007ffd30c40000 - 0x00007ffd30cde000 	C:\WINDOWS\System32\msvcp_win.dll
0x00007ffd30010000 - 0x00007ffd3010a000 	C:\WINDOWS\System32\ucrtbase.dll
0x00007ffd1f830000 - 0x00007ffd1fab5000 	C:\WINDOWS\WinSxS\amd64_microsoft.windows.common-controls_6595b64144ccf1df_6.0.18362.476_none_e6c4b11b130f2595\COMCTL32.dll
0x00007ffd315a0000 - 0x00007ffd318d6000 	C:\WINDOWS\System32\combase.dll
0x00007ffd30d40000 - 0x00007ffd30dc0000 	C:\WINDOWS\System32\bcryptPrimitives.dll
0x00007ffd313d0000 - 0x00007ffd313fe000 	C:\WINDOWS\System32\IMM32.DLL
0x000000006d4e0000 - 0x000000006d5b2000 	C:\Program Files\Java\jre1.8.0_144\bin\msvcr100.dll
0x000000006c300000 - 0x000000006cb9d000 	C:\Program Files\Java\jre1.8.0_144\bin\server\jvm.dll
0x00007ffd31070000 - 0x00007ffd31078000 	C:\WINDOWS\System32\PSAPI.DLL
0x00007ffd2c7f0000 - 0x00007ffd2c814000 	C:\WINDOWS\SYSTEM32\WINMM.dll
0x00007ffd28aa0000 - 0x00007ffd28aaa000 	C:\WINDOWS\SYSTEM32\VERSION.dll
0x00007ffd1c540000 - 0x00007ffd1c549000 	C:\WINDOWS\SYSTEM32\WSOCK32.dll
0x00007ffd31ae0000 - 0x00007ffd31b4f000 	C:\WINDOWS\System32\WS2_32.dll
0x00007ffd2c7c0000 - 0x00007ffd2c7ed000 	C:\WINDOWS\SYSTEM32\WINMMBASE.dll
0x00007ffd2ff90000 - 0x00007ffd2ffda000 	C:\WINDOWS\System32\cfgmgr32.dll
0x000000006f980000 - 0x000000006f98f000 	C:\Program Files\Java\jre1.8.0_144\bin\verify.dll
0x000000006f950000 - 0x000000006f979000 	C:\Program Files\Java\jre1.8.0_144\bin\java.dll
0x000000006f930000 - 0x000000006f946000 	C:\Program Files\Java\jre1.8.0_144\bin\zip.dll
0x00007ffd31b50000 - 0x00007ffd32235000 	C:\WINDOWS\System32\SHELL32.dll
0x00007ffd30fc0000 - 0x00007ffd31069000 	C:\WINDOWS\System32\shcore.dll
0x00007ffd304c0000 - 0x00007ffd30c3e000 	C:\WINDOWS\System32\windows.storage.dll
0x00007ffd2fd60000 - 0x00007ffd2fd7f000 	C:\WINDOWS\System32\profapi.dll
0x00007ffd2fd80000 - 0x00007ffd2fdca000 	C:\WINDOWS\System32\powrprof.dll
0x00007ffd2fd30000 - 0x00007ffd2fd40000 	C:\WINDOWS\System32\UMPDC.dll
0x00007ffd322a0000 - 0x00007ffd322f2000 	C:\WINDOWS\System32\shlwapi.dll
0x00007ffd2fd40000 - 0x00007ffd2fd51000 	C:\WINDOWS\System32\kernel.appcore.dll
0x00007ffd30110000 - 0x00007ffd30127000 	C:\WINDOWS\System32\cryptsp.dll
0x000000006e780000 - 0x000000006e7f1000 	C:\Users\user\AppData\Local\Programs\Webots\lib\controller\java\JavaController.dll
0x0000000061440000 - 0x000000006145c000 	C:\Users\user\AppData\Local\Programs\Webots\msys64\mingw64\bin\libgcc_s_seh-1.dll
0x000000006fc40000 - 0x000000006fdf3000 	C:\Users\user\AppData\Local\Programs\Webots\msys64\mingw64\bin\libstdc++-6.dll
0x0000000064940000 - 0x0000000064956000 	C:\Users\user\AppData\Local\Programs\Webots\msys64\mingw64\bin\libwinpthread-1.dll
0x0000000064f40000 - 0x0000000064fe5000 	C:\Users\user\AppData\Local\Programs\Webots\lib\controller\CppController.dll
0x000000006aa40000 - 0x000000006aabf000 	C:\Users\user\AppData\Local\Programs\Webots\lib\controller\Controller.dll
0x0000000063e00000 - 0x0000000063e0e000 	C:\Users\user\AppData\Local\Programs\Webots\RESOUR~1\projects\plugins\ROBOT_~1\generic\generic.dll
0x00007ffd26300000 - 0x00007ffd264f4000 	C:\WINDOWS\SYSTEM32\dbghelp.dll

VM Arguments:
jvm_args: -Djava.library.path=C:/Users/user/AppData/Local/Programs/Webots/lib/controller/java 
java_command: ForagingControllerKhepera
java_class_path (initial): C:/Users/user/AppData/Local/Programs/Webots/lib/controller/java\Controller.jar;C:/Users/user/DOCUME~1/GitHub/FORAGI~1/CONTRO~1/FORAGI~1/
Launcher Type: SUN_STANDARD

Environment Variables:
JAVA_HOME=C:\Program Files\Java\jdk1.8.0_101
JRE_HOME=C:\Program Files\Java\jre1.8.0_144
PATH=C:\Users\user\AppData\Local\Programs\Webots\projects\default\libraries\vehicle;C:\Users\user\AppData\Local\Programs\Webots\resources\projects\libraries\qt_utils;C:\Users\user\AppData\Local\Programs\Webots\msys64\mingw64\bin;Path=C:\Users\user\AppData\Local\Programs\Webots\msys64\mingw64\bin;C:\Users\user\AppData\Local\Programs\Webots\msys64\usr\bin;C:\ProgramData\Oracle\Java\javapath;C:\Program Files (x86)\Lenovo\FusionEngine;C:\WINDOWS\system32;C:\WINDOWS;C:\WINDOWS\System32\Wbem;C:\WINDOWS\System32\WindowsPowerShell\v1.0\;C:\Program Files (x86)\Common Files\lenovo\easyplussdk\bin;C:\Program Files\Microsoft SQL Server\Client SDK\ODBC\130\Tools\Binn\;C:\Program Files (x86)\Microsoft SQL Server\130\Tools\Binn\;C:\Program Files\Microsoft SQL Server\130\Tools\Binn\;C:\Program Files\Microsoft SQL Server\130\DTS\Binn\;C:\Program Files (x86)\Microsoft SQL Server\Client SDK\ODBC\130\Tools\Binn\;C:\Program Files (x86)\Microsoft SQL Server\140\Tools\Binn\;C:\Program Files (x86)\Microsoft SQL Server\140\DTS\Binn\;C:\Program Files (x86)\Microsoft SQL Server\140\Tools\Binn\ManagementStudio\;C:\Program Files\Java\jdk1.8.0_101\bin;C:\cygwin\bin;C:\MinGW;C:\WINDOWS\System32\OpenSSH\;C:\Program Files\Git\cmd;C:\Program Files\Gemalto\Classic Client\BIN;C:\Program Files (x86)\Gemalto\Classic Client\BIN;C:\Users\user\AppData\Local\Programs\Python\Python37-32\Scripts\;C:\Users\user\AppData\Local\Programs\Python\Python37-32\;C:\Users\user\AppData\Local\Programs\Python\Python36\Scripts\;C:\Users\user\AppData\Local\Programs\Python\Python36\;C:\Users\user\AppData\Local\Microsoft\WindowsApps;C:\Users\user\AppData\Local\GitHubDesktop\bin;C:\Program Files\Java\jre1.8.0_144\bin;C:\Users\user\AppData\Local\Microsoft\WindowsApps;C:\Users\user\AppData\Local\Programs\Microsoft VS Code\bin;;C:\Users\user\AppData\Local\Programs\Webots\lib\controller\
USERNAME=user
OS=Windows_NT
PROCESSOR_IDENTIFIER=Intel64 Family 6 Model 61 Stepping 4, GenuineIntel



---------------  S Y S T E M  ---------------

OS: Windows 10.0 , 64 bit Build 18362 (10.0.18362.329)

CPU:total 4 (initial active 4) (2 cores per cpu, 2 threads per core) family 6 model 61 stepping 4, cmov, cx8, fxsr, mmx, sse, sse2, sse3, ssse3, sse4.1, sse4.2, popcnt, avx, avx2, aes, clmul, erms, 3dnowpref, lzcnt, ht, tsc, tscinvbit, bmi1, bmi2, adx

Memory: 4k page, physical 8301580k(2923456k free), swap 13300112k(4946664k free)

vm_info: Java HotSpot(TM) 64-Bit Server VM (25.144-b01) for windows-amd64 JRE (1.8.0_144-b01), built on Jul 21 2017 21:57:33 by "java_re" with MS VC++ 10.0 (VS2010)

time: Sat Jul 04 17:19:18 2020
elapsed time: 59 seconds (0d 0h 0m 59s)

