#
# A fatal error has been detected by the Java Runtime Environment:
#
#  EXCEPTION_ACCESS_VIOLATION (0xc0000005) at pc=0x00007ffd31a9d320, pid=17488, tid=0x0000000000003c08
#
# JRE version: Java(TM) SE Runtime Environment (8.0_144-b01) (build 1.8.0_144-b01)
# Java VM: Java HotSpot(TM) 64-Bit Server VM (25.144-b01 mixed mode windows-amd64 compressed oops)
# Problematic frame:
# C  [msvcrt.dll+0x5d320]
#
# Failed to write core dump. Minidumps are not enabled by default on client versions of Windows
#
# If you would like to submit a bug report, please visit:
#   http://bugreport.java.com/bugreport/crash.jsp
# The crash happened outside the Java Virtual Machine in native code.
# See problematic frame for where to report the bug.
#

---------------  T H R E A D  ---------------

Current thread (0x0000000002c2d800):  JavaThread "main" [_thread_in_native, id=15368, stack(0x0000000002ac0000,0x0000000002bc0000)]

siginfo: ExceptionCode=0xc0000005, reading address 0x0000000000000000

Registers:
RAX=0x00000000198289e0, RBX=0x0000000019809fa0, RCX=0x0000000000000000, RDX=0x0000000002bb0320
RSP=0x0000000002bbf128, RBP=0x00000000198289e0, RSI=0x000000000000032b, RDI=0x0000000002bbf320
R8 =0x00000000198289e0, R9 =0x0000000002bbf320, R10=0x0000000000000040, R11=0x8101010101010100
R12=0x0000000000000000, R13=0x000000000000001c, R14=0x0000000002bbf3b8, R15=0x0000000002c2d800
RIP=0x00007ffd31a9d320, EFLAGS=0x0000000000010297

Top of Stack: (sp=0x0000000002bbf128)
0x0000000002bbf128:   000000006aa5e359 0000000019807740
0x0000000002bbf138:   000000000000001c 00007ffd323e2000
0x0000000002bbf148:   000000006aa57ea8 000000000000032b
0x0000000002bbf158:   0000000000000235 00007ffd323e2000
0x0000000002bbf168:   00007ffd323e1f80 0000000019807740
0x0000000002bbf178:   000000006aa5eb21 000000000000001c
0x0000000002bbf188:   0000000000001000 00000000d6beaa70
0x0000000002bbf198:   000000006aa5b228 0000000000000235
0x0000000002bbf1a8:   0000000000000000 000000006aa99560
0x0000000002bbf1b8:   000000006aaa4008 000000006aa99560
0x0000000002bbf1c8:   0000000019807740 0000000002bbf3b8
0x0000000002bbf1d8:   000000006aa5956b 000000006aa99560
0x0000000002bbf1e8:   0000000000000000 0000000000000000
0x0000000002bbf1f8:   00000000000003a8 0000000002c2d9f8
0x0000000002bbf208:   0000000019473330 000000001947333f
0x0000000002bbf218:   0000000002bbf2e0 0000000019807aa0 

Instructions: (pc=0x00007ffd31a9d320)
0x00007ffd31a9d300:   00 00 00 75 e6 90 49 bb 00 01 01 01 01 01 01 81
0x00007ffd31a9d310:   49 8d 14 09 66 81 e2 ff 0f 66 81 fa f8 0f 77 cb
0x00007ffd31a9d320:   48 8b 01 49 8b 14 09 48 3b c2 75 bf 49 ba ff fe
0x00007ffd31a9d330:   fe fe fe fe fe 7e 4c 03 d2 48 83 f0 ff 48 83 c1 


Register to memory mapping:

RAX=0x00000000198289e0 is an unknown value
RBX=0x0000000019809fa0 is an unknown value
RCX=0x0000000000000000 is an unknown value
RDX=0x0000000002bb0320 is pointing into the stack for thread: 0x0000000002c2d800
RSP=0x0000000002bbf128 is pointing into the stack for thread: 0x0000000002c2d800
RBP=0x00000000198289e0 is an unknown value
RSI=0x000000000000032b is an unknown value
RDI=0x0000000002bbf320 is pointing into the stack for thread: 0x0000000002c2d800
R8 =0x00000000198289e0 is an unknown value
R9 =0x0000000002bbf320 is pointing into the stack for thread: 0x0000000002c2d800
R10=0x0000000000000040 is an unknown value
R11=0x8101010101010100 is an unknown value
R12=0x0000000000000000 is an unknown value
R13=0x000000000000001c is an unknown value
R14=0x0000000002bbf3b8 is pointing into the stack for thread: 0x0000000002c2d800
R15=0x0000000002c2d800 is a thread


Stack: [0x0000000002ac0000,0x0000000002bc0000],  sp=0x0000000002bbf128,  free space=1020k
Native frames: (J=compiled Java code, j=interpreted, Vv=VM code, C=native code)
C  [msvcrt.dll+0x5d320]
C  [Controller.dll+0x1e359]
C  [Controller.dll+0x1eb21]
C  [Controller.dll+0x1956b]
C  [Controller.dll+0x1a5b9]
C  [Controller.dll+0x20107]
C  [CppController.dll+0x963e]
C  [JavaController.dll+0xa5c3]
C  0x0000000002eeedac

Java frames: (J=compiled Java code, j=interpreted, Vv=VM code)
J 320  com.cyberbotics.webots.controller.wrapperJNI.Supervisor_getFromDefPrivate(JLcom/cyberbotics/webots/controller/Supervisor;Ljava/lang/String;)J (0 bytes) @ 0x0000000002eeed2e [0x0000000002eeecc0+0x6e]
J 321 C1 MyRobot.pheromoneValue(II)I (141 bytes) @ 0x0000000002ef9a54 [0x0000000002ef7ae0+0x1f74]
j  FollowTrail.action()V+198
J 71% C1 lejos.robotics.subsumption.Arbitrator.start()V (108 bytes) @ 0x0000000002e64fec [0x0000000002e64ba0+0x44c]
j  ForagingControllerKhepera.main([Ljava/lang/String;)V+140
v  ~StubRoutines::call_stub

---------------  P R O C E S S  ---------------

Java Threads: ( => current thread )
  0x0000000019290000 JavaThread "Thread-0" daemon [_thread_in_native, id=17312, stack(0x00000000199f0000,0x0000000019af0000)]
  0x000000001928f000 JavaThread "pool-1-thread-1" [_thread_blocked, id=20184, stack(0x00000000198f0000,0x00000000199f0000)]
  0x00000000178fe800 JavaThread "Service Thread" daemon [_thread_blocked, id=16252, stack(0x00000000195f0000,0x00000000196f0000)]
  0x00000000178ad000 JavaThread "C1 CompilerThread2" daemon [_thread_blocked, id=3412, stack(0x00000000190f0000,0x00000000191f0000)]
  0x00000000178a9800 JavaThread "C2 CompilerThread1" daemon [_thread_blocked, id=2312, stack(0x0000000018ff0000,0x00000000190f0000)]
  0x00000000178a3000 JavaThread "C2 CompilerThread0" daemon [_thread_blocked, id=14236, stack(0x0000000018ef0000,0x0000000018ff0000)]
  0x000000001789f800 JavaThread "Attach Listener" daemon [_thread_blocked, id=14048, stack(0x0000000018df0000,0x0000000018ef0000)]
  0x000000001789c800 JavaThread "Signal Dispatcher" daemon [_thread_blocked, id=10424, stack(0x0000000018cf0000,0x0000000018df0000)]
  0x0000000002d2a800 JavaThread "Finalizer" daemon [_thread_blocked, id=17324, stack(0x0000000018af0000,0x0000000018bf0000)]
  0x0000000002d1f800 JavaThread "Reference Handler" daemon [_thread_blocked, id=18876, stack(0x00000000189f0000,0x0000000018af0000)]
=>0x0000000002c2d800 JavaThread "main" [_thread_in_native, id=15368, stack(0x0000000002ac0000,0x0000000002bc0000)]

Other Threads:
  0x0000000017868000 VMThread [stack: 0x00000000188f0000,0x00000000189f0000] [id=7212]
  0x000000001921f800 WatcherThread [stack: 0x00000000196f0000,0x00000000197f0000] [id=10084]

VM state:not at safepoint (normal execution)

VM Mutex/Monitor currently owned by a thread: None

Heap:
 PSYoungGen      total 38400K, used 17974K [0x00000000d5c00000, 0x00000000d8680000, 0x0000000100000000)
  eden space 33280K, 54% used [0x00000000d5c00000,0x00000000d6d8dad8,0x00000000d7c80000)
  from space 5120K, 0% used [0x00000000d8180000,0x00000000d8180000,0x00000000d8680000)
  to   space 5120K, 0% used [0x00000000d7c80000,0x00000000d7c80000,0x00000000d8180000)
 ParOldGen       total 87552K, used 0K [0x0000000081400000, 0x0000000086980000, 0x00000000d5c00000)
  object space 87552K, 0% used [0x0000000081400000,0x0000000081400000,0x0000000086980000)
 Metaspace       used 4123K, capacity 5004K, committed 5120K, reserved 1056768K
  class space    used 453K, capacity 500K, committed 512K, reserved 1048576K

Card table byte_map: [0x00000000120f0000,0x00000000124f0000] byte_map_base: 0x0000000011ce6000

Marking Bits: (ParMarkBitMap*) 0x000000006cb1d850
 Begin Bits: [0x0000000012ba0000, 0x0000000014b50000)
 End Bits:   [0x0000000014b50000, 0x0000000016b00000)

Polling page: 0x0000000000e10000

CodeCache: size=245760Kb used=2113Kb max_used=2128Kb free=243646Kb
 bounds [0x0000000002d30000, 0x0000000002fa0000, 0x0000000011d30000]
 total_blobs=680 nmethods=396 adapters=197
 compilation: enabled

Compilation events (10 events):
Event: 18.066 Thread 0x00000000178a9800 nmethod 392 0x0000000002f2d4d0 code [0x0000000002f2d620, 0x0000000002f2d938]
Event: 18.105 Thread 0x00000000178a3000 nmethod 391 0x0000000002f3ea50 code [0x0000000002f3ece0, 0x0000000002f407c8]
Event: 18.745 Thread 0x00000000178a9800  393   !   4       java.io.PrintStream::write (83 bytes)
Event: 18.761 Thread 0x00000000178a9800 nmethod 393 0x0000000002f2a0d0 code [0x0000000002f2a260, 0x0000000002f2b078]
Event: 19.678 Thread 0x00000000178a9800  395       4       java.text.DecimalFormatSymbols::getInstance (37 bytes)
Event: 19.678 Thread 0x00000000178a3000  394       4       java.util.Formatter::getZero (27 bytes)
Event: 19.688 Thread 0x00000000178a9800 nmethod 395 0x0000000002f3c250 code [0x0000000002f3c3e0, 0x0000000002f3c798]
Event: 19.689 Thread 0x00000000178a3000 nmethod 394 0x0000000002f3da50 code [0x0000000002f3dbe0, 0x0000000002f3e018]
Event: 20.880 Thread 0x00000000178a9800  396   !   4       java.io.PrintStream::newLine (73 bytes)
Event: 20.897 Thread 0x00000000178a9800 nmethod 396 0x0000000002f48150 code [0x0000000002f48300, 0x0000000002f49368]

GC Heap History (0 events):
No events

Deoptimization events (0 events):
No events

Internal exceptions (6 events):
Event: 0.047 Thread 0x0000000002c2d800 Exception <a 'java/lang/NoSuchMethodError': Method sun.misc.Unsafe.defineClass(Ljava/lang/String;[BII)Ljava/lang/Class; name or signature does not match> (0x00000000d5c07ca8) thrown at [C:\re\workspace\8-2-build-windows-amd64-cygwin\jdk8u144\9417\hotspot\
Event: 0.047 Thread 0x0000000002c2d800 Exception <a 'java/lang/NoSuchMethodError': Method sun.misc.Unsafe.prefetchRead(Ljava/lang/Object;J)V name or signature does not match> (0x00000000d5c07f90) thrown at [C:\re\workspace\8-2-build-windows-amd64-cygwin\jdk8u144\9417\hotspot\src\share\vm\prims
Event: 0.279 Thread 0x0000000019290000 Exception <a 'java/security/PrivilegedActionException'> (0x00000000d5eb7cf0) thrown at [C:\re\workspace\8-2-build-windows-amd64-cygwin\jdk8u144\9417\hotspot\src\share\vm\prims\jvm.cpp, line 1390]
Event: 0.279 Thread 0x0000000019290000 Exception <a 'java/security/PrivilegedActionException'> (0x00000000d5eb80e8) thrown at [C:\re\workspace\8-2-build-windows-amd64-cygwin\jdk8u144\9417\hotspot\src\share\vm\prims\jvm.cpp, line 1390]
Event: 0.280 Thread 0x0000000019290000 Exception <a 'java/security/PrivilegedActionException'> (0x00000000d5ebbf40) thrown at [C:\re\workspace\8-2-build-windows-amd64-cygwin\jdk8u144\9417\hotspot\src\share\vm\prims\jvm.cpp, line 1390]
Event: 0.280 Thread 0x0000000019290000 Exception <a 'java/security/PrivilegedActionException'> (0x00000000d5ebc338) thrown at [C:\re\workspace\8-2-build-windows-amd64-cygwin\jdk8u144\9417\hotspot\src\share\vm\prims\jvm.cpp, line 1390]

Events (10 events):
Event: 0.304 loading class java/util/Formatter$Flags
Event: 0.304 loading class java/util/Formatter$Flags done
Event: 0.304 loading class java/util/Formatter$Conversion
Event: 0.304 loading class java/util/Formatter$Conversion done
Event: 0.424 loading class java/lang/Math$RandomNumberGeneratorHolder
Event: 0.424 loading class java/lang/Math$RandomNumberGeneratorHolder done
Event: 0.425 loading class java/util/Random
Event: 0.425 loading class java/util/Random done
Event: 4.151 Executing VM operation: EnableBiasedLocking
Event: 4.151 Executing VM operation: EnableBiasedLocking done


Dynamic libraries:
0x00007ff758730000 - 0x00007ff758767000 	C:\ProgramData\Oracle\Java\javapath\javaw.exe
0x00007ffd32e60000 - 0x00007ffd33050000 	C:\WINDOWS\SYSTEM32\ntdll.dll
0x00007ffd323c0000 - 0x00007ffd32472000 	C:\WINDOWS\System32\KERNEL32.DLL
0x00007ffd30130000 - 0x00007ffd303d3000 	C:\WINDOWS\System32\KERNELBASE.dll
0x00007ffd30f10000 - 0x00007ffd30fb3000 	C:\WINDOWS\System32\ADVAPI32.dll
0x00007ffd31a40000 - 0x00007ffd31ade000 	C:\WINDOWS\System32\msvcrt.dll
0x00007ffd327d0000 - 0x00007ffd32867000 	C:\WINDOWS\System32\sechost.dll
0x00007ffd31480000 - 0x00007ffd315a0000 	C:\WINDOWS\System32\RPCRT4.dll
0x00007ffd31230000 - 0x00007ffd313c4000 	C:\WINDOWS\System32\USER32.dll
0x00007ffd2ffe0000 - 0x00007ffd30001000 	C:\WINDOWS\System32\win32u.dll
0x00007ffd31a10000 - 0x00007ffd31a36000 	C:\WINDOWS\System32\GDI32.dll
0x00007ffd2fdf0000 - 0x00007ffd2ff84000 	C:\WINDOWS\System32\gdi32full.dll
0x00007ffd30c40000 - 0x00007ffd30cde000 	C:\WINDOWS\System32\msvcp_win.dll
0x00007ffd30010000 - 0x00007ffd3010a000 	C:\WINDOWS\System32\ucrtbase.dll
0x00007ffd1f830000 - 0x00007ffd1fab5000 	C:\WINDOWS\WinSxS\amd64_microsoft.windows.common-controls_6595b64144ccf1df_6.0.18362.476_none_e6c4b11b130f2595\COMCTL32.dll
0x00007ffd315a0000 - 0x00007ffd318d6000 	C:\WINDOWS\System32\combase.dll
0x00007ffd30d40000 - 0x00007ffd30dc0000 	C:\WINDOWS\System32\bcryptPrimitives.dll
0x00007ffd313d0000 - 0x00007ffd313fe000 	C:\WINDOWS\System32\IMM32.DLL
0x000000006d4e0000 - 0x000000006d5b2000 	C:\Program Files\Java\jre1.8.0_144\bin\msvcr100.dll
0x000000006c300000 - 0x000000006cb9d000 	C:\Program Files\Java\jre1.8.0_144\bin\server\jvm.dll
0x00007ffd31070000 - 0x00007ffd31078000 	C:\WINDOWS\System32\PSAPI.DLL
0x00007ffd2c7f0000 - 0x00007ffd2c814000 	C:\WINDOWS\SYSTEM32\WINMM.dll
0x00007ffd28aa0000 - 0x00007ffd28aaa000 	C:\WINDOWS\SYSTEM32\VERSION.dll
0x00007ffd1c540000 - 0x00007ffd1c549000 	C:\WINDOWS\SYSTEM32\WSOCK32.dll
0x00007ffd31ae0000 - 0x00007ffd31b4f000 	C:\WINDOWS\System32\WS2_32.dll
0x00007ffd2c7c0000 - 0x00007ffd2c7ed000 	C:\WINDOWS\SYSTEM32\winmmbase.dll
0x00007ffd2ff90000 - 0x00007ffd2ffda000 	C:\WINDOWS\System32\cfgmgr32.dll
0x000000006f980000 - 0x000000006f98f000 	C:\Program Files\Java\jre1.8.0_144\bin\verify.dll
0x000000006f950000 - 0x000000006f979000 	C:\Program Files\Java\jre1.8.0_144\bin\java.dll
0x000000006f930000 - 0x000000006f946000 	C:\Program Files\Java\jre1.8.0_144\bin\zip.dll
0x00007ffd31b50000 - 0x00007ffd32235000 	C:\WINDOWS\System32\SHELL32.dll
0x00007ffd30fc0000 - 0x00007ffd31069000 	C:\WINDOWS\System32\shcore.dll
0x00007ffd304c0000 - 0x00007ffd30c3e000 	C:\WINDOWS\System32\windows.storage.dll
0x00007ffd2fd60000 - 0x00007ffd2fd7f000 	C:\WINDOWS\System32\profapi.dll
0x00007ffd2fd80000 - 0x00007ffd2fdca000 	C:\WINDOWS\System32\powrprof.dll
0x00007ffd2fd30000 - 0x00007ffd2fd40000 	C:\WINDOWS\System32\UMPDC.dll
0x00007ffd322a0000 - 0x00007ffd322f2000 	C:\WINDOWS\System32\shlwapi.dll
0x00007ffd2fd40000 - 0x00007ffd2fd51000 	C:\WINDOWS\System32\kernel.appcore.dll
0x00007ffd30110000 - 0x00007ffd30127000 	C:\WINDOWS\System32\cryptsp.dll
0x000000006e780000 - 0x000000006e7f1000 	C:\Users\user\AppData\Local\Programs\Webots\lib\controller\java\JavaController.dll
0x000000006fc40000 - 0x000000006fdf3000 	C:\Users\user\AppData\Local\Programs\Webots\msys64\mingw64\bin\libstdc++-6.dll
0x0000000061440000 - 0x000000006145c000 	C:\Users\user\AppData\Local\Programs\Webots\msys64\mingw64\bin\libgcc_s_seh-1.dll
0x0000000064940000 - 0x0000000064956000 	C:\Users\user\AppData\Local\Programs\Webots\msys64\mingw64\bin\libwinpthread-1.dll
0x0000000064f40000 - 0x0000000064fe5000 	C:\Users\user\AppData\Local\Programs\Webots\lib\controller\CppController.dll
0x000000006aa40000 - 0x000000006aabf000 	C:\Users\user\AppData\Local\Programs\Webots\lib\controller\Controller.dll
0x0000000063e00000 - 0x0000000063e0e000 	C:\Users\user\AppData\Local\Programs\Webots\RESOUR~1\projects\plugins\ROBOT_~1\generic\generic.dll
0x00007ffd26300000 - 0x00007ffd264f4000 	C:\WINDOWS\SYSTEM32\dbghelp.dll

VM Arguments:
jvm_args: -Djava.library.path=C:/Users/user/AppData/Local/Programs/Webots/lib/controller/java 
java_command: ForagingControllerKhepera
java_class_path (initial): C:/Users/user/AppData/Local/Programs/Webots/lib/controller/java\Controller.jar;C:/Users/user/DOCUME~1/GitHub/FORAGI~1/CONTRO~1/FORAGI~1/
Launcher Type: SUN_STANDARD

Environment Variables:
JAVA_HOME=C:\Program Files\Java\jdk1.8.0_101
JRE_HOME=C:\Program Files\Java\jre1.8.0_144
PATH=C:\Users\user\AppData\Local\Programs\Webots\projects\default\libraries\vehicle;C:\Users\user\AppData\Local\Programs\Webots\resources\projects\libraries\qt_utils;C:\Users\user\AppData\Local\Programs\Webots\msys64\mingw64\bin;Path=C:\Users\user\AppData\Local\Programs\Webots\msys64\mingw64\bin;C:\Users\user\AppData\Local\Programs\Webots\msys64\usr\bin;C:\ProgramData\Oracle\Java\javapath;C:\Program Files (x86)\Lenovo\FusionEngine;C:\WINDOWS\system32;C:\WINDOWS;C:\WINDOWS\System32\Wbem;C:\WINDOWS\System32\WindowsPowerShell\v1.0\;C:\Program Files (x86)\Common Files\lenovo\easyplussdk\bin;C:\Program Files\Microsoft SQL Server\Client SDK\ODBC\130\Tools\Binn\;C:\Program Files (x86)\Microsoft SQL Server\130\Tools\Binn\;C:\Program Files\Microsoft SQL Server\130\Tools\Binn\;C:\Program Files\Microsoft SQL Server\130\DTS\Binn\;C:\Program Files (x86)\Microsoft SQL Server\Client SDK\ODBC\130\Tools\Binn\;C:\Program Files (x86)\Microsoft SQL Server\140\Tools\Binn\;C:\Program Files (x86)\Microsoft SQL Server\140\DTS\Binn\;C:\Program Files (x86)\Microsoft SQL Server\140\Tools\Binn\ManagementStudio\;C:\Program Files\Java\jdk1.8.0_101\bin;C:\cygwin\bin;C:\MinGW;C:\WINDOWS\System32\OpenSSH\;C:\Program Files\Git\cmd;C:\Program Files\Gemalto\Classic Client\BIN;C:\Program Files (x86)\Gemalto\Classic Client\BIN;C:\Users\user\AppData\Local\Programs\Python\Python37-32\Scripts\;C:\Users\user\AppData\Local\Programs\Python\Python37-32\;C:\Users\user\AppData\Local\Programs\Python\Python36\Scripts\;C:\Users\user\AppData\Local\Programs\Python\Python36\;C:\Users\user\AppData\Local\Microsoft\WindowsApps;C:\Users\user\AppData\Local\GitHubDesktop\bin;C:\Program Files\Java\jre1.8.0_144\bin;C:\Users\user\AppData\Local\Microsoft\WindowsApps;C:\Users\user\AppData\Local\Programs\Microsoft VS Code\bin;;C:\Users\user\AppData\Local\Programs\Webots\lib\controller\
USERNAME=user
OS=Windows_NT
PROCESSOR_IDENTIFIER=Intel64 Family 6 Model 61 Stepping 4, GenuineIntel



---------------  S Y S T E M  ---------------

OS: Windows 10.0 , 64 bit Build 18362 (10.0.18362.329)

CPU:total 4 (initial active 4) (2 cores per cpu, 2 threads per core) family 6 model 61 stepping 4, cmov, cx8, fxsr, mmx, sse, sse2, sse3, ssse3, sse4.1, sse4.2, popcnt, avx, avx2, aes, clmul, erms, 3dnowpref, lzcnt, ht, tsc, tscinvbit, bmi1, bmi2, adx

Memory: 4k page, physical 8301580k(2867212k free), swap 13300112k(4478596k free)

vm_info: Java HotSpot(TM) 64-Bit Server VM (25.144-b01) for windows-amd64 JRE (1.8.0_144-b01), built on Jul 21 2017 21:57:33 by "java_re" with MS VC++ 10.0 (VS2010)

time: Sat Jul 04 17:46:52 2020
elapsed time: 21 seconds (0d 0h 0m 21s)

