#
# A fatal error has been detected by the Java Runtime Environment:
#
#  EXCEPTION_ACCESS_VIOLATION (0xc0000005) at pc=0x00007ffd31a9d323, pid=14348, tid=0x0000000000003650
#
# JRE version: Java(TM) SE Runtime Environment (8.0_144-b01) (build 1.8.0_144-b01)
# Java VM: Java HotSpot(TM) 64-Bit Server VM (25.144-b01 mixed mode windows-amd64 compressed oops)
# Problematic frame:
# C  [msvcrt.dll+0x5d323]
#
# Failed to write core dump. Minidumps are not enabled by default on client versions of Windows
#
# If you would like to submit a bug report, please visit:
#   http://bugreport.java.com/bugreport/crash.jsp
# The crash happened outside the Java Virtual Machine in native code.
# See problematic frame for where to report the bug.
#

---------------  T H R E A D  ---------------

Current thread (0x000000000173d800):  JavaThread "main" [_thread_in_native, id=13904, stack(0x0000000003080000,0x0000000003180000)]

siginfo: ExceptionCode=0xc0000005, reading address 0x0000000000000000

Registers:
RAX=0x00000065756c6176, RBX=0x000000000317f420, RCX=0x000000000317f420, RDX=0x0000000000000000
RSP=0x000000000317f368, RBP=0x000000000317f3e0, RSI=0x0000000000000330, RDI=0x000000000318f086
R8 =0x000000000317f2c8, R9 =0xfffffffffce80be0, R10=0x0000000000000000, R11=0x8101010101010100
R12=0x0000000019d543e0, R13=0x00000000d6f79cb0, R14=0x000000000317f4b8, R15=0x000000000173d800
RIP=0x00007ffd31a9d323, EFLAGS=0x0000000000010293

Top of Stack: (sp=0x000000000317f368)
0x000000000317f368:   000000006aa60ac9 000000000317f420
0x000000000317f378:   000000000318f080 0000000000000000
0x000000000317f388:   00000000000003b8 000000000173d9f8
0x000000000317f398:   000000000318f080 000000000317f498
0x000000000317f3a8:   0000000064f44de3 000000000318f080
0x000000000317f3b8:   000000006c4412b1 0000000000000000
0x000000000317f3c8:   0000000000000005 000000000173d9f8
0x000000000317f3d8:   000000000318f080 0000000019d57380
0x000000000317f3e8:   000000006e78a00c 0000000019d57380
0x000000000317f3f8:   000000000317f410 000000000317f498
0x000000000317f408:   000000000173d9f8 000000000317f420
0x000000000317f418:   0000000000000005 00000065756c6176
0x000000000317f428:   00000000d6f79cd0 00000000000005a4
0x000000000317f438:   00000000000002f2 00000000000002ef
0x000000000317f448:   000000000317f4d0 0000000000000000
0x000000000317f458:   00000000034845ac 00000000d6f79ca0 

Instructions: (pc=0x00007ffd31a9d323)
0x00007ffd31a9d303:   75 e6 90 49 bb 00 01 01 01 01 01 01 81 49 8d 14
0x00007ffd31a9d313:   09 66 81 e2 ff 0f 66 81 fa f8 0f 77 cb 48 8b 01
0x00007ffd31a9d323:   49 8b 14 09 48 3b c2 75 bf 49 ba ff fe fe fe fe
0x00007ffd31a9d333:   fe fe 7e 4c 03 d2 48 83 f0 ff 48 83 c1 08 49 33 


Register to memory mapping:

RAX=0x00000065756c6176 is an unknown value
RBX=0x000000000317f420 is pointing into the stack for thread: 0x000000000173d800
RCX=0x000000000317f420 is pointing into the stack for thread: 0x000000000173d800
RDX=0x0000000000000000 is an unknown value
RSP=0x000000000317f368 is pointing into the stack for thread: 0x000000000173d800
RBP=0x000000000317f3e0 is pointing into the stack for thread: 0x000000000173d800
RSI=0x0000000000000330 is an unknown value
RDI=0x000000000318f086 is an unknown value
R8 =0x000000000317f2c8 is pointing into the stack for thread: 0x000000000173d800
R9 =0xfffffffffce80be0 is an unknown value
R10=0x0000000000000000 is an unknown value
R11=0x8101010101010100 is an unknown value
R12=0x0000000019d543e0 is an unknown value
R13=0x00000000d6f79cb0 is an oop

[error occurred during error reporting (printing register info), id 0xc0000005]

Stack: [0x0000000003080000,0x0000000003180000],  sp=0x000000000317f368,  free space=1020k
Native frames: (J=compiled Java code, j=interpreted, Vv=VM code, C=native code)
C  [msvcrt.dll+0x5d323]
C  [Controller.dll+0x20ac9]
C  [CppController.dll+0x4de3]
C  [JavaController.dll+0xa00c]
C  0x00000000034845ac

Java frames: (J=compiled Java code, j=interpreted, Vv=VM code)
J 391  com.cyberbotics.webots.controller.wrapperJNI.Node_getFieldPrivate(JLcom/cyberbotics/webots/controller/Node;Ljava/lang/String;)J (0 bytes) @ 0x000000000348452e [0x00000000034844c0+0x6e]
J 299 C1 MyRobot.pheromoneValue(II)I (141 bytes) @ 0x0000000003446534 [0x00000000034442a0+0x2294]
j  FollowTrail.action()V+198
j  lejos.robotics.subsumption.Arbitrator.start()V+92
j  ForagingControllerKhepera.main([Ljava/lang/String;)V+140
v  ~StubRoutines::call_stub

---------------  P R O C E S S  ---------------

Java Threads: ( => current thread )
  0x0000000019869800 JavaThread "Thread-0" daemon [_thread_in_native, id=7852, stack(0x0000000019f40000,0x000000001a040000)]
  0x00000000197fb800 JavaThread "pool-1-thread-1" [_thread_blocked, id=10908, stack(0x0000000019e40000,0x0000000019f40000)]
  0x0000000017e4d800 JavaThread "Service Thread" daemon [_thread_blocked, id=11556, stack(0x0000000019b40000,0x0000000019c40000)]
  0x0000000017dfa800 JavaThread "C1 CompilerThread2" daemon [_thread_blocked, id=15284, stack(0x0000000019640000,0x0000000019740000)]
  0x0000000017df7000 JavaThread "C2 CompilerThread1" daemon [_thread_blocked, id=3968, stack(0x0000000019540000,0x0000000019640000)]
  0x0000000017df0800 JavaThread "C2 CompilerThread0" daemon [_thread_blocked, id=15916, stack(0x0000000019440000,0x0000000019540000)]
  0x0000000017dec800 JavaThread "Attach Listener" daemon [_thread_blocked, id=14344, stack(0x0000000019340000,0x0000000019440000)]
  0x0000000017deb800 JavaThread "Signal Dispatcher" daemon [_thread_blocked, id=12196, stack(0x0000000019240000,0x0000000019340000)]
  0x0000000017dda800 JavaThread "Finalizer" daemon [_thread_blocked, id=15164, stack(0x0000000019040000,0x0000000019140000)]
  0x0000000017db9000 JavaThread "Reference Handler" daemon [_thread_blocked, id=14644, stack(0x0000000018f40000,0x0000000019040000)]
=>0x000000000173d800 JavaThread "main" [_thread_in_native, id=13904, stack(0x0000000003080000,0x0000000003180000)]

Other Threads:
  0x0000000017db7800 VMThread [stack: 0x0000000018e40000,0x0000000018f40000] [id=20376]
  0x0000000019770000 WatcherThread [stack: 0x0000000019c40000,0x0000000019d40000] [id=14000]

VM state:not at safepoint (normal execution)

VM Mutex/Monitor currently owned by a thread: None

Heap:
 PSYoungGen      total 38400K, used 22632K [0x00000000d5c00000, 0x00000000d8680000, 0x0000000100000000)
  eden space 33280K, 68% used [0x00000000d5c00000,0x00000000d721a130,0x00000000d7c80000)
  from space 5120K, 0% used [0x00000000d8180000,0x00000000d8180000,0x00000000d8680000)
  to   space 5120K, 0% used [0x00000000d7c80000,0x00000000d7c80000,0x00000000d8180000)
 ParOldGen       total 87552K, used 0K [0x0000000081400000, 0x0000000086980000, 0x00000000d5c00000)
  object space 87552K, 0% used [0x0000000081400000,0x0000000081400000,0x0000000086980000)
 Metaspace       used 4175K, capacity 5004K, committed 5120K, reserved 1056768K
  class space    used 458K, capacity 500K, committed 512K, reserved 1048576K

Card table byte_map: [0x0000000012640000,0x0000000012a40000] byte_map_base: 0x0000000012236000

Marking Bits: (ParMarkBitMap*) 0x000000006cb1d850
 Begin Bits: [0x00000000130f0000, 0x00000000150a0000)
 End Bits:   [0x00000000150a0000, 0x0000000017050000)

Polling page: 0x00000000017a0000

CodeCache: size=245760Kb used=2141Kb max_used=2162Kb free=243618Kb
 bounds [0x0000000003280000, 0x00000000034f0000, 0x0000000012280000]
 total_blobs=689 nmethods=398 adapters=204
 compilation: enabled

Compilation events (10 events):
Event: 35.109 Thread 0x0000000017df0800  394   !   4       sun.util.locale.provider.JRELocaleProviderAdapter::getDecimalFormatSymbolsProvider (56 bytes)
Event: 35.109 Thread 0x0000000017df0800 nmethod 394 0x000000000347a210 code [0x000000000347a340, 0x000000000347a3b8]
Event: 35.140 Thread 0x0000000017df7000  395   !   4       java.util.Locale::getDefault (132 bytes)
Event: 35.144 Thread 0x0000000017df7000 nmethod 395 0x0000000003482a90 code [0x0000000003482c00, 0x0000000003483028]
Event: 35.570 Thread 0x0000000017df0800  396       4       sun.util.locale.provider.DecimalFormatSymbolsProviderImpl::getInstance (21 bytes)
Event: 35.661 Thread 0x0000000017df0800 nmethod 396 0x0000000003499f50 code [0x000000000349a1e0, 0x000000000349bcc8]
Event: 38.263 Thread 0x0000000017df7000  398       4       java.text.DecimalFormatSymbols::getInstance (37 bytes)
Event: 38.263 Thread 0x0000000017df0800  397       4       java.util.Formatter::getZero (27 bytes)
Event: 38.270 Thread 0x0000000017df0800 nmethod 397 0x000000000348ca50 code [0x000000000348cbe0, 0x000000000348d018]
Event: 38.270 Thread 0x0000000017df7000 nmethod 398 0x0000000003487ad0 code [0x0000000003487c60, 0x0000000003488018]

GC Heap History (0 events):
No events

Deoptimization events (1 events):
Event: 0.748 Thread 0x000000000173d800 Uncommon trap: reason=unstable_if action=reinterpret pc=0x00000000033ade04 method=lejos.robotics.subsumption.Arbitrator.start()V @ 12

Internal exceptions (6 events):
Event: 0.058 Thread 0x000000000173d800 Exception <a 'java/lang/NoSuchMethodError': Method sun.misc.Unsafe.defineClass(Ljava/lang/String;[BII)Ljava/lang/Class; name or signature does not match> (0x00000000d5c07ca8) thrown at [C:\re\workspace\8-2-build-windows-amd64-cygwin\jdk8u144\9417\hotspot\
Event: 0.058 Thread 0x000000000173d800 Exception <a 'java/lang/NoSuchMethodError': Method sun.misc.Unsafe.prefetchRead(Ljava/lang/Object;J)V name or signature does not match> (0x00000000d5c07f90) thrown at [C:\re\workspace\8-2-build-windows-amd64-cygwin\jdk8u144\9417\hotspot\src\share\vm\prims
Event: 0.719 Thread 0x0000000019869800 Exception <a 'java/security/PrivilegedActionException'> (0x00000000d5eb74f0) thrown at [C:\re\workspace\8-2-build-windows-amd64-cygwin\jdk8u144\9417\hotspot\src\share\vm\prims\jvm.cpp, line 1390]
Event: 0.719 Thread 0x0000000019869800 Exception <a 'java/security/PrivilegedActionException'> (0x00000000d5eb78e8) thrown at [C:\re\workspace\8-2-build-windows-amd64-cygwin\jdk8u144\9417\hotspot\src\share\vm\prims\jvm.cpp, line 1390]
Event: 0.720 Thread 0x0000000019869800 Exception <a 'java/security/PrivilegedActionException'> (0x00000000d5ebb740) thrown at [C:\re\workspace\8-2-build-windows-amd64-cygwin\jdk8u144\9417\hotspot\src\share\vm\prims\jvm.cpp, line 1390]
Event: 0.721 Thread 0x0000000019869800 Exception <a 'java/security/PrivilegedActionException'> (0x00000000d5ebbb38) thrown at [C:\re\workspace\8-2-build-windows-amd64-cygwin\jdk8u144\9417\hotspot\src\share\vm\prims\jvm.cpp, line 1390]

Events (10 events):
Event: 13.705 loading class sun/misc/FloatingDecimal$PreparedASCIIToBinaryBuffer
Event: 13.705 loading class sun/misc/FloatingDecimal$ASCIIToBinaryConverter
Event: 13.705 loading class sun/misc/FloatingDecimal$ASCIIToBinaryConverter done
Event: 13.705 loading class sun/misc/FloatingDecimal$PreparedASCIIToBinaryBuffer done
Event: 13.705 loading class sun/misc/FDBigInteger
Event: 13.706 loading class sun/misc/FDBigInteger done
Event: 26.611 loading class java/lang/Math$RandomNumberGeneratorHolder
Event: 26.611 loading class java/lang/Math$RandomNumberGeneratorHolder done
Event: 26.611 loading class java/util/Random
Event: 26.611 loading class java/util/Random done


Dynamic libraries:
0x00007ff758730000 - 0x00007ff758767000 	C:\ProgramData\Oracle\Java\javapath\javaw.exe
0x00007ffd32e60000 - 0x00007ffd33050000 	C:\WINDOWS\SYSTEM32\ntdll.dll
0x00007ffd323c0000 - 0x00007ffd32472000 	C:\WINDOWS\System32\KERNEL32.DLL
0x00007ffd30130000 - 0x00007ffd303d3000 	C:\WINDOWS\System32\KERNELBASE.dll
0x00007ffd30f10000 - 0x00007ffd30fb3000 	C:\WINDOWS\System32\ADVAPI32.dll
0x00007ffd31a40000 - 0x00007ffd31ade000 	C:\WINDOWS\System32\msvcrt.dll
0x00007ffd327d0000 - 0x00007ffd32867000 	C:\WINDOWS\System32\sechost.dll
0x00007ffd31480000 - 0x00007ffd315a0000 	C:\WINDOWS\System32\RPCRT4.dll
0x00007ffd31230000 - 0x00007ffd313c4000 	C:\WINDOWS\System32\USER32.dll
0x00007ffd2ffe0000 - 0x00007ffd30001000 	C:\WINDOWS\System32\win32u.dll
0x00007ffd31a10000 - 0x00007ffd31a36000 	C:\WINDOWS\System32\GDI32.dll
0x00007ffd2fdf0000 - 0x00007ffd2ff84000 	C:\WINDOWS\System32\gdi32full.dll
0x00007ffd30c40000 - 0x00007ffd30cde000 	C:\WINDOWS\System32\msvcp_win.dll
0x00007ffd30010000 - 0x00007ffd3010a000 	C:\WINDOWS\System32\ucrtbase.dll
0x00007ffd1f830000 - 0x00007ffd1fab5000 	C:\WINDOWS\WinSxS\amd64_microsoft.windows.common-controls_6595b64144ccf1df_6.0.18362.476_none_e6c4b11b130f2595\COMCTL32.dll
0x00007ffd315a0000 - 0x00007ffd318d6000 	C:\WINDOWS\System32\combase.dll
0x00007ffd30d40000 - 0x00007ffd30dc0000 	C:\WINDOWS\System32\bcryptPrimitives.dll
0x00007ffd313d0000 - 0x00007ffd313fe000 	C:\WINDOWS\System32\IMM32.DLL
0x000000006d4e0000 - 0x000000006d5b2000 	C:\Program Files\Java\jre1.8.0_144\bin\msvcr100.dll
0x000000006c300000 - 0x000000006cb9d000 	C:\Program Files\Java\jre1.8.0_144\bin\server\jvm.dll
0x00007ffd31070000 - 0x00007ffd31078000 	C:\WINDOWS\System32\PSAPI.DLL
0x00007ffd28aa0000 - 0x00007ffd28aaa000 	C:\WINDOWS\SYSTEM32\VERSION.dll
0x00007ffd2c7f0000 - 0x00007ffd2c814000 	C:\WINDOWS\SYSTEM32\WINMM.dll
0x00007ffd1c540000 - 0x00007ffd1c549000 	C:\WINDOWS\SYSTEM32\WSOCK32.dll
0x00007ffd2c7c0000 - 0x00007ffd2c7ed000 	C:\WINDOWS\SYSTEM32\WINMMBASE.dll
0x00007ffd31ae0000 - 0x00007ffd31b4f000 	C:\WINDOWS\System32\WS2_32.dll
0x00007ffd2ff90000 - 0x00007ffd2ffda000 	C:\WINDOWS\System32\cfgmgr32.dll
0x000000006f950000 - 0x000000006f95f000 	C:\Program Files\Java\jre1.8.0_144\bin\verify.dll
0x000000006f920000 - 0x000000006f949000 	C:\Program Files\Java\jre1.8.0_144\bin\java.dll
0x000000006f900000 - 0x000000006f916000 	C:\Program Files\Java\jre1.8.0_144\bin\zip.dll
0x00007ffd31b50000 - 0x00007ffd32235000 	C:\WINDOWS\System32\SHELL32.dll
0x00007ffd30fc0000 - 0x00007ffd31069000 	C:\WINDOWS\System32\shcore.dll
0x00007ffd304c0000 - 0x00007ffd30c3e000 	C:\WINDOWS\System32\windows.storage.dll
0x00007ffd2fd60000 - 0x00007ffd2fd7f000 	C:\WINDOWS\System32\profapi.dll
0x00007ffd2fd80000 - 0x00007ffd2fdca000 	C:\WINDOWS\System32\powrprof.dll
0x00007ffd2fd30000 - 0x00007ffd2fd40000 	C:\WINDOWS\System32\UMPDC.dll
0x00007ffd322a0000 - 0x00007ffd322f2000 	C:\WINDOWS\System32\shlwapi.dll
0x00007ffd2fd40000 - 0x00007ffd2fd51000 	C:\WINDOWS\System32\kernel.appcore.dll
0x00007ffd30110000 - 0x00007ffd30127000 	C:\WINDOWS\System32\cryptsp.dll
0x000000006e780000 - 0x000000006e7f1000 	C:\Users\user\AppData\Local\Programs\Webots\lib\controller\java\JavaController.dll
0x0000000061440000 - 0x000000006145c000 	C:\Users\user\AppData\Local\Programs\Webots\msys64\mingw64\bin\libgcc_s_seh-1.dll
0x000000006fc40000 - 0x000000006fdf3000 	C:\Users\user\AppData\Local\Programs\Webots\msys64\mingw64\bin\libstdc++-6.dll
0x0000000064940000 - 0x0000000064956000 	C:\Users\user\AppData\Local\Programs\Webots\msys64\mingw64\bin\libwinpthread-1.dll
0x0000000064f40000 - 0x0000000064fe5000 	C:\Users\user\AppData\Local\Programs\Webots\lib\controller\CppController.dll
0x000000006aa40000 - 0x000000006aabf000 	C:\Users\user\AppData\Local\Programs\Webots\lib\controller\Controller.dll
0x0000000063e00000 - 0x0000000063e0e000 	C:\Users\user\AppData\Local\Programs\Webots\RESOUR~1\projects\plugins\ROBOT_~1\generic\generic.dll
0x00007ffd26300000 - 0x00007ffd264f4000 	C:\WINDOWS\SYSTEM32\dbghelp.dll

VM Arguments:
jvm_args: -Djava.library.path=C:/Users/user/AppData/Local/Programs/Webots/lib/controller/java 
java_command: ForagingControllerKhepera
java_class_path (initial): C:/Users/user/AppData/Local/Programs/Webots/lib/controller/java\Controller.jar;C:/Users/user/DOCUME~1/GitHub/FORAGI~1/CONTRO~1/FORAGI~1/
Launcher Type: SUN_STANDARD

Environment Variables:
JAVA_HOME=C:\Program Files\Java\jdk1.8.0_101
JRE_HOME=C:\Program Files\Java\jre1.8.0_144
PATH=C:\Users\user\AppData\Local\Programs\Webots\projects\default\libraries\vehicle;C:\Users\user\AppData\Local\Programs\Webots\resources\projects\libraries\qt_utils;C:\Users\user\AppData\Local\Programs\Webots\msys64\mingw64\bin;Path=C:\Users\user\AppData\Local\Programs\Webots\msys64\mingw64\bin;C:\Users\user\AppData\Local\Programs\Webots\msys64\usr\bin;C:\ProgramData\Oracle\Java\javapath;C:\Program Files (x86)\Lenovo\FusionEngine;C:\WINDOWS\system32;C:\WINDOWS;C:\WINDOWS\System32\Wbem;C:\WINDOWS\System32\WindowsPowerShell\v1.0\;C:\Program Files (x86)\Common Files\lenovo\easyplussdk\bin;C:\Program Files\Microsoft SQL Server\Client SDK\ODBC\130\Tools\Binn\;C:\Program Files (x86)\Microsoft SQL Server\130\Tools\Binn\;C:\Program Files\Microsoft SQL Server\130\Tools\Binn\;C:\Program Files\Microsoft SQL Server\130\DTS\Binn\;C:\Program Files (x86)\Microsoft SQL Server\Client SDK\ODBC\130\Tools\Binn\;C:\Program Files (x86)\Microsoft SQL Server\140\Tools\Binn\;C:\Program Files (x86)\Microsoft SQL Server\140\DTS\Binn\;C:\Program Files (x86)\Microsoft SQL Server\140\Tools\Binn\ManagementStudio\;C:\Program Files\Java\jdk1.8.0_101\bin;C:\cygwin\bin;C:\MinGW;C:\WINDOWS\System32\OpenSSH\;C:\Program Files\Git\cmd;C:\Program Files\Gemalto\Classic Client\BIN;C:\Program Files (x86)\Gemalto\Classic Client\BIN;C:\Users\user\AppData\Local\Programs\Python\Python37-32\Scripts\;C:\Users\user\AppData\Local\Programs\Python\Python37-32\;C:\Users\user\AppData\Local\Programs\Python\Python36\Scripts\;C:\Users\user\AppData\Local\Programs\Python\Python36\;C:\Users\user\AppData\Local\Microsoft\WindowsApps;C:\Users\user\AppData\Local\GitHubDesktop\bin;C:\Program Files\Java\jre1.8.0_144\bin;C:\Users\user\AppData\Local\Microsoft\WindowsApps;C:\Users\user\AppData\Local\Programs\Microsoft VS Code\bin;C:\Users\user\AppData\Local\Programs\Webots\lib\controller\
USERNAME=user
OS=Windows_NT
PROCESSOR_IDENTIFIER=Intel64 Family 6 Model 61 Stepping 4, GenuineIntel



---------------  S Y S T E M  ---------------

OS: Windows 10.0 , 64 bit Build 18362 (10.0.18362.329)

CPU:total 4 (initial active 4) (2 cores per cpu, 2 threads per core) family 6 model 61 stepping 4, cmov, cx8, fxsr, mmx, sse, sse2, sse3, ssse3, sse4.1, sse4.2, popcnt, avx, avx2, aes, clmul, erms, 3dnowpref, lzcnt, ht, tsc, tscinvbit, bmi1, bmi2, adx

Memory: 4k page, physical 8301580k(2767336k free), swap 13300112k(4281156k free)

vm_info: Java HotSpot(TM) 64-Bit Server VM (25.144-b01) for windows-amd64 JRE (1.8.0_144-b01), built on Jul 21 2017 21:57:33 by "java_re" with MS VC++ 10.0 (VS2010)

time: Sat Jul 04 18:28:16 2020
elapsed time: 51 seconds (0d 0h 0m 51s)

